[2022-09-03T10:26:10.655+0000] {taskinstance.py:1171} INFO - Dependencies all met for <TaskInstance: weather_data.check_weather manual__2022-09-03T10:26:08.188214+00:00 [queued]>
[2022-09-03T10:26:10.661+0000] {taskinstance.py:1171} INFO - Dependencies all met for <TaskInstance: weather_data.check_weather manual__2022-09-03T10:26:08.188214+00:00 [queued]>
[2022-09-03T10:26:10.662+0000] {taskinstance.py:1368} INFO - 
--------------------------------------------------------------------------------
[2022-09-03T10:26:10.663+0000] {taskinstance.py:1369} INFO - Starting attempt 1 of 1
[2022-09-03T10:26:10.664+0000] {taskinstance.py:1370} INFO - 
--------------------------------------------------------------------------------
[2022-09-03T10:26:10.672+0000] {taskinstance.py:1389} INFO - Executing <Task(PythonOperator): check_weather> on 2022-09-03 10:26:08.188214+00:00
[2022-09-03T10:26:10.676+0000] {standard_task_runner.py:52} INFO - Started process 6889 to run task
[2022-09-03T10:26:10.678+0000] {standard_task_runner.py:79} INFO - Running: ['***', 'tasks', 'run', 'weather_data', 'check_weather', 'manual__2022-09-03T10:26:08.188214+00:00', '--job-id', '116', '--raw', '--subdir', 'DAGS_FOLDER/first_dag.py', '--cfg-path', '/tmp/tmpaygtssje', '--error-file', '/tmp/tmp090grd0t']
[2022-09-03T10:26:10.679+0000] {standard_task_runner.py:80} INFO - Job 116: Subtask check_weather
[2022-09-03T10:26:10.720+0000] {task_command.py:371} INFO - Running <TaskInstance: weather_data.check_weather manual__2022-09-03T10:26:08.188214+00:00 [running]> on host 3d56073112d8
[2022-09-03T10:26:10.796+0000] {taskinstance.py:1583} INFO - Exporting the following env vars:
AIRFLOW_CTX_DAG_OWNER=***
AIRFLOW_CTX_DAG_ID=weather_data
AIRFLOW_CTX_TASK_ID=check_weather
AIRFLOW_CTX_EXECUTION_DATE=2022-09-03T10:26:08.188214+00:00
AIRFLOW_CTX_TRY_NUMBER=1
AIRFLOW_CTX_DAG_RUN_ID=manual__2022-09-03T10:26:08.188214+00:00
[2022-09-03T10:26:10.866+0000] {python.py:173} INFO - Done. Returned value was: None
[2022-09-03T10:26:10.874+0000] {taskinstance.py:1412} INFO - Marking task as SUCCESS. dag_id=weather_data, task_id=check_weather, execution_date=20220903T102608, start_date=20220903T102610, end_date=20220903T102610
[2022-09-03T10:26:10.891+0000] {local_task_job.py:156} INFO - Task exited with return code 0
[2022-09-03T10:26:10.911+0000] {local_task_job.py:279} INFO - 0 downstream tasks scheduled from follow-on schedule check
