[2022-09-03T10:00:01.238+0000] {taskinstance.py:1171} INFO - Dependencies all met for <TaskInstance: weather_data.greeting scheduled__2022-09-03T09:00:00+00:00 [queued]>
[2022-09-03T10:00:01.247+0000] {taskinstance.py:1171} INFO - Dependencies all met for <TaskInstance: weather_data.greeting scheduled__2022-09-03T09:00:00+00:00 [queued]>
[2022-09-03T10:00:01.248+0000] {taskinstance.py:1368} INFO - 
--------------------------------------------------------------------------------
[2022-09-03T10:00:01.249+0000] {taskinstance.py:1369} INFO - Starting attempt 1 of 1
[2022-09-03T10:00:01.250+0000] {taskinstance.py:1370} INFO - 
--------------------------------------------------------------------------------
[2022-09-03T10:00:01.258+0000] {taskinstance.py:1389} INFO - Executing <Task(BashOperator): greeting> on 2022-09-03 09:00:00+00:00
[2022-09-03T10:00:01.263+0000] {standard_task_runner.py:52} INFO - Started process 5529 to run task
[2022-09-03T10:00:01.266+0000] {standard_task_runner.py:79} INFO - Running: ['***', 'tasks', 'run', 'weather_data', 'greeting', 'scheduled__2022-09-03T09:00:00+00:00', '--job-id', '99', '--raw', '--subdir', 'DAGS_FOLDER/first_dag.py', '--cfg-path', '/tmp/tmphobznm9c', '--error-file', '/tmp/tmp8tsnjl5o']
[2022-09-03T10:00:01.267+0000] {standard_task_runner.py:80} INFO - Job 99: Subtask greeting
[2022-09-03T10:00:01.317+0000] {task_command.py:371} INFO - Running <TaskInstance: weather_data.greeting scheduled__2022-09-03T09:00:00+00:00 [running]> on host 3d56073112d8
[2022-09-03T10:00:01.368+0000] {taskinstance.py:1583} INFO - Exporting the following env vars:
AIRFLOW_CTX_DAG_OWNER=***
AIRFLOW_CTX_DAG_ID=weather_data
AIRFLOW_CTX_TASK_ID=greeting
AIRFLOW_CTX_EXECUTION_DATE=2022-09-03T09:00:00+00:00
AIRFLOW_CTX_TRY_NUMBER=1
AIRFLOW_CTX_DAG_RUN_ID=scheduled__2022-09-03T09:00:00+00:00
[2022-09-03T10:00:01.370+0000] {subprocess.py:62} INFO - Tmp dir root location: 
 /tmp
[2022-09-03T10:00:01.371+0000] {subprocess.py:74} INFO - Running command: ['/bin/bash', '-c', 'echo Hello']
[2022-09-03T10:00:01.382+0000] {subprocess.py:85} INFO - Output:
[2022-09-03T10:00:01.384+0000] {subprocess.py:92} INFO - Hello
[2022-09-03T10:00:01.385+0000] {subprocess.py:96} INFO - Command exited with return code 0
[2022-09-03T10:00:01.406+0000] {taskinstance.py:1412} INFO - Marking task as SUCCESS. dag_id=weather_data, task_id=greeting, execution_date=20220903T090000, start_date=20220903T100001, end_date=20220903T100001
[2022-09-03T10:00:01.441+0000] {local_task_job.py:156} INFO - Task exited with return code 0
[2022-09-03T10:00:01.471+0000] {local_task_job.py:279} INFO - 1 downstream tasks scheduled from follow-on schedule check
