[2022-09-03T13:00:15.778+0000] {taskinstance.py:1171} INFO - Dependencies all met for <TaskInstance: weather_data.check_weather_krd scheduled__2022-09-03T12:00:00+00:00 [queued]>
[2022-09-03T13:00:15.785+0000] {taskinstance.py:1171} INFO - Dependencies all met for <TaskInstance: weather_data.check_weather_krd scheduled__2022-09-03T12:00:00+00:00 [queued]>
[2022-09-03T13:00:15.786+0000] {taskinstance.py:1368} INFO - 
--------------------------------------------------------------------------------
[2022-09-03T13:00:15.788+0000] {taskinstance.py:1369} INFO - Starting attempt 1 of 1
[2022-09-03T13:00:15.789+0000] {taskinstance.py:1370} INFO - 
--------------------------------------------------------------------------------
[2022-09-03T13:00:15.798+0000] {taskinstance.py:1389} INFO - Executing <Task(PythonOperator): check_weather_krd> on 2022-09-03 12:00:00+00:00
[2022-09-03T13:00:15.804+0000] {standard_task_runner.py:52} INFO - Started process 95 to run task
[2022-09-03T13:00:15.807+0000] {standard_task_runner.py:79} INFO - Running: ['***', 'tasks', 'run', 'weather_data', 'check_weather_krd', 'scheduled__2022-09-03T12:00:00+00:00', '--job-id', '265', '--raw', '--subdir', 'DAGS_FOLDER/first_dag.py', '--cfg-path', '/tmp/tmpryrplb9h', '--error-file', '/tmp/tmpynj0gank']
[2022-09-03T13:00:15.809+0000] {standard_task_runner.py:80} INFO - Job 265: Subtask check_weather_krd
[2022-09-03T13:00:15.897+0000] {task_command.py:371} INFO - Running <TaskInstance: weather_data.check_weather_krd scheduled__2022-09-03T12:00:00+00:00 [running]> on host f432245fdbd9
[2022-09-03T13:00:15.959+0000] {taskinstance.py:1583} INFO - Exporting the following env vars:
AIRFLOW_CTX_DAG_OWNER=***
AIRFLOW_CTX_DAG_ID=weather_data
AIRFLOW_CTX_TASK_ID=check_weather_krd
AIRFLOW_CTX_EXECUTION_DATE=2022-09-03T12:00:00+00:00
AIRFLOW_CTX_TRY_NUMBER=1
AIRFLOW_CTX_DAG_RUN_ID=scheduled__2022-09-03T12:00:00+00:00
[2022-09-03T13:00:16.056+0000] {python.py:173} INFO - Done. Returned value was: None
[2022-09-03T13:00:16.065+0000] {taskinstance.py:1412} INFO - Marking task as SUCCESS. dag_id=weather_data, task_id=check_weather_krd, execution_date=20220903T120000, start_date=20220903T130015, end_date=20220903T130016
[2022-09-03T13:00:16.115+0000] {local_task_job.py:156} INFO - Task exited with return code 0
[2022-09-03T13:00:16.161+0000] {local_task_job.py:279} INFO - 1 downstream tasks scheduled from follow-on schedule check
