[2022-09-03T09:52:33.810+0000] {taskinstance.py:1171} INFO - Dependencies all met for <TaskInstance: weather_data.getting_weather manual__2022-09-03T09:52:31.414418+00:00 [queued]>
[2022-09-03T09:52:33.818+0000] {taskinstance.py:1171} INFO - Dependencies all met for <TaskInstance: weather_data.getting_weather manual__2022-09-03T09:52:31.414418+00:00 [queued]>
[2022-09-03T09:52:33.820+0000] {taskinstance.py:1368} INFO - 
--------------------------------------------------------------------------------
[2022-09-03T09:52:33.822+0000] {taskinstance.py:1369} INFO - Starting attempt 1 of 1
[2022-09-03T09:52:33.823+0000] {taskinstance.py:1370} INFO - 
--------------------------------------------------------------------------------
[2022-09-03T09:52:33.832+0000] {taskinstance.py:1389} INFO - Executing <Task(SimpleHttpOperator): getting_weather> on 2022-09-03 09:52:31.414418+00:00
[2022-09-03T09:52:33.839+0000] {standard_task_runner.py:52} INFO - Started process 5127 to run task
[2022-09-03T09:52:33.841+0000] {standard_task_runner.py:79} INFO - Running: ['***', 'tasks', 'run', 'weather_data', 'getting_weather', 'manual__2022-09-03T09:52:31.414418+00:00', '--job-id', '85', '--raw', '--subdir', 'DAGS_FOLDER/first_dag.py', '--cfg-path', '/tmp/tmp6_gr71a9', '--error-file', '/tmp/tmp5x1cggif']
[2022-09-03T09:52:33.843+0000] {standard_task_runner.py:80} INFO - Job 85: Subtask getting_weather
[2022-09-03T09:52:33.900+0000] {task_command.py:371} INFO - Running <TaskInstance: weather_data.getting_weather manual__2022-09-03T09:52:31.414418+00:00 [running]> on host 3d56073112d8
[2022-09-03T09:52:33.943+0000] {taskinstance.py:1583} INFO - Exporting the following env vars:
AIRFLOW_CTX_DAG_OWNER=***
AIRFLOW_CTX_DAG_ID=weather_data
AIRFLOW_CTX_TASK_ID=getting_weather
AIRFLOW_CTX_EXECUTION_DATE=2022-09-03T09:52:31.414418+00:00
AIRFLOW_CTX_TRY_NUMBER=1
AIRFLOW_CTX_DAG_RUN_ID=manual__2022-09-03T09:52:31.414418+00:00
[2022-09-03T09:52:33.944+0000] {http.py:121} INFO - Calling HTTP method
[2022-09-03T09:52:33.951+0000] {base.py:68} INFO - Using connection ID 'http_default' for task execution.
[2022-09-03T09:52:33.953+0000] {http.py:148} INFO - Sending 'GET' to url: http://api.openweathermap.org/data/2.5/weather
[2022-09-03T09:52:34.140+0000] {taskinstance.py:1412} INFO - Marking task as SUCCESS. dag_id=weather_data, task_id=getting_weather, execution_date=20220903T095231, start_date=20220903T095233, end_date=20220903T095234
[2022-09-03T09:52:34.188+0000] {local_task_job.py:156} INFO - Task exited with return code 0
[2022-09-03T09:52:34.213+0000] {local_task_job.py:279} INFO - 1 downstream tasks scheduled from follow-on schedule check
