[2022-09-03T11:34:01.583+0000] {taskinstance.py:1171} INFO - Dependencies all met for <TaskInstance: weather_data.insert_weather_krd manual__2022-09-03T11:33:57.359755+00:00 [queued]>
[2022-09-03T11:34:01.591+0000] {taskinstance.py:1171} INFO - Dependencies all met for <TaskInstance: weather_data.insert_weather_krd manual__2022-09-03T11:33:57.359755+00:00 [queued]>
[2022-09-03T11:34:01.593+0000] {taskinstance.py:1368} INFO - 
--------------------------------------------------------------------------------
[2022-09-03T11:34:01.593+0000] {taskinstance.py:1369} INFO - Starting attempt 1 of 1
[2022-09-03T11:34:01.594+0000] {taskinstance.py:1370} INFO - 
--------------------------------------------------------------------------------
[2022-09-03T11:34:01.601+0000] {taskinstance.py:1389} INFO - Executing <Task(PostgresOperator): insert_weather_krd> on 2022-09-03 11:33:57.359755+00:00
[2022-09-03T11:34:01.606+0000] {standard_task_runner.py:52} INFO - Started process 10457 to run task
[2022-09-03T11:34:01.608+0000] {standard_task_runner.py:79} INFO - Running: ['***', 'tasks', 'run', 'weather_data', 'insert_weather_krd', 'manual__2022-09-03T11:33:57.359755+00:00', '--job-id', '203', '--raw', '--subdir', 'DAGS_FOLDER/first_dag.py', '--cfg-path', '/tmp/tmprmef8rch', '--error-file', '/tmp/tmpucy7gq7e']
[2022-09-03T11:34:01.610+0000] {standard_task_runner.py:80} INFO - Job 203: Subtask insert_weather_krd
[2022-09-03T11:34:01.653+0000] {task_command.py:371} INFO - Running <TaskInstance: weather_data.insert_weather_krd manual__2022-09-03T11:33:57.359755+00:00 [running]> on host 3d56073112d8
[2022-09-03T11:34:01.757+0000] {taskinstance.py:1583} INFO - Exporting the following env vars:
AIRFLOW_CTX_DAG_OWNER=***
AIRFLOW_CTX_DAG_ID=weather_data
AIRFLOW_CTX_TASK_ID=insert_weather_krd
AIRFLOW_CTX_EXECUTION_DATE=2022-09-03T11:33:57.359755+00:00
AIRFLOW_CTX_TRY_NUMBER=1
AIRFLOW_CTX_DAG_RUN_ID=manual__2022-09-03T11:33:57.359755+00:00
[2022-09-03T11:34:01.764+0000] {base.py:68} INFO - Using connection ID 'postgres_default' for task execution.
[2022-09-03T11:34:01.767+0000] {sql.py:315} INFO - Running statement: insert into weather(
                name,
                temp,
                temp_min,
                temp_max,
                description,
                wind_speed,
                sunset,
                sunrise
            ) values (
                'Краснодар',
                '33.33',
                '30.03',
                '33.33',
                'ясно',
                '3',
                '1662220756',
                '1662173291'
            ), parameters: None
[2022-09-03T11:34:01.769+0000] {taskinstance.py:1902} ERROR - Task failed with exception
Traceback (most recent call last):
  File "/home/airflow/.local/lib/python3.7/site-packages/airflow/providers/postgres/operators/postgres.py", line 92, in execute
    self.hook.run(self.sql, self.autocommit, parameters=self.parameters)
  File "/home/airflow/.local/lib/python3.7/site-packages/airflow/providers/common/sql/hooks/sql.py", line 295, in run
    self._run_command(cur, sql_statement, parameters)
  File "/home/airflow/.local/lib/python3.7/site-packages/airflow/providers/common/sql/hooks/sql.py", line 320, in _run_command
    cur.execute(sql_statement)
psycopg2.errors.NumericValueOutOfRange: value "1662220756" is out of range for type smallint
LINE 17:                 '1662220756',
                         ^

[2022-09-03T11:34:01.776+0000] {taskinstance.py:1412} INFO - Marking task as FAILED. dag_id=weather_data, task_id=insert_weather_krd, execution_date=20220903T113357, start_date=20220903T113401, end_date=20220903T113401
[2022-09-03T11:34:01.782+0000] {standard_task_runner.py:97} ERROR - Failed to execute job 203 for task insert_weather_krd (value "1662220756" is out of range for type smallint
LINE 17:                 '1662220756',
                         ^
; 10457)
[2022-09-03T11:34:01.823+0000] {local_task_job.py:156} INFO - Task exited with return code 1
[2022-09-03T11:34:01.857+0000] {local_task_job.py:279} INFO - 0 downstream tasks scheduled from follow-on schedule check
