[2022-09-03T11:26:20.614+0000] {taskinstance.py:1171} INFO - Dependencies all met for <TaskInstance: weather_data.drop_table manual__2022-09-03T11:26:19.792518+00:00 [queued]>
[2022-09-03T11:26:20.623+0000] {taskinstance.py:1171} INFO - Dependencies all met for <TaskInstance: weather_data.drop_table manual__2022-09-03T11:26:19.792518+00:00 [queued]>
[2022-09-03T11:26:20.623+0000] {taskinstance.py:1368} INFO - 
--------------------------------------------------------------------------------
[2022-09-03T11:26:20.624+0000] {taskinstance.py:1369} INFO - Starting attempt 1 of 1
[2022-09-03T11:26:20.625+0000] {taskinstance.py:1370} INFO - 
--------------------------------------------------------------------------------
[2022-09-03T11:26:20.633+0000] {taskinstance.py:1389} INFO - Executing <Task(PostgresOperator): drop_table> on 2022-09-03 11:26:19.792518+00:00
[2022-09-03T11:26:20.638+0000] {standard_task_runner.py:52} INFO - Started process 9973 to run task
[2022-09-03T11:26:20.641+0000] {standard_task_runner.py:79} INFO - Running: ['***', 'tasks', 'run', 'weather_data', 'drop_table', 'manual__2022-09-03T11:26:19.792518+00:00', '--job-id', '151', '--raw', '--subdir', 'DAGS_FOLDER/first_dag.py', '--cfg-path', '/tmp/tmp82n030jo', '--error-file', '/tmp/tmp6md_owmu']
[2022-09-03T11:26:20.642+0000] {standard_task_runner.py:80} INFO - Job 151: Subtask drop_table
[2022-09-03T11:26:20.703+0000] {task_command.py:371} INFO - Running <TaskInstance: weather_data.drop_table manual__2022-09-03T11:26:19.792518+00:00 [running]> on host 3d56073112d8
[2022-09-03T11:26:20.768+0000] {taskinstance.py:1583} INFO - Exporting the following env vars:
AIRFLOW_CTX_DAG_OWNER=***
AIRFLOW_CTX_DAG_ID=weather_data
AIRFLOW_CTX_TASK_ID=drop_table
AIRFLOW_CTX_EXECUTION_DATE=2022-09-03T11:26:19.792518+00:00
AIRFLOW_CTX_TRY_NUMBER=1
AIRFLOW_CTX_DAG_RUN_ID=manual__2022-09-03T11:26:19.792518+00:00
[2022-09-03T11:26:20.776+0000] {base.py:68} INFO - Using connection ID 'postgres_default' for task execution.
[2022-09-03T11:26:20.784+0000] {sql.py:315} INFO - Running statement: drop table if exists weather, parameters: None
[2022-09-03T11:26:20.798+0000] {taskinstance.py:1412} INFO - Marking task as SUCCESS. dag_id=weather_data, task_id=drop_table, execution_date=20220903T112619, start_date=20220903T112620, end_date=20220903T112620
[2022-09-03T11:26:20.855+0000] {local_task_job.py:156} INFO - Task exited with return code 0
[2022-09-03T11:26:20.881+0000] {local_task_job.py:279} INFO - 1 downstream tasks scheduled from follow-on schedule check
