[2022-09-03T12:10:16.228+0000] {taskinstance.py:1171} INFO - Dependencies all met for <TaskInstance: weather_data.check_weather_mkp scheduled__2022-09-03T11:00:00+00:00 [queued]>
[2022-09-03T12:10:16.237+0000] {taskinstance.py:1171} INFO - Dependencies all met for <TaskInstance: weather_data.check_weather_mkp scheduled__2022-09-03T11:00:00+00:00 [queued]>
[2022-09-03T12:10:16.238+0000] {taskinstance.py:1368} INFO - 
--------------------------------------------------------------------------------
[2022-09-03T12:10:16.239+0000] {taskinstance.py:1369} INFO - Starting attempt 1 of 1
[2022-09-03T12:10:16.239+0000] {taskinstance.py:1370} INFO - 
--------------------------------------------------------------------------------
[2022-09-03T12:10:16.248+0000] {taskinstance.py:1389} INFO - Executing <Task(PythonOperator): check_weather_mkp> on 2022-09-03 11:00:00+00:00
[2022-09-03T12:10:16.253+0000] {standard_task_runner.py:52} INFO - Started process 12395 to run task
[2022-09-03T12:10:16.255+0000] {standard_task_runner.py:79} INFO - Running: ['***', 'tasks', 'run', 'weather_data', 'check_weather_mkp', 'scheduled__2022-09-03T11:00:00+00:00', '--job-id', '242', '--raw', '--subdir', 'DAGS_FOLDER/first_dag.py', '--cfg-path', '/tmp/tmpxvy4jgfy', '--error-file', '/tmp/tmptgxew718']
[2022-09-03T12:10:16.257+0000] {standard_task_runner.py:80} INFO - Job 242: Subtask check_weather_mkp
[2022-09-03T12:10:16.300+0000] {task_command.py:371} INFO - Running <TaskInstance: weather_data.check_weather_mkp scheduled__2022-09-03T11:00:00+00:00 [running]> on host 3d56073112d8
[2022-09-03T12:10:16.344+0000] {taskinstance.py:1583} INFO - Exporting the following env vars:
AIRFLOW_CTX_DAG_OWNER=***
AIRFLOW_CTX_DAG_ID=weather_data
AIRFLOW_CTX_TASK_ID=check_weather_mkp
AIRFLOW_CTX_EXECUTION_DATE=2022-09-03T11:00:00+00:00
AIRFLOW_CTX_TRY_NUMBER=1
AIRFLOW_CTX_DAG_RUN_ID=scheduled__2022-09-03T11:00:00+00:00
[2022-09-03T12:10:16.415+0000] {python.py:173} INFO - Done. Returned value was: None
[2022-09-03T12:10:16.424+0000] {taskinstance.py:1412} INFO - Marking task as SUCCESS. dag_id=weather_data, task_id=check_weather_mkp, execution_date=20220903T110000, start_date=20220903T121016, end_date=20220903T121016
[2022-09-03T12:10:16.473+0000] {local_task_job.py:156} INFO - Task exited with return code 0
[2022-09-03T12:10:16.499+0000] {local_task_job.py:279} INFO - 1 downstream tasks scheduled from follow-on schedule check
