[2022-09-03T09:57:11.138+0000] {taskinstance.py:1171} INFO - Dependencies all met for <TaskInstance: weather_data.greeting manual__2022-09-03T09:57:10.611632+00:00 [queued]>
[2022-09-03T09:57:11.148+0000] {taskinstance.py:1171} INFO - Dependencies all met for <TaskInstance: weather_data.greeting manual__2022-09-03T09:57:10.611632+00:00 [queued]>
[2022-09-03T09:57:11.150+0000] {taskinstance.py:1368} INFO - 
--------------------------------------------------------------------------------
[2022-09-03T09:57:11.151+0000] {taskinstance.py:1369} INFO - Starting attempt 1 of 1
[2022-09-03T09:57:11.152+0000] {taskinstance.py:1370} INFO - 
--------------------------------------------------------------------------------
[2022-09-03T09:57:11.162+0000] {taskinstance.py:1389} INFO - Executing <Task(BashOperator): greeting> on 2022-09-03 09:57:10.611632+00:00
[2022-09-03T09:57:11.168+0000] {standard_task_runner.py:52} INFO - Started process 5385 to run task
[2022-09-03T09:57:11.172+0000] {standard_task_runner.py:79} INFO - Running: ['***', 'tasks', 'run', 'weather_data', 'greeting', 'manual__2022-09-03T09:57:10.611632+00:00', '--job-id', '96', '--raw', '--subdir', 'DAGS_FOLDER/first_dag.py', '--cfg-path', '/tmp/tmpbzzdrx5k', '--error-file', '/tmp/tmpf5msbz6t']
[2022-09-03T09:57:11.173+0000] {standard_task_runner.py:80} INFO - Job 96: Subtask greeting
[2022-09-03T09:57:11.221+0000] {task_command.py:371} INFO - Running <TaskInstance: weather_data.greeting manual__2022-09-03T09:57:10.611632+00:00 [running]> on host 3d56073112d8
[2022-09-03T09:57:11.273+0000] {taskinstance.py:1583} INFO - Exporting the following env vars:
AIRFLOW_CTX_DAG_OWNER=***
AIRFLOW_CTX_DAG_ID=weather_data
AIRFLOW_CTX_TASK_ID=greeting
AIRFLOW_CTX_EXECUTION_DATE=2022-09-03T09:57:10.611632+00:00
AIRFLOW_CTX_TRY_NUMBER=1
AIRFLOW_CTX_DAG_RUN_ID=manual__2022-09-03T09:57:10.611632+00:00
[2022-09-03T09:57:11.276+0000] {subprocess.py:62} INFO - Tmp dir root location: 
 /tmp
[2022-09-03T09:57:11.277+0000] {subprocess.py:74} INFO - Running command: ['/bin/bash', '-c', 'echo Hello']
[2022-09-03T09:57:11.286+0000] {subprocess.py:85} INFO - Output:
[2022-09-03T09:57:11.288+0000] {subprocess.py:92} INFO - Hello
[2022-09-03T09:57:11.290+0000] {subprocess.py:96} INFO - Command exited with return code 0
[2022-09-03T09:57:11.310+0000] {taskinstance.py:1412} INFO - Marking task as SUCCESS. dag_id=weather_data, task_id=greeting, execution_date=20220903T095710, start_date=20220903T095711, end_date=20220903T095711
[2022-09-03T09:57:11.344+0000] {local_task_job.py:156} INFO - Task exited with return code 0
[2022-09-03T09:57:11.372+0000] {local_task_job.py:279} INFO - 1 downstream tasks scheduled from follow-on schedule check
