[2022-09-03T05:57:21.667+0000] {taskinstance.py:1171} INFO - Dependencies all met for <TaskInstance: weather_data.greeting scheduled__2022-09-03T04:00:00+00:00 [queued]>
[2022-09-03T05:57:21.674+0000] {taskinstance.py:1171} INFO - Dependencies all met for <TaskInstance: weather_data.greeting scheduled__2022-09-03T04:00:00+00:00 [queued]>
[2022-09-03T05:57:21.675+0000] {taskinstance.py:1368} INFO - 
--------------------------------------------------------------------------------
[2022-09-03T05:57:21.676+0000] {taskinstance.py:1369} INFO - Starting attempt 1 of 1
[2022-09-03T05:57:21.677+0000] {taskinstance.py:1370} INFO - 
--------------------------------------------------------------------------------
[2022-09-03T05:57:21.684+0000] {taskinstance.py:1389} INFO - Executing <Task(BashOperator): greeting> on 2022-09-03 04:00:00+00:00
[2022-09-03T05:57:21.689+0000] {standard_task_runner.py:52} INFO - Started process 1029 to run task
[2022-09-03T05:57:21.692+0000] {standard_task_runner.py:79} INFO - Running: ['***', 'tasks', 'run', 'weather_data', 'greeting', 'scheduled__2022-09-03T04:00:00+00:00', '--job-id', '5', '--raw', '--subdir', 'DAGS_FOLDER/first_dag.py', '--cfg-path', '/tmp/tmpjse0r2_6', '--error-file', '/tmp/tmpoy4xk49k']
[2022-09-03T05:57:21.693+0000] {standard_task_runner.py:80} INFO - Job 5: Subtask greeting
[2022-09-03T05:57:21.732+0000] {task_command.py:371} INFO - Running <TaskInstance: weather_data.greeting scheduled__2022-09-03T04:00:00+00:00 [running]> on host 3d56073112d8
[2022-09-03T05:57:21.775+0000] {taskinstance.py:1583} INFO - Exporting the following env vars:
AIRFLOW_CTX_DAG_OWNER=***
AIRFLOW_CTX_DAG_ID=weather_data
AIRFLOW_CTX_TASK_ID=greeting
AIRFLOW_CTX_EXECUTION_DATE=2022-09-03T04:00:00+00:00
AIRFLOW_CTX_TRY_NUMBER=1
AIRFLOW_CTX_DAG_RUN_ID=scheduled__2022-09-03T04:00:00+00:00
[2022-09-03T05:57:21.777+0000] {subprocess.py:62} INFO - Tmp dir root location: 
 /tmp
[2022-09-03T05:57:21.778+0000] {subprocess.py:74} INFO - Running command: ['/bin/bash', '-c', 'echo Hello']
[2022-09-03T05:57:21.787+0000] {subprocess.py:85} INFO - Output:
[2022-09-03T05:57:21.788+0000] {subprocess.py:92} INFO - Hello
[2022-09-03T05:57:21.789+0000] {subprocess.py:96} INFO - Command exited with return code 0
[2022-09-03T05:57:21.808+0000] {taskinstance.py:1412} INFO - Marking task as SUCCESS. dag_id=weather_data, task_id=greeting, execution_date=20220903T040000, start_date=20220903T055721, end_date=20220903T055721
[2022-09-03T05:57:21.824+0000] {local_task_job.py:156} INFO - Task exited with return code 0
[2022-09-03T05:57:21.844+0000] {local_task_job.py:279} INFO - 0 downstream tasks scheduled from follow-on schedule check
