[2022-09-03T11:00:02.109+0000] {taskinstance.py:1171} INFO - Dependencies all met for <TaskInstance: weather_data.check_weather_krd scheduled__2022-09-03T10:00:00+00:00 [queued]>
[2022-09-03T11:00:02.117+0000] {taskinstance.py:1171} INFO - Dependencies all met for <TaskInstance: weather_data.check_weather_krd scheduled__2022-09-03T10:00:00+00:00 [queued]>
[2022-09-03T11:00:02.119+0000] {taskinstance.py:1368} INFO - 
--------------------------------------------------------------------------------
[2022-09-03T11:00:02.120+0000] {taskinstance.py:1369} INFO - Starting attempt 1 of 1
[2022-09-03T11:00:02.121+0000] {taskinstance.py:1370} INFO - 
--------------------------------------------------------------------------------
[2022-09-03T11:00:02.131+0000] {taskinstance.py:1389} INFO - Executing <Task(PythonOperator): check_weather_krd> on 2022-09-03 10:00:00+00:00
[2022-09-03T11:00:02.138+0000] {standard_task_runner.py:52} INFO - Started process 8622 to run task
[2022-09-03T11:00:02.142+0000] {standard_task_runner.py:79} INFO - Running: ['***', 'tasks', 'run', 'weather_data', 'check_weather_krd', 'scheduled__2022-09-03T10:00:00+00:00', '--job-id', '141', '--raw', '--subdir', 'DAGS_FOLDER/first_dag.py', '--cfg-path', '/tmp/tmp7kstc_zt', '--error-file', '/tmp/tmpkxf6wxoj']
[2022-09-03T11:00:02.145+0000] {standard_task_runner.py:80} INFO - Job 141: Subtask check_weather_krd
[2022-09-03T11:00:02.212+0000] {task_command.py:371} INFO - Running <TaskInstance: weather_data.check_weather_krd scheduled__2022-09-03T10:00:00+00:00 [running]> on host 3d56073112d8
[2022-09-03T11:00:02.257+0000] {taskinstance.py:1583} INFO - Exporting the following env vars:
AIRFLOW_CTX_DAG_OWNER=***
AIRFLOW_CTX_DAG_ID=weather_data
AIRFLOW_CTX_TASK_ID=check_weather_krd
AIRFLOW_CTX_EXECUTION_DATE=2022-09-03T10:00:00+00:00
AIRFLOW_CTX_TRY_NUMBER=1
AIRFLOW_CTX_DAG_RUN_ID=scheduled__2022-09-03T10:00:00+00:00
[2022-09-03T11:00:02.329+0000] {python.py:173} INFO - Done. Returned value was: None
[2022-09-03T11:00:02.337+0000] {taskinstance.py:1412} INFO - Marking task as SUCCESS. dag_id=weather_data, task_id=check_weather_krd, execution_date=20220903T100000, start_date=20220903T110002, end_date=20220903T110002
[2022-09-03T11:00:02.356+0000] {local_task_job.py:156} INFO - Task exited with return code 0
[2022-09-03T11:00:02.376+0000] {local_task_job.py:279} INFO - 0 downstream tasks scheduled from follow-on schedule check
