[2022-09-03T11:33:26.208+0000] {taskinstance.py:1171} INFO - Dependencies all met for <TaskInstance: weather_data.check_weather_krd manual__2022-09-03T11:33:21.220402+00:00 [queued]>
[2022-09-03T11:33:26.215+0000] {taskinstance.py:1171} INFO - Dependencies all met for <TaskInstance: weather_data.check_weather_krd manual__2022-09-03T11:33:21.220402+00:00 [queued]>
[2022-09-03T11:33:26.216+0000] {taskinstance.py:1368} INFO - 
--------------------------------------------------------------------------------
[2022-09-03T11:33:26.216+0000] {taskinstance.py:1369} INFO - Starting attempt 1 of 1
[2022-09-03T11:33:26.217+0000] {taskinstance.py:1370} INFO - 
--------------------------------------------------------------------------------
[2022-09-03T11:33:26.225+0000] {taskinstance.py:1389} INFO - Executing <Task(PythonOperator): check_weather_krd> on 2022-09-03 11:33:21.220402+00:00
[2022-09-03T11:33:26.229+0000] {standard_task_runner.py:52} INFO - Started process 10414 to run task
[2022-09-03T11:33:26.231+0000] {standard_task_runner.py:79} INFO - Running: ['***', 'tasks', 'run', 'weather_data', 'check_weather_krd', 'manual__2022-09-03T11:33:21.220402+00:00', '--job-id', '195', '--raw', '--subdir', 'DAGS_FOLDER/first_dag.py', '--cfg-path', '/tmp/tmpe33vd5pf', '--error-file', '/tmp/tmp6gmqumnj']
[2022-09-03T11:33:26.232+0000] {standard_task_runner.py:80} INFO - Job 195: Subtask check_weather_krd
[2022-09-03T11:33:26.272+0000] {task_command.py:371} INFO - Running <TaskInstance: weather_data.check_weather_krd manual__2022-09-03T11:33:21.220402+00:00 [running]> on host 3d56073112d8
[2022-09-03T11:33:26.313+0000] {taskinstance.py:1583} INFO - Exporting the following env vars:
AIRFLOW_CTX_DAG_OWNER=***
AIRFLOW_CTX_DAG_ID=weather_data
AIRFLOW_CTX_TASK_ID=check_weather_krd
AIRFLOW_CTX_EXECUTION_DATE=2022-09-03T11:33:21.220402+00:00
AIRFLOW_CTX_TRY_NUMBER=1
AIRFLOW_CTX_DAG_RUN_ID=manual__2022-09-03T11:33:21.220402+00:00
[2022-09-03T11:33:26.384+0000] {python.py:173} INFO - Done. Returned value was: None
[2022-09-03T11:33:26.392+0000] {taskinstance.py:1412} INFO - Marking task as SUCCESS. dag_id=weather_data, task_id=check_weather_krd, execution_date=20220903T113321, start_date=20220903T113326, end_date=20220903T113326
[2022-09-03T11:33:26.444+0000] {local_task_job.py:156} INFO - Task exited with return code 0
[2022-09-03T11:33:26.466+0000] {local_task_job.py:279} INFO - 1 downstream tasks scheduled from follow-on schedule check
