[2022-09-03T11:35:43.061+0000] {taskinstance.py:1171} INFO - Dependencies all met for <TaskInstance: weather_data.getting_weather_krd manual__2022-09-03T11:35:39.624241+00:00 [queued]>
[2022-09-03T11:35:43.069+0000] {taskinstance.py:1171} INFO - Dependencies all met for <TaskInstance: weather_data.getting_weather_krd manual__2022-09-03T11:35:39.624241+00:00 [queued]>
[2022-09-03T11:35:43.070+0000] {taskinstance.py:1368} INFO - 
--------------------------------------------------------------------------------
[2022-09-03T11:35:43.071+0000] {taskinstance.py:1369} INFO - Starting attempt 1 of 1
[2022-09-03T11:35:43.072+0000] {taskinstance.py:1370} INFO - 
--------------------------------------------------------------------------------
[2022-09-03T11:35:43.079+0000] {taskinstance.py:1389} INFO - Executing <Task(SimpleHttpOperator): getting_weather_krd> on 2022-09-03 11:35:39.624241+00:00
[2022-09-03T11:35:43.084+0000] {standard_task_runner.py:52} INFO - Started process 10556 to run task
[2022-09-03T11:35:43.086+0000] {standard_task_runner.py:79} INFO - Running: ['***', 'tasks', 'run', 'weather_data', 'getting_weather_krd', 'manual__2022-09-03T11:35:39.624241+00:00', '--job-id', '208', '--raw', '--subdir', 'DAGS_FOLDER/first_dag.py', '--cfg-path', '/tmp/tmpvet0rswz', '--error-file', '/tmp/tmpeuyvt3tf']
[2022-09-03T11:35:43.087+0000] {standard_task_runner.py:80} INFO - Job 208: Subtask getting_weather_krd
[2022-09-03T11:35:43.128+0000] {task_command.py:371} INFO - Running <TaskInstance: weather_data.getting_weather_krd manual__2022-09-03T11:35:39.624241+00:00 [running]> on host 3d56073112d8
[2022-09-03T11:35:43.172+0000] {taskinstance.py:1583} INFO - Exporting the following env vars:
AIRFLOW_CTX_DAG_OWNER=***
AIRFLOW_CTX_DAG_ID=weather_data
AIRFLOW_CTX_TASK_ID=getting_weather_krd
AIRFLOW_CTX_EXECUTION_DATE=2022-09-03T11:35:39.624241+00:00
AIRFLOW_CTX_TRY_NUMBER=1
AIRFLOW_CTX_DAG_RUN_ID=manual__2022-09-03T11:35:39.624241+00:00
[2022-09-03T11:35:43.173+0000] {http.py:121} INFO - Calling HTTP method
[2022-09-03T11:35:43.180+0000] {base.py:68} INFO - Using connection ID 'http_default' for task execution.
[2022-09-03T11:35:43.183+0000] {http.py:148} INFO - Sending 'GET' to url: http://api.openweathermap.org/data/2.5/weather
[2022-09-03T11:35:43.371+0000] {taskinstance.py:1412} INFO - Marking task as SUCCESS. dag_id=weather_data, task_id=getting_weather_krd, execution_date=20220903T113539, start_date=20220903T113543, end_date=20220903T113543
[2022-09-03T11:35:43.388+0000] {local_task_job.py:156} INFO - Task exited with return code 0
[2022-09-03T11:35:43.416+0000] {local_task_job.py:279} INFO - 1 downstream tasks scheduled from follow-on schedule check
