[2022-09-03T10:47:05.040+0000] {taskinstance.py:1171} INFO - Dependencies all met for <TaskInstance: weather_data.check_weather_Maikop manual__2022-09-03T10:47:02.165218+00:00 [queued]>
[2022-09-03T10:47:05.048+0000] {taskinstance.py:1171} INFO - Dependencies all met for <TaskInstance: weather_data.check_weather_Maikop manual__2022-09-03T10:47:02.165218+00:00 [queued]>
[2022-09-03T10:47:05.049+0000] {taskinstance.py:1368} INFO - 
--------------------------------------------------------------------------------
[2022-09-03T10:47:05.050+0000] {taskinstance.py:1369} INFO - Starting attempt 1 of 1
[2022-09-03T10:47:05.051+0000] {taskinstance.py:1370} INFO - 
--------------------------------------------------------------------------------
[2022-09-03T10:47:05.064+0000] {taskinstance.py:1389} INFO - Executing <Task(PythonOperator): check_weather_Maikop> on 2022-09-03 10:47:02.165218+00:00
[2022-09-03T10:47:05.068+0000] {standard_task_runner.py:52} INFO - Started process 7954 to run task
[2022-09-03T10:47:05.071+0000] {standard_task_runner.py:79} INFO - Running: ['***', 'tasks', 'run', 'weather_data', 'check_weather_Maikop', 'manual__2022-09-03T10:47:02.165218+00:00', '--job-id', '134', '--raw', '--subdir', 'DAGS_FOLDER/first_dag.py', '--cfg-path', '/tmp/tmp2_401xl8', '--error-file', '/tmp/tmpgsvau6un']
[2022-09-03T10:47:05.072+0000] {standard_task_runner.py:80} INFO - Job 134: Subtask check_weather_Maikop
[2022-09-03T10:47:05.115+0000] {task_command.py:371} INFO - Running <TaskInstance: weather_data.check_weather_Maikop manual__2022-09-03T10:47:02.165218+00:00 [running]> on host 3d56073112d8
[2022-09-03T10:47:05.166+0000] {taskinstance.py:1583} INFO - Exporting the following env vars:
AIRFLOW_CTX_DAG_OWNER=***
AIRFLOW_CTX_DAG_ID=weather_data
AIRFLOW_CTX_TASK_ID=check_weather_Maikop
AIRFLOW_CTX_EXECUTION_DATE=2022-09-03T10:47:02.165218+00:00
AIRFLOW_CTX_TRY_NUMBER=1
AIRFLOW_CTX_DAG_RUN_ID=manual__2022-09-03T10:47:02.165218+00:00
[2022-09-03T10:47:05.184+0000] {python.py:173} INFO - Done. Returned value was: None
[2022-09-03T10:47:05.193+0000] {taskinstance.py:1412} INFO - Marking task as SUCCESS. dag_id=weather_data, task_id=check_weather_Maikop, execution_date=20220903T104702, start_date=20220903T104705, end_date=20220903T104705
[2022-09-03T10:47:05.248+0000] {local_task_job.py:156} INFO - Task exited with return code 0
[2022-09-03T10:47:05.270+0000] {local_task_job.py:279} INFO - 0 downstream tasks scheduled from follow-on schedule check
