[2022-09-03T08:57:13.679+0000] {taskinstance.py:1171} INFO - Dependencies all met for <TaskInstance: weather_data.getting_weather manual__2022-09-03T08:57:12.880903+00:00 [queued]>
[2022-09-03T08:57:13.686+0000] {taskinstance.py:1171} INFO - Dependencies all met for <TaskInstance: weather_data.getting_weather manual__2022-09-03T08:57:12.880903+00:00 [queued]>
[2022-09-03T08:57:13.687+0000] {taskinstance.py:1368} INFO - 
--------------------------------------------------------------------------------
[2022-09-03T08:57:13.688+0000] {taskinstance.py:1369} INFO - Starting attempt 1 of 1
[2022-09-03T08:57:13.688+0000] {taskinstance.py:1370} INFO - 
--------------------------------------------------------------------------------
[2022-09-03T08:57:13.696+0000] {taskinstance.py:1389} INFO - Executing <Task(SimpleHttpOperator): getting_weather> on 2022-09-03 08:57:12.880903+00:00
[2022-09-03T08:57:13.699+0000] {standard_task_runner.py:52} INFO - Started process 2228 to run task
[2022-09-03T08:57:13.702+0000] {standard_task_runner.py:79} INFO - Running: ['***', 'tasks', 'run', 'weather_data', 'getting_weather', 'manual__2022-09-03T08:57:12.880903+00:00', '--job-id', '28', '--raw', '--subdir', 'DAGS_FOLDER/first_dag.py', '--cfg-path', '/tmp/tmpfche75tp', '--error-file', '/tmp/tmpv7oknhuq']
[2022-09-03T08:57:13.703+0000] {standard_task_runner.py:80} INFO - Job 28: Subtask getting_weather
[2022-09-03T08:57:13.741+0000] {task_command.py:371} INFO - Running <TaskInstance: weather_data.getting_weather manual__2022-09-03T08:57:12.880903+00:00 [running]> on host 3d56073112d8
[2022-09-03T08:57:13.785+0000] {taskinstance.py:1583} INFO - Exporting the following env vars:
AIRFLOW_CTX_DAG_OWNER=***
AIRFLOW_CTX_DAG_ID=weather_data
AIRFLOW_CTX_TASK_ID=getting_weather
AIRFLOW_CTX_EXECUTION_DATE=2022-09-03T08:57:12.880903+00:00
AIRFLOW_CTX_TRY_NUMBER=1
AIRFLOW_CTX_DAG_RUN_ID=manual__2022-09-03T08:57:12.880903+00:00
[2022-09-03T08:57:13.786+0000] {http.py:121} INFO - Calling HTTP method
[2022-09-03T08:57:13.793+0000] {base.py:68} INFO - Using connection ID 'http_default' for task execution.
[2022-09-03T08:57:13.795+0000] {http.py:148} INFO - Sending 'GET' to url: http://api.openweathermap.org/data/2.5/weather
[2022-09-03T08:57:13.981+0000] {taskinstance.py:1412} INFO - Marking task as SUCCESS. dag_id=weather_data, task_id=getting_weather, execution_date=20220903T085712, start_date=20220903T085713, end_date=20220903T085713
[2022-09-03T08:57:13.997+0000] {local_task_job.py:156} INFO - Task exited with return code 0
[2022-09-03T08:57:14.019+0000] {local_task_job.py:279} INFO - 1 downstream tasks scheduled from follow-on schedule check
