[2022-09-03T11:48:40.748+0000] {taskinstance.py:1171} INFO - Dependencies all met for <TaskInstance: weather_data.check_weather_krd manual__2022-09-03T11:48:37.347257+00:00 [queued]>
[2022-09-03T11:48:40.756+0000] {taskinstance.py:1171} INFO - Dependencies all met for <TaskInstance: weather_data.check_weather_krd manual__2022-09-03T11:48:37.347257+00:00 [queued]>
[2022-09-03T11:48:40.757+0000] {taskinstance.py:1368} INFO - 
--------------------------------------------------------------------------------
[2022-09-03T11:48:40.759+0000] {taskinstance.py:1369} INFO - Starting attempt 1 of 1
[2022-09-03T11:48:40.759+0000] {taskinstance.py:1370} INFO - 
--------------------------------------------------------------------------------
[2022-09-03T11:48:40.769+0000] {taskinstance.py:1389} INFO - Executing <Task(PythonOperator): check_weather_krd> on 2022-09-03 11:48:37.347257+00:00
[2022-09-03T11:48:40.775+0000] {standard_task_runner.py:52} INFO - Started process 11237 to run task
[2022-09-03T11:48:40.777+0000] {standard_task_runner.py:79} INFO - Running: ['***', 'tasks', 'run', 'weather_data', 'check_weather_krd', 'manual__2022-09-03T11:48:37.347257+00:00', '--job-id', '228', '--raw', '--subdir', 'DAGS_FOLDER/first_dag.py', '--cfg-path', '/tmp/tmp4fmg98l6', '--error-file', '/tmp/tmpn50fqd5c']
[2022-09-03T11:48:40.779+0000] {standard_task_runner.py:80} INFO - Job 228: Subtask check_weather_krd
[2022-09-03T11:48:40.826+0000] {task_command.py:371} INFO - Running <TaskInstance: weather_data.check_weather_krd manual__2022-09-03T11:48:37.347257+00:00 [running]> on host 3d56073112d8
[2022-09-03T11:48:40.880+0000] {taskinstance.py:1583} INFO - Exporting the following env vars:
AIRFLOW_CTX_DAG_OWNER=***
AIRFLOW_CTX_DAG_ID=weather_data
AIRFLOW_CTX_TASK_ID=check_weather_krd
AIRFLOW_CTX_EXECUTION_DATE=2022-09-03T11:48:37.347257+00:00
AIRFLOW_CTX_TRY_NUMBER=1
AIRFLOW_CTX_DAG_RUN_ID=manual__2022-09-03T11:48:37.347257+00:00
[2022-09-03T11:48:40.990+0000] {python.py:173} INFO - Done. Returned value was: None
[2022-09-03T11:48:41.000+0000] {taskinstance.py:1412} INFO - Marking task as SUCCESS. dag_id=weather_data, task_id=check_weather_krd, execution_date=20220903T114837, start_date=20220903T114840, end_date=20220903T114841
[2022-09-03T11:48:41.030+0000] {local_task_job.py:156} INFO - Task exited with return code 0
[2022-09-03T11:48:41.072+0000] {local_task_job.py:279} INFO - 1 downstream tasks scheduled from follow-on schedule check
