[2022-09-03T09:00:13.904+0000] {taskinstance.py:1171} INFO - Dependencies all met for <TaskInstance: weather_data.getting_weather manual__2022-09-03T09:00:12.135003+00:00 [queued]>
[2022-09-03T09:00:13.910+0000] {taskinstance.py:1171} INFO - Dependencies all met for <TaskInstance: weather_data.getting_weather manual__2022-09-03T09:00:12.135003+00:00 [queued]>
[2022-09-03T09:00:13.911+0000] {taskinstance.py:1368} INFO - 
--------------------------------------------------------------------------------
[2022-09-03T09:00:13.912+0000] {taskinstance.py:1369} INFO - Starting attempt 1 of 1
[2022-09-03T09:00:13.913+0000] {taskinstance.py:1370} INFO - 
--------------------------------------------------------------------------------
[2022-09-03T09:00:13.921+0000] {taskinstance.py:1389} INFO - Executing <Task(SimpleHttpOperator): getting_weather> on 2022-09-03 09:00:12.135003+00:00
[2022-09-03T09:00:13.925+0000] {standard_task_runner.py:52} INFO - Started process 2402 to run task
[2022-09-03T09:00:13.927+0000] {standard_task_runner.py:79} INFO - Running: ['***', 'tasks', 'run', 'weather_data', 'getting_weather', 'manual__2022-09-03T09:00:12.135003+00:00', '--job-id', '37', '--raw', '--subdir', 'DAGS_FOLDER/first_dag.py', '--cfg-path', '/tmp/tmp746iycnw', '--error-file', '/tmp/tmptv5zrudz']
[2022-09-03T09:00:13.928+0000] {standard_task_runner.py:80} INFO - Job 37: Subtask getting_weather
[2022-09-03T09:00:13.969+0000] {task_command.py:371} INFO - Running <TaskInstance: weather_data.getting_weather manual__2022-09-03T09:00:12.135003+00:00 [running]> on host 3d56073112d8
[2022-09-03T09:00:14.011+0000] {taskinstance.py:1583} INFO - Exporting the following env vars:
AIRFLOW_CTX_DAG_OWNER=***
AIRFLOW_CTX_DAG_ID=weather_data
AIRFLOW_CTX_TASK_ID=getting_weather
AIRFLOW_CTX_EXECUTION_DATE=2022-09-03T09:00:12.135003+00:00
AIRFLOW_CTX_TRY_NUMBER=1
AIRFLOW_CTX_DAG_RUN_ID=manual__2022-09-03T09:00:12.135003+00:00
[2022-09-03T09:00:14.012+0000] {http.py:121} INFO - Calling HTTP method
[2022-09-03T09:00:14.019+0000] {base.py:68} INFO - Using connection ID 'http_default' for task execution.
[2022-09-03T09:00:14.021+0000] {http.py:148} INFO - Sending 'GET' to url: http://api.openweathermap.org/data/2.5/weather
[2022-09-03T09:00:14.995+0000] {taskinstance.py:1412} INFO - Marking task as SUCCESS. dag_id=weather_data, task_id=getting_weather, execution_date=20220903T090012, start_date=20220903T090013, end_date=20220903T090014
[2022-09-03T09:00:15.044+0000] {local_task_job.py:156} INFO - Task exited with return code 0
[2022-09-03T09:00:15.070+0000] {local_task_job.py:279} INFO - 1 downstream tasks scheduled from follow-on schedule check
