[2022-09-03T10:28:06.953+0000] {taskinstance.py:1171} INFO - Dependencies all met for <TaskInstance: weather_data.greeting manual__2022-09-03T10:28:06.099121+00:00 [queued]>
[2022-09-03T10:28:06.959+0000] {taskinstance.py:1171} INFO - Dependencies all met for <TaskInstance: weather_data.greeting manual__2022-09-03T10:28:06.099121+00:00 [queued]>
[2022-09-03T10:28:06.960+0000] {taskinstance.py:1368} INFO - 
--------------------------------------------------------------------------------
[2022-09-03T10:28:06.961+0000] {taskinstance.py:1369} INFO - Starting attempt 1 of 1
[2022-09-03T10:28:06.962+0000] {taskinstance.py:1370} INFO - 
--------------------------------------------------------------------------------
[2022-09-03T10:28:06.970+0000] {taskinstance.py:1389} INFO - Executing <Task(BashOperator): greeting> on 2022-09-03 10:28:06.099121+00:00
[2022-09-03T10:28:06.974+0000] {standard_task_runner.py:52} INFO - Started process 6983 to run task
[2022-09-03T10:28:06.977+0000] {standard_task_runner.py:79} INFO - Running: ['***', 'tasks', 'run', 'weather_data', 'greeting', 'manual__2022-09-03T10:28:06.099121+00:00', '--job-id', '120', '--raw', '--subdir', 'DAGS_FOLDER/first_dag.py', '--cfg-path', '/tmp/tmpc_fqvo3w', '--error-file', '/tmp/tmpm7rczse3']
[2022-09-03T10:28:06.978+0000] {standard_task_runner.py:80} INFO - Job 120: Subtask greeting
[2022-09-03T10:28:07.019+0000] {task_command.py:371} INFO - Running <TaskInstance: weather_data.greeting manual__2022-09-03T10:28:06.099121+00:00 [running]> on host 3d56073112d8
[2022-09-03T10:28:07.062+0000] {taskinstance.py:1583} INFO - Exporting the following env vars:
AIRFLOW_CTX_DAG_OWNER=***
AIRFLOW_CTX_DAG_ID=weather_data
AIRFLOW_CTX_TASK_ID=greeting
AIRFLOW_CTX_EXECUTION_DATE=2022-09-03T10:28:06.099121+00:00
AIRFLOW_CTX_TRY_NUMBER=1
AIRFLOW_CTX_DAG_RUN_ID=manual__2022-09-03T10:28:06.099121+00:00
[2022-09-03T10:28:07.065+0000] {subprocess.py:62} INFO - Tmp dir root location: 
 /tmp
[2022-09-03T10:28:07.066+0000] {subprocess.py:74} INFO - Running command: ['/bin/bash', '-c', 'echo Hello']
[2022-09-03T10:28:07.075+0000] {subprocess.py:85} INFO - Output:
[2022-09-03T10:28:07.077+0000] {subprocess.py:92} INFO - Hello
[2022-09-03T10:28:07.078+0000] {subprocess.py:96} INFO - Command exited with return code 0
[2022-09-03T10:28:07.097+0000] {taskinstance.py:1412} INFO - Marking task as SUCCESS. dag_id=weather_data, task_id=greeting, execution_date=20220903T102806, start_date=20220903T102806, end_date=20220903T102807
[2022-09-03T10:28:07.154+0000] {local_task_job.py:156} INFO - Task exited with return code 0
[2022-09-03T10:28:07.183+0000] {local_task_job.py:279} INFO - 1 downstream tasks scheduled from follow-on schedule check
