[2022-09-03T09:53:59.224+0000] {taskinstance.py:1171} INFO - Dependencies all met for <TaskInstance: weather_data.check_weather manual__2022-09-03T09:53:56.595080+00:00 [queued]>
[2022-09-03T09:53:59.231+0000] {taskinstance.py:1171} INFO - Dependencies all met for <TaskInstance: weather_data.check_weather manual__2022-09-03T09:53:56.595080+00:00 [queued]>
[2022-09-03T09:53:59.232+0000] {taskinstance.py:1368} INFO - 
--------------------------------------------------------------------------------
[2022-09-03T09:53:59.233+0000] {taskinstance.py:1369} INFO - Starting attempt 1 of 1
[2022-09-03T09:53:59.234+0000] {taskinstance.py:1370} INFO - 
--------------------------------------------------------------------------------
[2022-09-03T09:53:59.243+0000] {taskinstance.py:1389} INFO - Executing <Task(PythonOperator): check_weather> on 2022-09-03 09:53:56.595080+00:00
[2022-09-03T09:53:59.248+0000] {standard_task_runner.py:52} INFO - Started process 5214 to run task
[2022-09-03T09:53:59.252+0000] {standard_task_runner.py:79} INFO - Running: ['***', 'tasks', 'run', 'weather_data', 'check_weather', 'manual__2022-09-03T09:53:56.595080+00:00', '--job-id', '92', '--raw', '--subdir', 'DAGS_FOLDER/first_dag.py', '--cfg-path', '/tmp/tmpj8xwqo20', '--error-file', '/tmp/tmpo5_oyjdu']
[2022-09-03T09:53:59.255+0000] {standard_task_runner.py:80} INFO - Job 92: Subtask check_weather
[2022-09-03T09:53:59.311+0000] {task_command.py:371} INFO - Running <TaskInstance: weather_data.check_weather manual__2022-09-03T09:53:56.595080+00:00 [running]> on host 3d56073112d8
[2022-09-03T09:53:59.366+0000] {taskinstance.py:1583} INFO - Exporting the following env vars:
AIRFLOW_CTX_DAG_OWNER=***
AIRFLOW_CTX_DAG_ID=weather_data
AIRFLOW_CTX_TASK_ID=check_weather
AIRFLOW_CTX_EXECUTION_DATE=2022-09-03T09:53:56.595080+00:00
AIRFLOW_CTX_TRY_NUMBER=1
AIRFLOW_CTX_DAG_RUN_ID=manual__2022-09-03T09:53:56.595080+00:00
[2022-09-03T09:53:59.436+0000] {python.py:173} INFO - Done. Returned value was: None
[2022-09-03T09:53:59.446+0000] {taskinstance.py:1412} INFO - Marking task as SUCCESS. dag_id=weather_data, task_id=check_weather, execution_date=20220903T095356, start_date=20220903T095359, end_date=20220903T095359
[2022-09-03T09:53:59.463+0000] {local_task_job.py:156} INFO - Task exited with return code 0
[2022-09-03T09:53:59.488+0000] {local_task_job.py:279} INFO - 0 downstream tasks scheduled from follow-on schedule check
