[2022-09-03T11:36:42.131+0000] {taskinstance.py:1171} INFO - Dependencies all met for <TaskInstance: weather_data.insert_weather_krd manual__2022-09-03T11:36:36.271113+00:00 [queued]>
[2022-09-03T11:36:42.137+0000] {taskinstance.py:1171} INFO - Dependencies all met for <TaskInstance: weather_data.insert_weather_krd manual__2022-09-03T11:36:36.271113+00:00 [queued]>
[2022-09-03T11:36:42.138+0000] {taskinstance.py:1368} INFO - 
--------------------------------------------------------------------------------
[2022-09-03T11:36:42.139+0000] {taskinstance.py:1369} INFO - Starting attempt 1 of 1
[2022-09-03T11:36:42.140+0000] {taskinstance.py:1370} INFO - 
--------------------------------------------------------------------------------
[2022-09-03T11:36:42.148+0000] {taskinstance.py:1389} INFO - Executing <Task(PostgresOperator): insert_weather_krd> on 2022-09-03 11:36:36.271113+00:00
[2022-09-03T11:36:42.152+0000] {standard_task_runner.py:52} INFO - Started process 10618 to run task
[2022-09-03T11:36:42.155+0000] {standard_task_runner.py:79} INFO - Running: ['***', 'tasks', 'run', 'weather_data', 'insert_weather_krd', 'manual__2022-09-03T11:36:36.271113+00:00', '--job-id', '217', '--raw', '--subdir', 'DAGS_FOLDER/first_dag.py', '--cfg-path', '/tmp/tmpma1t6xm1', '--error-file', '/tmp/tmp52sv89y4']
[2022-09-03T11:36:42.156+0000] {standard_task_runner.py:80} INFO - Job 217: Subtask insert_weather_krd
[2022-09-03T11:36:42.206+0000] {task_command.py:371} INFO - Running <TaskInstance: weather_data.insert_weather_krd manual__2022-09-03T11:36:36.271113+00:00 [running]> on host 3d56073112d8
[2022-09-03T11:36:42.288+0000] {taskinstance.py:1583} INFO - Exporting the following env vars:
AIRFLOW_CTX_DAG_OWNER=***
AIRFLOW_CTX_DAG_ID=weather_data
AIRFLOW_CTX_TASK_ID=insert_weather_krd
AIRFLOW_CTX_EXECUTION_DATE=2022-09-03T11:36:36.271113+00:00
AIRFLOW_CTX_TRY_NUMBER=1
AIRFLOW_CTX_DAG_RUN_ID=manual__2022-09-03T11:36:36.271113+00:00
[2022-09-03T11:36:42.296+0000] {base.py:68} INFO - Using connection ID 'postgres_default' for task execution.
[2022-09-03T11:36:42.300+0000] {sql.py:315} INFO - Running statement: insert into weather(
                name,
                temp,
                temp_min,
                temp_max,
                description,
                wind_speed,
                sunset,
                sunrise
            ) values (
                'Краснодар',
                33.33,
                30.03,
                33.33,
                'ясно',
                3,
                1662220756,
                1662173291
            ), parameters: None
[2022-09-03T11:36:42.303+0000] {sql.py:324} INFO - Rows affected: 1
[2022-09-03T11:36:42.316+0000] {taskinstance.py:1412} INFO - Marking task as SUCCESS. dag_id=weather_data, task_id=insert_weather_krd, execution_date=20220903T113636, start_date=20220903T113642, end_date=20220903T113642
[2022-09-03T11:36:42.370+0000] {local_task_job.py:156} INFO - Task exited with return code 0
[2022-09-03T11:36:42.390+0000] {local_task_job.py:279} INFO - 0 downstream tasks scheduled from follow-on schedule check
