[2022-09-03T13:00:24.366+0000] {taskinstance.py:1171} INFO - Dependencies all met for <TaskInstance: weather_data.check_weather_mkp scheduled__2022-09-03T12:00:00+00:00 [queued]>
[2022-09-03T13:00:24.373+0000] {taskinstance.py:1171} INFO - Dependencies all met for <TaskInstance: weather_data.check_weather_mkp scheduled__2022-09-03T12:00:00+00:00 [queued]>
[2022-09-03T13:00:24.374+0000] {taskinstance.py:1368} INFO - 
--------------------------------------------------------------------------------
[2022-09-03T13:00:24.375+0000] {taskinstance.py:1369} INFO - Starting attempt 1 of 1
[2022-09-03T13:00:24.376+0000] {taskinstance.py:1370} INFO - 
--------------------------------------------------------------------------------
[2022-09-03T13:00:24.384+0000] {taskinstance.py:1389} INFO - Executing <Task(PythonOperator): check_weather_mkp> on 2022-09-03 12:00:00+00:00
[2022-09-03T13:00:24.388+0000] {standard_task_runner.py:52} INFO - Started process 119 to run task
[2022-09-03T13:00:24.390+0000] {standard_task_runner.py:79} INFO - Running: ['***', 'tasks', 'run', 'weather_data', 'check_weather_mkp', 'scheduled__2022-09-03T12:00:00+00:00', '--job-id', '268', '--raw', '--subdir', 'DAGS_FOLDER/first_dag.py', '--cfg-path', '/tmp/tmpged7cd_g', '--error-file', '/tmp/tmp_ul9xhd1']
[2022-09-03T13:00:24.391+0000] {standard_task_runner.py:80} INFO - Job 268: Subtask check_weather_mkp
[2022-09-03T13:00:24.441+0000] {task_command.py:371} INFO - Running <TaskInstance: weather_data.check_weather_mkp scheduled__2022-09-03T12:00:00+00:00 [running]> on host f432245fdbd9
[2022-09-03T13:00:24.486+0000] {taskinstance.py:1583} INFO - Exporting the following env vars:
AIRFLOW_CTX_DAG_OWNER=***
AIRFLOW_CTX_DAG_ID=weather_data
AIRFLOW_CTX_TASK_ID=check_weather_mkp
AIRFLOW_CTX_EXECUTION_DATE=2022-09-03T12:00:00+00:00
AIRFLOW_CTX_TRY_NUMBER=1
AIRFLOW_CTX_DAG_RUN_ID=scheduled__2022-09-03T12:00:00+00:00
[2022-09-03T13:00:24.562+0000] {python.py:173} INFO - Done. Returned value was: None
[2022-09-03T13:00:24.570+0000] {taskinstance.py:1412} INFO - Marking task as SUCCESS. dag_id=weather_data, task_id=check_weather_mkp, execution_date=20220903T120000, start_date=20220903T130024, end_date=20220903T130024
[2022-09-03T13:00:24.603+0000] {local_task_job.py:156} INFO - Task exited with return code 0
[2022-09-03T13:00:24.628+0000] {local_task_job.py:279} INFO - 1 downstream tasks scheduled from follow-on schedule check
