[2022-09-03T09:57:12.627+0000] {taskinstance.py:1171} INFO - Dependencies all met for <TaskInstance: weather_data.getting_weather manual__2022-09-03T09:57:10.611632+00:00 [queued]>
[2022-09-03T09:57:12.633+0000] {taskinstance.py:1171} INFO - Dependencies all met for <TaskInstance: weather_data.getting_weather manual__2022-09-03T09:57:10.611632+00:00 [queued]>
[2022-09-03T09:57:12.634+0000] {taskinstance.py:1368} INFO - 
--------------------------------------------------------------------------------
[2022-09-03T09:57:12.635+0000] {taskinstance.py:1369} INFO - Starting attempt 1 of 1
[2022-09-03T09:57:12.636+0000] {taskinstance.py:1370} INFO - 
--------------------------------------------------------------------------------
[2022-09-03T09:57:12.644+0000] {taskinstance.py:1389} INFO - Executing <Task(SimpleHttpOperator): getting_weather> on 2022-09-03 09:57:10.611632+00:00
[2022-09-03T09:57:12.650+0000] {standard_task_runner.py:52} INFO - Started process 5388 to run task
[2022-09-03T09:57:12.653+0000] {standard_task_runner.py:79} INFO - Running: ['***', 'tasks', 'run', 'weather_data', 'getting_weather', 'manual__2022-09-03T09:57:10.611632+00:00', '--job-id', '97', '--raw', '--subdir', 'DAGS_FOLDER/first_dag.py', '--cfg-path', '/tmp/tmp8c4vqb2b', '--error-file', '/tmp/tmp32poeesy']
[2022-09-03T09:57:12.655+0000] {standard_task_runner.py:80} INFO - Job 97: Subtask getting_weather
[2022-09-03T09:57:12.717+0000] {task_command.py:371} INFO - Running <TaskInstance: weather_data.getting_weather manual__2022-09-03T09:57:10.611632+00:00 [running]> on host 3d56073112d8
[2022-09-03T09:57:12.775+0000] {taskinstance.py:1583} INFO - Exporting the following env vars:
AIRFLOW_CTX_DAG_OWNER=***
AIRFLOW_CTX_DAG_ID=weather_data
AIRFLOW_CTX_TASK_ID=getting_weather
AIRFLOW_CTX_EXECUTION_DATE=2022-09-03T09:57:10.611632+00:00
AIRFLOW_CTX_TRY_NUMBER=1
AIRFLOW_CTX_DAG_RUN_ID=manual__2022-09-03T09:57:10.611632+00:00
[2022-09-03T09:57:12.777+0000] {http.py:121} INFO - Calling HTTP method
[2022-09-03T09:57:12.784+0000] {base.py:68} INFO - Using connection ID 'http_default' for task execution.
[2022-09-03T09:57:12.786+0000] {http.py:148} INFO - Sending 'GET' to url: http://api.openweathermap.org/data/2.5/weather
[2022-09-03T09:57:12.972+0000] {taskinstance.py:1412} INFO - Marking task as SUCCESS. dag_id=weather_data, task_id=getting_weather, execution_date=20220903T095710, start_date=20220903T095712, end_date=20220903T095712
[2022-09-03T09:57:12.989+0000] {local_task_job.py:156} INFO - Task exited with return code 0
[2022-09-03T09:57:13.014+0000] {local_task_job.py:279} INFO - 1 downstream tasks scheduled from follow-on schedule check
