[2022-09-03T11:35:41.036+0000] {taskinstance.py:1171} INFO - Dependencies all met for <TaskInstance: weather_data.getting_weather_mkp manual__2022-09-03T11:35:39.624241+00:00 [queued]>
[2022-09-03T11:35:41.048+0000] {taskinstance.py:1171} INFO - Dependencies all met for <TaskInstance: weather_data.getting_weather_mkp manual__2022-09-03T11:35:39.624241+00:00 [queued]>
[2022-09-03T11:35:41.050+0000] {taskinstance.py:1368} INFO - 
--------------------------------------------------------------------------------
[2022-09-03T11:35:41.052+0000] {taskinstance.py:1369} INFO - Starting attempt 1 of 1
[2022-09-03T11:35:41.054+0000] {taskinstance.py:1370} INFO - 
--------------------------------------------------------------------------------
[2022-09-03T11:35:41.067+0000] {taskinstance.py:1389} INFO - Executing <Task(SimpleHttpOperator): getting_weather_mkp> on 2022-09-03 11:35:39.624241+00:00
[2022-09-03T11:35:41.077+0000] {standard_task_runner.py:52} INFO - Started process 10552 to run task
[2022-09-03T11:35:41.085+0000] {standard_task_runner.py:79} INFO - Running: ['***', 'tasks', 'run', 'weather_data', 'getting_weather_mkp', 'manual__2022-09-03T11:35:39.624241+00:00', '--job-id', '206', '--raw', '--subdir', 'DAGS_FOLDER/first_dag.py', '--cfg-path', '/tmp/tmpkjl7e6qv', '--error-file', '/tmp/tmpfyeodhp7']
[2022-09-03T11:35:41.090+0000] {standard_task_runner.py:80} INFO - Job 206: Subtask getting_weather_mkp
[2022-09-03T11:35:41.163+0000] {task_command.py:371} INFO - Running <TaskInstance: weather_data.getting_weather_mkp manual__2022-09-03T11:35:39.624241+00:00 [running]> on host 3d56073112d8
[2022-09-03T11:35:41.230+0000] {taskinstance.py:1583} INFO - Exporting the following env vars:
AIRFLOW_CTX_DAG_OWNER=***
AIRFLOW_CTX_DAG_ID=weather_data
AIRFLOW_CTX_TASK_ID=getting_weather_mkp
AIRFLOW_CTX_EXECUTION_DATE=2022-09-03T11:35:39.624241+00:00
AIRFLOW_CTX_TRY_NUMBER=1
AIRFLOW_CTX_DAG_RUN_ID=manual__2022-09-03T11:35:39.624241+00:00
[2022-09-03T11:35:41.232+0000] {http.py:121} INFO - Calling HTTP method
[2022-09-03T11:35:41.242+0000] {base.py:68} INFO - Using connection ID 'http_default' for task execution.
[2022-09-03T11:35:41.245+0000] {http.py:148} INFO - Sending 'GET' to url: http://api.openweathermap.org/data/2.5/weather
[2022-09-03T11:35:41.465+0000] {taskinstance.py:1412} INFO - Marking task as SUCCESS. dag_id=weather_data, task_id=getting_weather_mkp, execution_date=20220903T113539, start_date=20220903T113541, end_date=20220903T113541
[2022-09-03T11:35:41.504+0000] {local_task_job.py:156} INFO - Task exited with return code 0
[2022-09-03T11:35:41.527+0000] {local_task_job.py:279} INFO - 0 downstream tasks scheduled from follow-on schedule check
