[2022-09-03T10:00:03.097+0000] {taskinstance.py:1171} INFO - Dependencies all met for <TaskInstance: weather_data.check_weather scheduled__2022-09-03T09:00:00+00:00 [queued]>
[2022-09-03T10:00:03.118+0000] {taskinstance.py:1171} INFO - Dependencies all met for <TaskInstance: weather_data.check_weather scheduled__2022-09-03T09:00:00+00:00 [queued]>
[2022-09-03T10:00:03.122+0000] {taskinstance.py:1368} INFO - 
--------------------------------------------------------------------------------
[2022-09-03T10:00:03.125+0000] {taskinstance.py:1369} INFO - Starting attempt 1 of 1
[2022-09-03T10:00:03.131+0000] {taskinstance.py:1370} INFO - 
--------------------------------------------------------------------------------
[2022-09-03T10:00:03.149+0000] {taskinstance.py:1389} INFO - Executing <Task(PythonOperator): check_weather> on 2022-09-03 09:00:00+00:00
[2022-09-03T10:00:03.158+0000] {standard_task_runner.py:52} INFO - Started process 5541 to run task
[2022-09-03T10:00:03.163+0000] {standard_task_runner.py:79} INFO - Running: ['***', 'tasks', 'run', 'weather_data', 'check_weather', 'scheduled__2022-09-03T09:00:00+00:00', '--job-id', '101', '--raw', '--subdir', 'DAGS_FOLDER/first_dag.py', '--cfg-path', '/tmp/tmpbmt49tm6', '--error-file', '/tmp/tmprqsg259x']
[2022-09-03T10:00:03.167+0000] {standard_task_runner.py:80} INFO - Job 101: Subtask check_weather
[2022-09-03T10:00:03.234+0000] {task_command.py:371} INFO - Running <TaskInstance: weather_data.check_weather scheduled__2022-09-03T09:00:00+00:00 [running]> on host 3d56073112d8
[2022-09-03T10:00:03.280+0000] {taskinstance.py:1583} INFO - Exporting the following env vars:
AIRFLOW_CTX_DAG_OWNER=***
AIRFLOW_CTX_DAG_ID=weather_data
AIRFLOW_CTX_TASK_ID=check_weather
AIRFLOW_CTX_EXECUTION_DATE=2022-09-03T09:00:00+00:00
AIRFLOW_CTX_TRY_NUMBER=1
AIRFLOW_CTX_DAG_RUN_ID=scheduled__2022-09-03T09:00:00+00:00
[2022-09-03T10:00:03.357+0000] {python.py:173} INFO - Done. Returned value was: None
[2022-09-03T10:00:03.366+0000] {taskinstance.py:1412} INFO - Marking task as SUCCESS. dag_id=weather_data, task_id=check_weather, execution_date=20220903T090000, start_date=20220903T100003, end_date=20220903T100003
[2022-09-03T10:00:03.383+0000] {local_task_job.py:156} INFO - Task exited with return code 0
[2022-09-03T10:00:03.408+0000] {local_task_job.py:279} INFO - 0 downstream tasks scheduled from follow-on schedule check
