[2022-09-03T11:27:08.972+0000] {taskinstance.py:1171} INFO - Dependencies all met for <TaskInstance: weather_data.drop_table manual__2022-09-03T11:27:07.419411+00:00 [queued]>
[2022-09-03T11:27:09.023+0000] {taskinstance.py:1171} INFO - Dependencies all met for <TaskInstance: weather_data.drop_table manual__2022-09-03T11:27:07.419411+00:00 [queued]>
[2022-09-03T11:27:09.027+0000] {taskinstance.py:1368} INFO - 
--------------------------------------------------------------------------------
[2022-09-03T11:27:09.029+0000] {taskinstance.py:1369} INFO - Starting attempt 1 of 1
[2022-09-03T11:27:09.031+0000] {taskinstance.py:1370} INFO - 
--------------------------------------------------------------------------------
[2022-09-03T11:27:09.051+0000] {taskinstance.py:1389} INFO - Executing <Task(PostgresOperator): drop_table> on 2022-09-03 11:27:07.419411+00:00
[2022-09-03T11:27:09.059+0000] {standard_task_runner.py:52} INFO - Started process 10045 to run task
[2022-09-03T11:27:09.068+0000] {standard_task_runner.py:79} INFO - Running: ['***', 'tasks', 'run', 'weather_data', 'drop_table', 'manual__2022-09-03T11:27:07.419411+00:00', '--job-id', '165', '--raw', '--subdir', 'DAGS_FOLDER/first_dag.py', '--cfg-path', '/tmp/tmpeiv_8djw', '--error-file', '/tmp/tmpez3y2bnj']
[2022-09-03T11:27:09.084+0000] {standard_task_runner.py:80} INFO - Job 165: Subtask drop_table
[2022-09-03T11:27:09.190+0000] {task_command.py:371} INFO - Running <TaskInstance: weather_data.drop_table manual__2022-09-03T11:27:07.419411+00:00 [running]> on host 3d56073112d8
[2022-09-03T11:27:09.284+0000] {taskinstance.py:1583} INFO - Exporting the following env vars:
AIRFLOW_CTX_DAG_OWNER=***
AIRFLOW_CTX_DAG_ID=weather_data
AIRFLOW_CTX_TASK_ID=drop_table
AIRFLOW_CTX_EXECUTION_DATE=2022-09-03T11:27:07.419411+00:00
AIRFLOW_CTX_TRY_NUMBER=1
AIRFLOW_CTX_DAG_RUN_ID=manual__2022-09-03T11:27:07.419411+00:00
[2022-09-03T11:27:09.296+0000] {base.py:68} INFO - Using connection ID 'postgres_default' for task execution.
[2022-09-03T11:27:09.306+0000] {sql.py:315} INFO - Running statement: drop table if exists weather, parameters: None
[2022-09-03T11:27:09.337+0000] {taskinstance.py:1412} INFO - Marking task as SUCCESS. dag_id=weather_data, task_id=drop_table, execution_date=20220903T112707, start_date=20220903T112708, end_date=20220903T112709
[2022-09-03T11:27:09.385+0000] {local_task_job.py:156} INFO - Task exited with return code 0
[2022-09-03T11:27:09.476+0000] {local_task_job.py:279} INFO - 1 downstream tasks scheduled from follow-on schedule check
