[2022-09-03T09:45:05.269+0000] {taskinstance.py:1171} INFO - Dependencies all met for <TaskInstance: weather_data.getting_weather manual__2022-09-03T09:45:03.706470+00:00 [queued]>
[2022-09-03T09:45:05.280+0000] {taskinstance.py:1171} INFO - Dependencies all met for <TaskInstance: weather_data.getting_weather manual__2022-09-03T09:45:03.706470+00:00 [queued]>
[2022-09-03T09:45:05.282+0000] {taskinstance.py:1368} INFO - 
--------------------------------------------------------------------------------
[2022-09-03T09:45:05.283+0000] {taskinstance.py:1369} INFO - Starting attempt 1 of 1
[2022-09-03T09:45:05.285+0000] {taskinstance.py:1370} INFO - 
--------------------------------------------------------------------------------
[2022-09-03T09:45:05.295+0000] {taskinstance.py:1389} INFO - Executing <Task(SimpleHttpOperator): getting_weather> on 2022-09-03 09:45:03.706470+00:00
[2022-09-03T09:45:05.301+0000] {standard_task_runner.py:52} INFO - Started process 4699 to run task
[2022-09-03T09:45:05.303+0000] {standard_task_runner.py:79} INFO - Running: ['***', 'tasks', 'run', 'weather_data', 'getting_weather', 'manual__2022-09-03T09:45:03.706470+00:00', '--job-id', '61', '--raw', '--subdir', 'DAGS_FOLDER/first_dag.py', '--cfg-path', '/tmp/tmpvh22yn5v', '--error-file', '/tmp/tmp7h6a93qr']
[2022-09-03T09:45:05.305+0000] {standard_task_runner.py:80} INFO - Job 61: Subtask getting_weather
[2022-09-03T09:45:05.345+0000] {task_command.py:371} INFO - Running <TaskInstance: weather_data.getting_weather manual__2022-09-03T09:45:03.706470+00:00 [running]> on host 3d56073112d8
[2022-09-03T09:45:05.388+0000] {taskinstance.py:1583} INFO - Exporting the following env vars:
AIRFLOW_CTX_DAG_OWNER=***
AIRFLOW_CTX_DAG_ID=weather_data
AIRFLOW_CTX_TASK_ID=getting_weather
AIRFLOW_CTX_EXECUTION_DATE=2022-09-03T09:45:03.706470+00:00
AIRFLOW_CTX_TRY_NUMBER=1
AIRFLOW_CTX_DAG_RUN_ID=manual__2022-09-03T09:45:03.706470+00:00
[2022-09-03T09:45:05.390+0000] {http.py:121} INFO - Calling HTTP method
[2022-09-03T09:45:05.397+0000] {base.py:68} INFO - Using connection ID 'http_default' for task execution.
[2022-09-03T09:45:05.399+0000] {http.py:148} INFO - Sending 'GET' to url: http://api.openweathermap.org/data/2.5/weather
[2022-09-03T09:45:05.932+0000] {taskinstance.py:1412} INFO - Marking task as SUCCESS. dag_id=weather_data, task_id=getting_weather, execution_date=20220903T094503, start_date=20220903T094505, end_date=20220903T094505
[2022-09-03T09:45:05.956+0000] {local_task_job.py:156} INFO - Task exited with return code 0
[2022-09-03T09:45:05.996+0000] {local_task_job.py:279} INFO - 1 downstream tasks scheduled from follow-on schedule check
