[2022-09-03T10:18:00.816+0000] {taskinstance.py:1171} INFO - Dependencies all met for <TaskInstance: weather_data.getting_weather manual__2022-09-03T10:17:59.164633+00:00 [queued]>
[2022-09-03T10:18:00.834+0000] {taskinstance.py:1171} INFO - Dependencies all met for <TaskInstance: weather_data.getting_weather manual__2022-09-03T10:17:59.164633+00:00 [queued]>
[2022-09-03T10:18:00.836+0000] {taskinstance.py:1368} INFO - 
--------------------------------------------------------------------------------
[2022-09-03T10:18:00.837+0000] {taskinstance.py:1369} INFO - Starting attempt 1 of 1
[2022-09-03T10:18:00.838+0000] {taskinstance.py:1370} INFO - 
--------------------------------------------------------------------------------
[2022-09-03T10:18:00.848+0000] {taskinstance.py:1389} INFO - Executing <Task(SimpleHttpOperator): getting_weather> on 2022-09-03 10:17:59.164633+00:00
[2022-09-03T10:18:00.853+0000] {standard_task_runner.py:52} INFO - Started process 6451 to run task
[2022-09-03T10:18:00.858+0000] {standard_task_runner.py:79} INFO - Running: ['***', 'tasks', 'run', 'weather_data', 'getting_weather', 'manual__2022-09-03T10:17:59.164633+00:00', '--job-id', '103', '--raw', '--subdir', 'DAGS_FOLDER/first_dag.py', '--cfg-path', '/tmp/tmp76vemqb6', '--error-file', '/tmp/tmpciak7d3x']
[2022-09-03T10:18:00.859+0000] {standard_task_runner.py:80} INFO - Job 103: Subtask getting_weather
[2022-09-03T10:18:00.909+0000] {task_command.py:371} INFO - Running <TaskInstance: weather_data.getting_weather manual__2022-09-03T10:17:59.164633+00:00 [running]> on host 3d56073112d8
[2022-09-03T10:18:00.965+0000] {taskinstance.py:1583} INFO - Exporting the following env vars:
AIRFLOW_CTX_DAG_OWNER=***
AIRFLOW_CTX_DAG_ID=weather_data
AIRFLOW_CTX_TASK_ID=getting_weather
AIRFLOW_CTX_EXECUTION_DATE=2022-09-03T10:17:59.164633+00:00
AIRFLOW_CTX_TRY_NUMBER=1
AIRFLOW_CTX_DAG_RUN_ID=manual__2022-09-03T10:17:59.164633+00:00
[2022-09-03T10:18:00.967+0000] {http.py:121} INFO - Calling HTTP method
[2022-09-03T10:18:00.974+0000] {base.py:68} INFO - Using connection ID 'http_default' for task execution.
[2022-09-03T10:18:00.984+0000] {http.py:148} INFO - Sending 'GET' to url: http://api.openweathermap.org/data/2.5/weather
[2022-09-03T10:18:01.243+0000] {taskinstance.py:1412} INFO - Marking task as SUCCESS. dag_id=weather_data, task_id=getting_weather, execution_date=20220903T101759, start_date=20220903T101800, end_date=20220903T101801
[2022-09-03T10:18:01.274+0000] {local_task_job.py:156} INFO - Task exited with return code 0
[2022-09-03T10:18:01.305+0000] {local_task_job.py:279} INFO - 1 downstream tasks scheduled from follow-on schedule check
