[2022-09-03T10:38:45.552+0000] {taskinstance.py:1171} INFO - Dependencies all met for <TaskInstance: weather_data.greeting manual__2022-09-03T10:38:45.117497+00:00 [queued]>
[2022-09-03T10:38:45.559+0000] {taskinstance.py:1171} INFO - Dependencies all met for <TaskInstance: weather_data.greeting manual__2022-09-03T10:38:45.117497+00:00 [queued]>
[2022-09-03T10:38:45.560+0000] {taskinstance.py:1368} INFO - 
--------------------------------------------------------------------------------
[2022-09-03T10:38:45.561+0000] {taskinstance.py:1369} INFO - Starting attempt 1 of 1
[2022-09-03T10:38:45.562+0000] {taskinstance.py:1370} INFO - 
--------------------------------------------------------------------------------
[2022-09-03T10:38:45.570+0000] {taskinstance.py:1389} INFO - Executing <Task(BashOperator): greeting> on 2022-09-03 10:38:45.117497+00:00
[2022-09-03T10:38:45.574+0000] {standard_task_runner.py:52} INFO - Started process 7516 to run task
[2022-09-03T10:38:45.577+0000] {standard_task_runner.py:79} INFO - Running: ['***', 'tasks', 'run', 'weather_data', 'greeting', 'manual__2022-09-03T10:38:45.117497+00:00', '--job-id', '126', '--raw', '--subdir', 'DAGS_FOLDER/first_dag.py', '--cfg-path', '/tmp/tmpvejrl1xs', '--error-file', '/tmp/tmpw3feojp7']
[2022-09-03T10:38:45.578+0000] {standard_task_runner.py:80} INFO - Job 126: Subtask greeting
[2022-09-03T10:38:45.620+0000] {task_command.py:371} INFO - Running <TaskInstance: weather_data.greeting manual__2022-09-03T10:38:45.117497+00:00 [running]> on host 3d56073112d8
[2022-09-03T10:38:45.663+0000] {taskinstance.py:1583} INFO - Exporting the following env vars:
AIRFLOW_CTX_DAG_OWNER=***
AIRFLOW_CTX_DAG_ID=weather_data
AIRFLOW_CTX_TASK_ID=greeting
AIRFLOW_CTX_EXECUTION_DATE=2022-09-03T10:38:45.117497+00:00
AIRFLOW_CTX_TRY_NUMBER=1
AIRFLOW_CTX_DAG_RUN_ID=manual__2022-09-03T10:38:45.117497+00:00
[2022-09-03T10:38:45.665+0000] {subprocess.py:62} INFO - Tmp dir root location: 
 /tmp
[2022-09-03T10:38:45.666+0000] {subprocess.py:74} INFO - Running command: ['/bin/bash', '-c', 'echo Hello']
[2022-09-03T10:38:45.674+0000] {subprocess.py:85} INFO - Output:
[2022-09-03T10:38:45.675+0000] {subprocess.py:92} INFO - Hello
[2022-09-03T10:38:45.677+0000] {subprocess.py:96} INFO - Command exited with return code 0
[2022-09-03T10:38:45.696+0000] {taskinstance.py:1412} INFO - Marking task as SUCCESS. dag_id=weather_data, task_id=greeting, execution_date=20220903T103845, start_date=20220903T103845, end_date=20220903T103845
[2022-09-03T10:38:45.709+0000] {local_task_job.py:156} INFO - Task exited with return code 0
[2022-09-03T10:38:45.735+0000] {local_task_job.py:279} INFO - 1 downstream tasks scheduled from follow-on schedule check
