[2022-09-03T09:47:27.863+0000] {taskinstance.py:1171} INFO - Dependencies all met for <TaskInstance: weather_data.greeting manual__2022-09-03T09:47:27.433795+00:00 [queued]>
[2022-09-03T09:47:27.873+0000] {taskinstance.py:1171} INFO - Dependencies all met for <TaskInstance: weather_data.greeting manual__2022-09-03T09:47:27.433795+00:00 [queued]>
[2022-09-03T09:47:27.874+0000] {taskinstance.py:1368} INFO - 
--------------------------------------------------------------------------------
[2022-09-03T09:47:27.875+0000] {taskinstance.py:1369} INFO - Starting attempt 1 of 1
[2022-09-03T09:47:27.876+0000] {taskinstance.py:1370} INFO - 
--------------------------------------------------------------------------------
[2022-09-03T09:47:27.886+0000] {taskinstance.py:1389} INFO - Executing <Task(BashOperator): greeting> on 2022-09-03 09:47:27.433795+00:00
[2022-09-03T09:47:27.893+0000] {standard_task_runner.py:52} INFO - Started process 4834 to run task
[2022-09-03T09:47:27.897+0000] {standard_task_runner.py:79} INFO - Running: ['***', 'tasks', 'run', 'weather_data', 'greeting', 'manual__2022-09-03T09:47:27.433795+00:00', '--job-id', '69', '--raw', '--subdir', 'DAGS_FOLDER/first_dag.py', '--cfg-path', '/tmp/tmpnaw_l8cq', '--error-file', '/tmp/tmpj2ma0cpg']
[2022-09-03T09:47:27.899+0000] {standard_task_runner.py:80} INFO - Job 69: Subtask greeting
[2022-09-03T09:47:27.950+0000] {task_command.py:371} INFO - Running <TaskInstance: weather_data.greeting manual__2022-09-03T09:47:27.433795+00:00 [running]> on host 3d56073112d8
[2022-09-03T09:47:27.996+0000] {taskinstance.py:1583} INFO - Exporting the following env vars:
AIRFLOW_CTX_DAG_OWNER=***
AIRFLOW_CTX_DAG_ID=weather_data
AIRFLOW_CTX_TASK_ID=greeting
AIRFLOW_CTX_EXECUTION_DATE=2022-09-03T09:47:27.433795+00:00
AIRFLOW_CTX_TRY_NUMBER=1
AIRFLOW_CTX_DAG_RUN_ID=manual__2022-09-03T09:47:27.433795+00:00
[2022-09-03T09:47:27.998+0000] {subprocess.py:62} INFO - Tmp dir root location: 
 /tmp
[2022-09-03T09:47:27.999+0000] {subprocess.py:74} INFO - Running command: ['/bin/bash', '-c', 'echo Hello']
[2022-09-03T09:47:28.007+0000] {subprocess.py:85} INFO - Output:
[2022-09-03T09:47:28.009+0000] {subprocess.py:92} INFO - Hello
[2022-09-03T09:47:28.010+0000] {subprocess.py:96} INFO - Command exited with return code 0
[2022-09-03T09:47:28.028+0000] {taskinstance.py:1412} INFO - Marking task as SUCCESS. dag_id=weather_data, task_id=greeting, execution_date=20220903T094727, start_date=20220903T094727, end_date=20220903T094728
[2022-09-03T09:47:28.074+0000] {local_task_job.py:156} INFO - Task exited with return code 0
[2022-09-03T09:47:28.099+0000] {local_task_job.py:279} INFO - 1 downstream tasks scheduled from follow-on schedule check
