[2022-09-03T12:12:19.371+0000] {taskinstance.py:1171} INFO - Dependencies all met for <TaskInstance: weather_data.check_weather_mkp manual__2022-09-03T12:12:13.797425+00:00 [queued]>
[2022-09-03T12:12:19.382+0000] {taskinstance.py:1171} INFO - Dependencies all met for <TaskInstance: weather_data.check_weather_mkp manual__2022-09-03T12:12:13.797425+00:00 [queued]>
[2022-09-03T12:12:19.384+0000] {taskinstance.py:1368} INFO - 
--------------------------------------------------------------------------------
[2022-09-03T12:12:19.386+0000] {taskinstance.py:1369} INFO - Starting attempt 1 of 1
[2022-09-03T12:12:19.388+0000] {taskinstance.py:1370} INFO - 
--------------------------------------------------------------------------------
[2022-09-03T12:12:19.400+0000] {taskinstance.py:1389} INFO - Executing <Task(PythonOperator): check_weather_mkp> on 2022-09-03 12:12:13.797425+00:00
[2022-09-03T12:12:19.414+0000] {standard_task_runner.py:52} INFO - Started process 12526 to run task
[2022-09-03T12:12:19.420+0000] {standard_task_runner.py:79} INFO - Running: ['***', 'tasks', 'run', 'weather_data', 'check_weather_mkp', 'manual__2022-09-03T12:12:13.797425+00:00', '--job-id', '257', '--raw', '--subdir', 'DAGS_FOLDER/first_dag.py', '--cfg-path', '/tmp/tmpmx64c6hz', '--error-file', '/tmp/tmp3htmxy8q']
[2022-09-03T12:12:19.422+0000] {standard_task_runner.py:80} INFO - Job 257: Subtask check_weather_mkp
[2022-09-03T12:12:19.478+0000] {task_command.py:371} INFO - Running <TaskInstance: weather_data.check_weather_mkp manual__2022-09-03T12:12:13.797425+00:00 [running]> on host 3d56073112d8
[2022-09-03T12:12:19.528+0000] {taskinstance.py:1583} INFO - Exporting the following env vars:
AIRFLOW_CTX_DAG_OWNER=***
AIRFLOW_CTX_DAG_ID=weather_data
AIRFLOW_CTX_TASK_ID=check_weather_mkp
AIRFLOW_CTX_EXECUTION_DATE=2022-09-03T12:12:13.797425+00:00
AIRFLOW_CTX_TRY_NUMBER=1
AIRFLOW_CTX_DAG_RUN_ID=manual__2022-09-03T12:12:13.797425+00:00
[2022-09-03T12:12:19.609+0000] {python.py:173} INFO - Done. Returned value was: None
[2022-09-03T12:12:19.617+0000] {taskinstance.py:1412} INFO - Marking task as SUCCESS. dag_id=weather_data, task_id=check_weather_mkp, execution_date=20220903T121213, start_date=20220903T121219, end_date=20220903T121219
[2022-09-03T12:12:19.634+0000] {local_task_job.py:156} INFO - Task exited with return code 0
[2022-09-03T12:12:19.657+0000] {local_task_job.py:279} INFO - 1 downstream tasks scheduled from follow-on schedule check
