[2022-09-03T11:00:05.999+0000] {taskinstance.py:1171} INFO - Dependencies all met for <TaskInstance: weather_data.check_weather_mkp scheduled__2022-09-03T10:00:00+00:00 [queued]>
[2022-09-03T11:00:06.005+0000] {taskinstance.py:1171} INFO - Dependencies all met for <TaskInstance: weather_data.check_weather_mkp scheduled__2022-09-03T10:00:00+00:00 [queued]>
[2022-09-03T11:00:06.006+0000] {taskinstance.py:1368} INFO - 
--------------------------------------------------------------------------------
[2022-09-03T11:00:06.007+0000] {taskinstance.py:1369} INFO - Starting attempt 1 of 1
[2022-09-03T11:00:06.008+0000] {taskinstance.py:1370} INFO - 
--------------------------------------------------------------------------------
[2022-09-03T11:00:06.016+0000] {taskinstance.py:1389} INFO - Executing <Task(PythonOperator): check_weather_mkp> on 2022-09-03 10:00:00+00:00
[2022-09-03T11:00:06.020+0000] {standard_task_runner.py:52} INFO - Started process 8624 to run task
[2022-09-03T11:00:06.022+0000] {standard_task_runner.py:79} INFO - Running: ['***', 'tasks', 'run', 'weather_data', 'check_weather_mkp', 'scheduled__2022-09-03T10:00:00+00:00', '--job-id', '142', '--raw', '--subdir', 'DAGS_FOLDER/first_dag.py', '--cfg-path', '/tmp/tmpy3mz8p29', '--error-file', '/tmp/tmpfkn8vlec']
[2022-09-03T11:00:06.024+0000] {standard_task_runner.py:80} INFO - Job 142: Subtask check_weather_mkp
[2022-09-03T11:00:06.065+0000] {task_command.py:371} INFO - Running <TaskInstance: weather_data.check_weather_mkp scheduled__2022-09-03T10:00:00+00:00 [running]> on host 3d56073112d8
[2022-09-03T11:00:06.108+0000] {taskinstance.py:1583} INFO - Exporting the following env vars:
AIRFLOW_CTX_DAG_OWNER=***
AIRFLOW_CTX_DAG_ID=weather_data
AIRFLOW_CTX_TASK_ID=check_weather_mkp
AIRFLOW_CTX_EXECUTION_DATE=2022-09-03T10:00:00+00:00
AIRFLOW_CTX_TRY_NUMBER=1
AIRFLOW_CTX_DAG_RUN_ID=scheduled__2022-09-03T10:00:00+00:00
[2022-09-03T11:00:06.178+0000] {python.py:173} INFO - Done. Returned value was: None
[2022-09-03T11:00:06.187+0000] {taskinstance.py:1412} INFO - Marking task as SUCCESS. dag_id=weather_data, task_id=check_weather_mkp, execution_date=20220903T100000, start_date=20220903T110006, end_date=20220903T110006
[2022-09-03T11:00:06.238+0000] {local_task_job.py:156} INFO - Task exited with return code 0
[2022-09-03T11:00:06.258+0000] {local_task_job.py:279} INFO - 0 downstream tasks scheduled from follow-on schedule check
