[2022-09-03T10:27:23.034+0000] {taskinstance.py:1171} INFO - Dependencies all met for <TaskInstance: weather_data.check_weather manual__2022-09-03T10:27:19.850912+00:00 [queued]>
[2022-09-03T10:27:23.040+0000] {taskinstance.py:1171} INFO - Dependencies all met for <TaskInstance: weather_data.check_weather manual__2022-09-03T10:27:19.850912+00:00 [queued]>
[2022-09-03T10:27:23.041+0000] {taskinstance.py:1368} INFO - 
--------------------------------------------------------------------------------
[2022-09-03T10:27:23.042+0000] {taskinstance.py:1369} INFO - Starting attempt 1 of 1
[2022-09-03T10:27:23.043+0000] {taskinstance.py:1370} INFO - 
--------------------------------------------------------------------------------
[2022-09-03T10:27:23.050+0000] {taskinstance.py:1389} INFO - Executing <Task(PythonOperator): check_weather> on 2022-09-03 10:27:19.850912+00:00
[2022-09-03T10:27:23.055+0000] {standard_task_runner.py:52} INFO - Started process 6948 to run task
[2022-09-03T10:27:23.057+0000] {standard_task_runner.py:79} INFO - Running: ['***', 'tasks', 'run', 'weather_data', 'check_weather', 'manual__2022-09-03T10:27:19.850912+00:00', '--job-id', '119', '--raw', '--subdir', 'DAGS_FOLDER/first_dag.py', '--cfg-path', '/tmp/tmpupxirbe7', '--error-file', '/tmp/tmp1c2bc230']
[2022-09-03T10:27:23.058+0000] {standard_task_runner.py:80} INFO - Job 119: Subtask check_weather
[2022-09-03T10:27:23.099+0000] {task_command.py:371} INFO - Running <TaskInstance: weather_data.check_weather manual__2022-09-03T10:27:19.850912+00:00 [running]> on host 3d56073112d8
[2022-09-03T10:27:23.166+0000] {taskinstance.py:1583} INFO - Exporting the following env vars:
AIRFLOW_CTX_DAG_OWNER=***
AIRFLOW_CTX_DAG_ID=weather_data
AIRFLOW_CTX_TASK_ID=check_weather
AIRFLOW_CTX_EXECUTION_DATE=2022-09-03T10:27:19.850912+00:00
AIRFLOW_CTX_TRY_NUMBER=1
AIRFLOW_CTX_DAG_RUN_ID=manual__2022-09-03T10:27:19.850912+00:00
[2022-09-03T10:27:23.248+0000] {python.py:173} INFO - Done. Returned value was: None
[2022-09-03T10:27:23.257+0000] {taskinstance.py:1412} INFO - Marking task as SUCCESS. dag_id=weather_data, task_id=check_weather, execution_date=20220903T102719, start_date=20220903T102723, end_date=20220903T102723
[2022-09-03T10:27:23.311+0000] {local_task_job.py:156} INFO - Task exited with return code 0
[2022-09-03T10:27:23.346+0000] {local_task_job.py:279} INFO - 0 downstream tasks scheduled from follow-on schedule check
