[2022-09-03T11:36:39.853+0000] {taskinstance.py:1171} INFO - Dependencies all met for <TaskInstance: weather_data.getting_weather_krd manual__2022-09-03T11:36:36.271113+00:00 [queued]>
[2022-09-03T11:36:39.859+0000] {taskinstance.py:1171} INFO - Dependencies all met for <TaskInstance: weather_data.getting_weather_krd manual__2022-09-03T11:36:36.271113+00:00 [queued]>
[2022-09-03T11:36:39.860+0000] {taskinstance.py:1368} INFO - 
--------------------------------------------------------------------------------
[2022-09-03T11:36:39.860+0000] {taskinstance.py:1369} INFO - Starting attempt 1 of 1
[2022-09-03T11:36:39.861+0000] {taskinstance.py:1370} INFO - 
--------------------------------------------------------------------------------
[2022-09-03T11:36:39.869+0000] {taskinstance.py:1389} INFO - Executing <Task(SimpleHttpOperator): getting_weather_krd> on 2022-09-03 11:36:36.271113+00:00
[2022-09-03T11:36:39.875+0000] {standard_task_runner.py:52} INFO - Started process 10614 to run task
[2022-09-03T11:36:39.878+0000] {standard_task_runner.py:79} INFO - Running: ['***', 'tasks', 'run', 'weather_data', 'getting_weather_krd', 'manual__2022-09-03T11:36:36.271113+00:00', '--job-id', '215', '--raw', '--subdir', 'DAGS_FOLDER/first_dag.py', '--cfg-path', '/tmp/tmp9ocutcub', '--error-file', '/tmp/tmpj8drhqwk']
[2022-09-03T11:36:39.881+0000] {standard_task_runner.py:80} INFO - Job 215: Subtask getting_weather_krd
[2022-09-03T11:36:39.922+0000] {task_command.py:371} INFO - Running <TaskInstance: weather_data.getting_weather_krd manual__2022-09-03T11:36:36.271113+00:00 [running]> on host 3d56073112d8
[2022-09-03T11:36:39.966+0000] {taskinstance.py:1583} INFO - Exporting the following env vars:
AIRFLOW_CTX_DAG_OWNER=***
AIRFLOW_CTX_DAG_ID=weather_data
AIRFLOW_CTX_TASK_ID=getting_weather_krd
AIRFLOW_CTX_EXECUTION_DATE=2022-09-03T11:36:36.271113+00:00
AIRFLOW_CTX_TRY_NUMBER=1
AIRFLOW_CTX_DAG_RUN_ID=manual__2022-09-03T11:36:36.271113+00:00
[2022-09-03T11:36:39.968+0000] {http.py:121} INFO - Calling HTTP method
[2022-09-03T11:36:39.975+0000] {base.py:68} INFO - Using connection ID 'http_default' for task execution.
[2022-09-03T11:36:39.977+0000] {http.py:148} INFO - Sending 'GET' to url: http://api.openweathermap.org/data/2.5/weather
[2022-09-03T11:36:40.156+0000] {taskinstance.py:1412} INFO - Marking task as SUCCESS. dag_id=weather_data, task_id=getting_weather_krd, execution_date=20220903T113636, start_date=20220903T113639, end_date=20220903T113640
[2022-09-03T11:36:40.182+0000] {local_task_job.py:156} INFO - Task exited with return code 0
[2022-09-03T11:36:40.211+0000] {local_task_job.py:279} INFO - 1 downstream tasks scheduled from follow-on schedule check
