[2022-09-03T10:18:01.867+0000] {taskinstance.py:1171} INFO - Dependencies all met for <TaskInstance: weather_data.check_weather manual__2022-09-03T10:17:59.164633+00:00 [queued]>
[2022-09-03T10:18:01.874+0000] {taskinstance.py:1171} INFO - Dependencies all met for <TaskInstance: weather_data.check_weather manual__2022-09-03T10:17:59.164633+00:00 [queued]>
[2022-09-03T10:18:01.874+0000] {taskinstance.py:1368} INFO - 
--------------------------------------------------------------------------------
[2022-09-03T10:18:01.875+0000] {taskinstance.py:1369} INFO - Starting attempt 1 of 1
[2022-09-03T10:18:01.876+0000] {taskinstance.py:1370} INFO - 
--------------------------------------------------------------------------------
[2022-09-03T10:18:01.883+0000] {taskinstance.py:1389} INFO - Executing <Task(PythonOperator): check_weather> on 2022-09-03 10:17:59.164633+00:00
[2022-09-03T10:18:01.887+0000] {standard_task_runner.py:52} INFO - Started process 6453 to run task
[2022-09-03T10:18:01.890+0000] {standard_task_runner.py:79} INFO - Running: ['***', 'tasks', 'run', 'weather_data', 'check_weather', 'manual__2022-09-03T10:17:59.164633+00:00', '--job-id', '104', '--raw', '--subdir', 'DAGS_FOLDER/first_dag.py', '--cfg-path', '/tmp/tmpysp0d73_', '--error-file', '/tmp/tmpccr0_qqr']
[2022-09-03T10:18:01.891+0000] {standard_task_runner.py:80} INFO - Job 104: Subtask check_weather
[2022-09-03T10:18:01.932+0000] {task_command.py:371} INFO - Running <TaskInstance: weather_data.check_weather manual__2022-09-03T10:17:59.164633+00:00 [running]> on host 3d56073112d8
[2022-09-03T10:18:01.975+0000] {taskinstance.py:1583} INFO - Exporting the following env vars:
AIRFLOW_CTX_DAG_OWNER=***
AIRFLOW_CTX_DAG_ID=weather_data
AIRFLOW_CTX_TASK_ID=check_weather
AIRFLOW_CTX_EXECUTION_DATE=2022-09-03T10:17:59.164633+00:00
AIRFLOW_CTX_TRY_NUMBER=1
AIRFLOW_CTX_DAG_RUN_ID=manual__2022-09-03T10:17:59.164633+00:00
[2022-09-03T10:18:02.047+0000] {python.py:173} INFO - Done. Returned value was: None
[2022-09-03T10:18:02.056+0000] {taskinstance.py:1412} INFO - Marking task as SUCCESS. dag_id=weather_data, task_id=check_weather, execution_date=20220903T101759, start_date=20220903T101801, end_date=20220903T101802
[2022-09-03T10:18:02.107+0000] {local_task_job.py:156} INFO - Task exited with return code 0
[2022-09-03T10:18:02.127+0000] {local_task_job.py:279} INFO - 0 downstream tasks scheduled from follow-on schedule check
