[2022-09-03T12:10:24.059+0000] {taskinstance.py:1171} INFO - Dependencies all met for <TaskInstance: weather_data.getting_weather_mkp manual__2022-09-03T12:10:13.121929+00:00 [queued]>
[2022-09-03T12:10:24.072+0000] {taskinstance.py:1171} INFO - Dependencies all met for <TaskInstance: weather_data.getting_weather_mkp manual__2022-09-03T12:10:13.121929+00:00 [queued]>
[2022-09-03T12:10:24.074+0000] {taskinstance.py:1368} INFO - 
--------------------------------------------------------------------------------
[2022-09-03T12:10:24.077+0000] {taskinstance.py:1369} INFO - Starting attempt 1 of 1
[2022-09-03T12:10:24.079+0000] {taskinstance.py:1370} INFO - 
--------------------------------------------------------------------------------
[2022-09-03T12:10:24.093+0000] {taskinstance.py:1389} INFO - Executing <Task(SimpleHttpOperator): getting_weather_mkp> on 2022-09-03 12:10:13.121929+00:00
[2022-09-03T12:10:24.101+0000] {standard_task_runner.py:52} INFO - Started process 12409 to run task
[2022-09-03T12:10:24.104+0000] {standard_task_runner.py:79} INFO - Running: ['***', 'tasks', 'run', 'weather_data', 'getting_weather_mkp', 'manual__2022-09-03T12:10:13.121929+00:00', '--job-id', '249', '--raw', '--subdir', 'DAGS_FOLDER/first_dag.py', '--cfg-path', '/tmp/tmpp7mjtmam', '--error-file', '/tmp/tmpm1qtc6ni']
[2022-09-03T12:10:24.107+0000] {standard_task_runner.py:80} INFO - Job 249: Subtask getting_weather_mkp
[2022-09-03T12:10:24.187+0000] {task_command.py:371} INFO - Running <TaskInstance: weather_data.getting_weather_mkp manual__2022-09-03T12:10:13.121929+00:00 [running]> on host 3d56073112d8
[2022-09-03T12:10:24.258+0000] {taskinstance.py:1583} INFO - Exporting the following env vars:
AIRFLOW_CTX_DAG_OWNER=***
AIRFLOW_CTX_DAG_ID=weather_data
AIRFLOW_CTX_TASK_ID=getting_weather_mkp
AIRFLOW_CTX_EXECUTION_DATE=2022-09-03T12:10:13.121929+00:00
AIRFLOW_CTX_TRY_NUMBER=1
AIRFLOW_CTX_DAG_RUN_ID=manual__2022-09-03T12:10:13.121929+00:00
[2022-09-03T12:10:24.261+0000] {http.py:121} INFO - Calling HTTP method
[2022-09-03T12:10:24.274+0000] {base.py:68} INFO - Using connection ID 'http_default' for task execution.
[2022-09-03T12:10:24.278+0000] {http.py:148} INFO - Sending 'GET' to url: http://api.openweathermap.org/data/2.5/weather
[2022-09-03T12:10:24.484+0000] {taskinstance.py:1412} INFO - Marking task as SUCCESS. dag_id=weather_data, task_id=getting_weather_mkp, execution_date=20220903T121013, start_date=20220903T121024, end_date=20220903T121024
[2022-09-03T12:10:24.527+0000] {local_task_job.py:156} INFO - Task exited with return code 0
[2022-09-03T12:10:24.558+0000] {local_task_job.py:279} INFO - 1 downstream tasks scheduled from follow-on schedule check
