[2022-09-03T09:34:01.249+0000] {taskinstance.py:1171} INFO - Dependencies all met for <TaskInstance: weather_data.check_weather manual__2022-09-03T09:33:58.481581+00:00 [queued]>
[2022-09-03T09:34:01.255+0000] {taskinstance.py:1171} INFO - Dependencies all met for <TaskInstance: weather_data.check_weather manual__2022-09-03T09:33:58.481581+00:00 [queued]>
[2022-09-03T09:34:01.256+0000] {taskinstance.py:1368} INFO - 
--------------------------------------------------------------------------------
[2022-09-03T09:34:01.257+0000] {taskinstance.py:1369} INFO - Starting attempt 1 of 1
[2022-09-03T09:34:01.257+0000] {taskinstance.py:1370} INFO - 
--------------------------------------------------------------------------------
[2022-09-03T09:34:01.265+0000] {taskinstance.py:1389} INFO - Executing <Task(PythonOperator): check_weather> on 2022-09-03 09:33:58.481581+00:00
[2022-09-03T09:34:01.269+0000] {standard_task_runner.py:52} INFO - Started process 4138 to run task
[2022-09-03T09:34:01.272+0000] {standard_task_runner.py:79} INFO - Running: ['***', 'tasks', 'run', 'weather_data', 'check_weather', 'manual__2022-09-03T09:33:58.481581+00:00', '--job-id', '59', '--raw', '--subdir', 'DAGS_FOLDER/first_dag.py', '--cfg-path', '/tmp/tmp9_fftpml', '--error-file', '/tmp/tmpk42umxuw']
[2022-09-03T09:34:01.273+0000] {standard_task_runner.py:80} INFO - Job 59: Subtask check_weather
[2022-09-03T09:34:01.313+0000] {task_command.py:371} INFO - Running <TaskInstance: weather_data.check_weather manual__2022-09-03T09:33:58.481581+00:00 [running]> on host 3d56073112d8
[2022-09-03T09:34:01.355+0000] {taskinstance.py:1583} INFO - Exporting the following env vars:
AIRFLOW_CTX_DAG_OWNER=***
AIRFLOW_CTX_DAG_ID=weather_data
AIRFLOW_CTX_TASK_ID=check_weather
AIRFLOW_CTX_EXECUTION_DATE=2022-09-03T09:33:58.481581+00:00
AIRFLOW_CTX_TRY_NUMBER=1
AIRFLOW_CTX_DAG_RUN_ID=manual__2022-09-03T09:33:58.481581+00:00
[2022-09-03T09:34:01.371+0000] {python.py:173} INFO - Done. Returned value was: [{'id': 804, 'main': 'Clouds', 'description': 'пасмурно', 'icon': '04d'}]
[2022-09-03T09:34:01.386+0000] {taskinstance.py:1412} INFO - Marking task as SUCCESS. dag_id=weather_data, task_id=check_weather, execution_date=20220903T093358, start_date=20220903T093401, end_date=20220903T093401
[2022-09-03T09:34:01.404+0000] {local_task_job.py:156} INFO - Task exited with return code 0
[2022-09-03T09:34:01.423+0000] {local_task_job.py:279} INFO - 0 downstream tasks scheduled from follow-on schedule check
