[2022-09-03T12:12:20.495+0000] {taskinstance.py:1171} INFO - Dependencies all met for <TaskInstance: weather_data.insert_weather_mkp manual__2022-09-03T12:12:13.797425+00:00 [queued]>
[2022-09-03T12:12:20.503+0000] {taskinstance.py:1171} INFO - Dependencies all met for <TaskInstance: weather_data.insert_weather_mkp manual__2022-09-03T12:12:13.797425+00:00 [queued]>
[2022-09-03T12:12:20.504+0000] {taskinstance.py:1368} INFO - 
--------------------------------------------------------------------------------
[2022-09-03T12:12:20.505+0000] {taskinstance.py:1369} INFO - Starting attempt 1 of 1
[2022-09-03T12:12:20.506+0000] {taskinstance.py:1370} INFO - 
--------------------------------------------------------------------------------
[2022-09-03T12:12:20.516+0000] {taskinstance.py:1389} INFO - Executing <Task(PostgresOperator): insert_weather_mkp> on 2022-09-03 12:12:13.797425+00:00
[2022-09-03T12:12:20.521+0000] {standard_task_runner.py:52} INFO - Started process 12528 to run task
[2022-09-03T12:12:20.524+0000] {standard_task_runner.py:79} INFO - Running: ['***', 'tasks', 'run', 'weather_data', 'insert_weather_mkp', 'manual__2022-09-03T12:12:13.797425+00:00', '--job-id', '258', '--raw', '--subdir', 'DAGS_FOLDER/first_dag.py', '--cfg-path', '/tmp/tmpf7myhsm1', '--error-file', '/tmp/tmp09yax0p5']
[2022-09-03T12:12:20.526+0000] {standard_task_runner.py:80} INFO - Job 258: Subtask insert_weather_mkp
[2022-09-03T12:12:20.577+0000] {task_command.py:371} INFO - Running <TaskInstance: weather_data.insert_weather_mkp manual__2022-09-03T12:12:13.797425+00:00 [running]> on host 3d56073112d8
[2022-09-03T12:12:20.695+0000] {taskinstance.py:1583} INFO - Exporting the following env vars:
AIRFLOW_CTX_DAG_OWNER=***
AIRFLOW_CTX_DAG_ID=weather_data
AIRFLOW_CTX_TASK_ID=insert_weather_mkp
AIRFLOW_CTX_EXECUTION_DATE=2022-09-03T12:12:13.797425+00:00
AIRFLOW_CTX_TRY_NUMBER=1
AIRFLOW_CTX_DAG_RUN_ID=manual__2022-09-03T12:12:13.797425+00:00
[2022-09-03T12:12:20.703+0000] {base.py:68} INFO - Using connection ID 'postgres_default' for task execution.
[2022-09-03T12:12:20.707+0000] {sql.py:315} INFO - Running statement: insert into weather(
                name,
                temp,
                temp_feels_like,
                temp_min,
                temp_max,
                description,
                wind_speed,
                humidity,
                pressure,
                sunset,
                sunrise
            ) values (
                'Майкоп',
                36.3,
                35.46,
                36.3,
                36.3,
                'ясно',
                1.54,
                25,
                1009,
                1662220458,
                1662173052
            ), parameters: None
[2022-09-03T12:12:20.710+0000] {sql.py:324} INFO - Rows affected: 1
[2022-09-03T12:12:20.721+0000] {taskinstance.py:1412} INFO - Marking task as SUCCESS. dag_id=weather_data, task_id=insert_weather_mkp, execution_date=20220903T121213, start_date=20220903T121220, end_date=20220903T121220
[2022-09-03T12:12:20.737+0000] {local_task_job.py:156} INFO - Task exited with return code 0
[2022-09-03T12:12:20.760+0000] {local_task_job.py:279} INFO - 0 downstream tasks scheduled from follow-on schedule check
