[2022-09-03T08:58:57.539+0000] {taskinstance.py:1171} INFO - Dependencies all met for <TaskInstance: weather_data.check_weather manual__2022-09-03T08:58:54.552317+00:00 [queued]>
[2022-09-03T08:58:57.545+0000] {taskinstance.py:1171} INFO - Dependencies all met for <TaskInstance: weather_data.check_weather manual__2022-09-03T08:58:54.552317+00:00 [queued]>
[2022-09-03T08:58:57.546+0000] {taskinstance.py:1368} INFO - 
--------------------------------------------------------------------------------
[2022-09-03T08:58:57.547+0000] {taskinstance.py:1369} INFO - Starting attempt 1 of 1
[2022-09-03T08:58:57.548+0000] {taskinstance.py:1370} INFO - 
--------------------------------------------------------------------------------
[2022-09-03T08:58:57.555+0000] {taskinstance.py:1389} INFO - Executing <Task(PythonOperator): check_weather> on 2022-09-03 08:58:54.552317+00:00
[2022-09-03T08:58:57.559+0000] {standard_task_runner.py:52} INFO - Started process 2327 to run task
[2022-09-03T08:58:57.562+0000] {standard_task_runner.py:79} INFO - Running: ['***', 'tasks', 'run', 'weather_data', 'check_weather', 'manual__2022-09-03T08:58:54.552317+00:00', '--job-id', '32', '--raw', '--subdir', 'DAGS_FOLDER/first_dag.py', '--cfg-path', '/tmp/tmp017gzoap', '--error-file', '/tmp/tmpcv27_nle']
[2022-09-03T08:58:57.563+0000] {standard_task_runner.py:80} INFO - Job 32: Subtask check_weather
[2022-09-03T08:58:57.602+0000] {task_command.py:371} INFO - Running <TaskInstance: weather_data.check_weather manual__2022-09-03T08:58:54.552317+00:00 [running]> on host 3d56073112d8
[2022-09-03T08:58:57.643+0000] {taskinstance.py:1583} INFO - Exporting the following env vars:
AIRFLOW_CTX_DAG_OWNER=***
AIRFLOW_CTX_DAG_ID=weather_data
AIRFLOW_CTX_TASK_ID=check_weather
AIRFLOW_CTX_EXECUTION_DATE=2022-09-03T08:58:54.552317+00:00
AIRFLOW_CTX_TRY_NUMBER=1
AIRFLOW_CTX_DAG_RUN_ID=manual__2022-09-03T08:58:54.552317+00:00
[2022-09-03T08:58:57.651+0000] {python.py:173} INFO - Done. Returned value was: <class 'str'>
[2022-09-03T08:58:57.658+0000] {xcom.py:586} ERROR - Could not serialize the XCom value into JSON. If you are using pickle instead of JSON for XCom, then you need to enable pickle support for XCom in your *** config.
[2022-09-03T08:58:57.659+0000] {taskinstance.py:1902} ERROR - Task failed with exception
Traceback (most recent call last):
  File "/home/airflow/.local/lib/python3.7/site-packages/airflow/utils/session.py", line 68, in wrapper
    return func(*args, **kwargs)
  File "/home/airflow/.local/lib/python3.7/site-packages/airflow/models/taskinstance.py", line 2405, in xcom_push
    session=session,
  File "/home/airflow/.local/lib/python3.7/site-packages/airflow/utils/session.py", line 68, in wrapper
    return func(*args, **kwargs)
  File "/home/airflow/.local/lib/python3.7/site-packages/airflow/models/xcom.py", line 198, in set
    map_index=map_index,
  File "/home/airflow/.local/lib/python3.7/site-packages/airflow/models/xcom.py", line 583, in serialize_value
    return json.dumps(value).encode('UTF-8')
  File "/usr/local/lib/python3.7/json/__init__.py", line 231, in dumps
    return _default_encoder.encode(obj)
  File "/usr/local/lib/python3.7/json/encoder.py", line 199, in encode
    chunks = self.iterencode(o, _one_shot=True)
  File "/usr/local/lib/python3.7/json/encoder.py", line 257, in iterencode
    return _iterencode(o, 0)
  File "/usr/local/lib/python3.7/json/encoder.py", line 179, in default
    raise TypeError(f'Object of type {o.__class__.__name__} '
TypeError: Object of type type is not JSON serializable
[2022-09-03T08:58:57.665+0000] {taskinstance.py:1412} INFO - Marking task as FAILED. dag_id=weather_data, task_id=check_weather, execution_date=20220903T085854, start_date=20220903T085857, end_date=20220903T085857
[2022-09-03T08:58:57.672+0000] {standard_task_runner.py:97} ERROR - Failed to execute job 32 for task check_weather (Object of type type is not JSON serializable; 2327)
[2022-09-03T08:58:57.694+0000] {local_task_job.py:156} INFO - Task exited with return code 1
[2022-09-03T08:58:57.714+0000] {local_task_job.py:279} INFO - 0 downstream tasks scheduled from follow-on schedule check
