[2022-09-03T05:57:23.362+0000] {taskinstance.py:1171} INFO - Dependencies all met for <TaskInstance: weather_data.greeting manual__2022-09-03T05:57:20.913365+00:00 [queued]>
[2022-09-03T05:57:23.368+0000] {taskinstance.py:1171} INFO - Dependencies all met for <TaskInstance: weather_data.greeting manual__2022-09-03T05:57:20.913365+00:00 [queued]>
[2022-09-03T05:57:23.369+0000] {taskinstance.py:1368} INFO - 
--------------------------------------------------------------------------------
[2022-09-03T05:57:23.370+0000] {taskinstance.py:1369} INFO - Starting attempt 1 of 1
[2022-09-03T05:57:23.371+0000] {taskinstance.py:1370} INFO - 
--------------------------------------------------------------------------------
[2022-09-03T05:57:23.379+0000] {taskinstance.py:1389} INFO - Executing <Task(BashOperator): greeting> on 2022-09-03 05:57:20.913365+00:00
[2022-09-03T05:57:23.383+0000] {standard_task_runner.py:52} INFO - Started process 1032 to run task
[2022-09-03T05:57:23.385+0000] {standard_task_runner.py:79} INFO - Running: ['***', 'tasks', 'run', 'weather_data', 'greeting', 'manual__2022-09-03T05:57:20.913365+00:00', '--job-id', '6', '--raw', '--subdir', 'DAGS_FOLDER/first_dag.py', '--cfg-path', '/tmp/tmpgmxu5mry', '--error-file', '/tmp/tmp14w0oo0z']
[2022-09-03T05:57:23.386+0000] {standard_task_runner.py:80} INFO - Job 6: Subtask greeting
[2022-09-03T05:57:23.425+0000] {task_command.py:371} INFO - Running <TaskInstance: weather_data.greeting manual__2022-09-03T05:57:20.913365+00:00 [running]> on host 3d56073112d8
[2022-09-03T05:57:23.470+0000] {taskinstance.py:1583} INFO - Exporting the following env vars:
AIRFLOW_CTX_DAG_OWNER=***
AIRFLOW_CTX_DAG_ID=weather_data
AIRFLOW_CTX_TASK_ID=greeting
AIRFLOW_CTX_EXECUTION_DATE=2022-09-03T05:57:20.913365+00:00
AIRFLOW_CTX_TRY_NUMBER=1
AIRFLOW_CTX_DAG_RUN_ID=manual__2022-09-03T05:57:20.913365+00:00
[2022-09-03T05:57:23.473+0000] {subprocess.py:62} INFO - Tmp dir root location: 
 /tmp
[2022-09-03T05:57:23.475+0000] {subprocess.py:74} INFO - Running command: ['/bin/bash', '-c', 'echo Hello']
[2022-09-03T05:57:23.484+0000] {subprocess.py:85} INFO - Output:
[2022-09-03T05:57:23.488+0000] {subprocess.py:92} INFO - Hello
[2022-09-03T05:57:23.491+0000] {subprocess.py:96} INFO - Command exited with return code 0
[2022-09-03T05:57:23.510+0000] {taskinstance.py:1412} INFO - Marking task as SUCCESS. dag_id=weather_data, task_id=greeting, execution_date=20220903T055720, start_date=20220903T055723, end_date=20220903T055723
[2022-09-03T05:57:23.562+0000] {local_task_job.py:156} INFO - Task exited with return code 0
[2022-09-03T05:57:23.583+0000] {local_task_job.py:279} INFO - 0 downstream tasks scheduled from follow-on schedule check
