[2022-09-03T09:17:30.208+0000] {taskinstance.py:1171} INFO - Dependencies all met for <TaskInstance: weather_data.greeting manual__2022-09-03T09:17:29.695540+00:00 [queued]>
[2022-09-03T09:17:30.216+0000] {taskinstance.py:1171} INFO - Dependencies all met for <TaskInstance: weather_data.greeting manual__2022-09-03T09:17:29.695540+00:00 [queued]>
[2022-09-03T09:17:30.218+0000] {taskinstance.py:1368} INFO - 
--------------------------------------------------------------------------------
[2022-09-03T09:17:30.219+0000] {taskinstance.py:1369} INFO - Starting attempt 1 of 1
[2022-09-03T09:17:30.220+0000] {taskinstance.py:1370} INFO - 
--------------------------------------------------------------------------------
[2022-09-03T09:17:30.229+0000] {taskinstance.py:1389} INFO - Executing <Task(BashOperator): greeting> on 2022-09-03 09:17:29.695540+00:00
[2022-09-03T09:17:30.233+0000] {standard_task_runner.py:52} INFO - Started process 3284 to run task
[2022-09-03T09:17:30.236+0000] {standard_task_runner.py:79} INFO - Running: ['***', 'tasks', 'run', 'weather_data', 'greeting', 'manual__2022-09-03T09:17:29.695540+00:00', '--job-id', '42', '--raw', '--subdir', 'DAGS_FOLDER/first_dag.py', '--cfg-path', '/tmp/tmpdvgtrdzl', '--error-file', '/tmp/tmprda3hkme']
[2022-09-03T09:17:30.237+0000] {standard_task_runner.py:80} INFO - Job 42: Subtask greeting
[2022-09-03T09:17:30.286+0000] {task_command.py:371} INFO - Running <TaskInstance: weather_data.greeting manual__2022-09-03T09:17:29.695540+00:00 [running]> on host 3d56073112d8
[2022-09-03T09:17:30.333+0000] {taskinstance.py:1583} INFO - Exporting the following env vars:
AIRFLOW_CTX_DAG_OWNER=***
AIRFLOW_CTX_DAG_ID=weather_data
AIRFLOW_CTX_TASK_ID=greeting
AIRFLOW_CTX_EXECUTION_DATE=2022-09-03T09:17:29.695540+00:00
AIRFLOW_CTX_TRY_NUMBER=1
AIRFLOW_CTX_DAG_RUN_ID=manual__2022-09-03T09:17:29.695540+00:00
[2022-09-03T09:17:30.335+0000] {subprocess.py:62} INFO - Tmp dir root location: 
 /tmp
[2022-09-03T09:17:30.337+0000] {subprocess.py:74} INFO - Running command: ['/bin/bash', '-c', 'echo Hello']
[2022-09-03T09:17:30.346+0000] {subprocess.py:85} INFO - Output:
[2022-09-03T09:17:30.349+0000] {subprocess.py:92} INFO - Hello
[2022-09-03T09:17:30.350+0000] {subprocess.py:96} INFO - Command exited with return code 0
[2022-09-03T09:17:30.370+0000] {taskinstance.py:1412} INFO - Marking task as SUCCESS. dag_id=weather_data, task_id=greeting, execution_date=20220903T091729, start_date=20220903T091730, end_date=20220903T091730
[2022-09-03T09:17:30.409+0000] {local_task_job.py:156} INFO - Task exited with return code 0
[2022-09-03T09:17:30.437+0000] {local_task_job.py:279} INFO - 1 downstream tasks scheduled from follow-on schedule check
