[2022-09-03T12:00:01.009+0000] {taskinstance.py:1171} INFO - Dependencies all met for <TaskInstance: weather_data.drop_table scheduled__2022-09-03T11:00:00+00:00 [queued]>
[2022-09-03T12:00:01.018+0000] {taskinstance.py:1171} INFO - Dependencies all met for <TaskInstance: weather_data.drop_table scheduled__2022-09-03T11:00:00+00:00 [queued]>
[2022-09-03T12:00:01.019+0000] {taskinstance.py:1368} INFO - 
--------------------------------------------------------------------------------
[2022-09-03T12:00:01.020+0000] {taskinstance.py:1369} INFO - Starting attempt 1 of 1
[2022-09-03T12:00:01.021+0000] {taskinstance.py:1370} INFO - 
--------------------------------------------------------------------------------
[2022-09-03T12:00:01.030+0000] {taskinstance.py:1389} INFO - Executing <Task(PostgresOperator): drop_table> on 2022-09-03 11:00:00+00:00
[2022-09-03T12:00:01.035+0000] {standard_task_runner.py:52} INFO - Started process 11860 to run task
[2022-09-03T12:00:01.038+0000] {standard_task_runner.py:79} INFO - Running: ['***', 'tasks', 'run', 'weather_data', 'drop_table', 'scheduled__2022-09-03T11:00:00+00:00', '--job-id', '233', '--raw', '--subdir', 'DAGS_FOLDER/first_dag.py', '--cfg-path', '/tmp/tmptjpgycw_', '--error-file', '/tmp/tmp898z0gky']
[2022-09-03T12:00:01.040+0000] {standard_task_runner.py:80} INFO - Job 233: Subtask drop_table
[2022-09-03T12:00:01.085+0000] {task_command.py:371} INFO - Running <TaskInstance: weather_data.drop_table scheduled__2022-09-03T11:00:00+00:00 [running]> on host 3d56073112d8
[2022-09-03T12:00:01.129+0000] {taskinstance.py:1583} INFO - Exporting the following env vars:
AIRFLOW_CTX_DAG_OWNER=***
AIRFLOW_CTX_DAG_ID=weather_data
AIRFLOW_CTX_TASK_ID=drop_table
AIRFLOW_CTX_EXECUTION_DATE=2022-09-03T11:00:00+00:00
AIRFLOW_CTX_TRY_NUMBER=1
AIRFLOW_CTX_DAG_RUN_ID=scheduled__2022-09-03T11:00:00+00:00
[2022-09-03T12:00:01.136+0000] {base.py:68} INFO - Using connection ID 'postgres_default' for task execution.
[2022-09-03T12:00:01.139+0000] {sql.py:315} INFO - Running statement: drop table if exists weather, parameters: None
[2022-09-03T12:00:01.151+0000] {taskinstance.py:1412} INFO - Marking task as SUCCESS. dag_id=weather_data, task_id=drop_table, execution_date=20220903T110000, start_date=20220903T120001, end_date=20220903T120001
[2022-09-03T12:00:01.172+0000] {local_task_job.py:156} INFO - Task exited with return code 0
[2022-09-03T12:00:01.201+0000] {local_task_job.py:279} INFO - 1 downstream tasks scheduled from follow-on schedule check
[2022-09-03T12:10:07.654+0000] {taskinstance.py:1171} INFO - Dependencies all met for <TaskInstance: weather_data.drop_table scheduled__2022-09-03T11:00:00+00:00 [queued]>
[2022-09-03T12:10:07.661+0000] {taskinstance.py:1171} INFO - Dependencies all met for <TaskInstance: weather_data.drop_table scheduled__2022-09-03T11:00:00+00:00 [queued]>
[2022-09-03T12:10:07.662+0000] {taskinstance.py:1368} INFO - 
--------------------------------------------------------------------------------
[2022-09-03T12:10:07.663+0000] {taskinstance.py:1369} INFO - Starting attempt 1 of 1
[2022-09-03T12:10:07.664+0000] {taskinstance.py:1370} INFO - 
--------------------------------------------------------------------------------
[2022-09-03T12:10:07.671+0000] {taskinstance.py:1389} INFO - Executing <Task(PostgresOperator): drop_table> on 2022-09-03 11:00:00+00:00
[2022-09-03T12:10:07.676+0000] {standard_task_runner.py:52} INFO - Started process 12375 to run task
[2022-09-03T12:10:07.678+0000] {standard_task_runner.py:79} INFO - Running: ['***', 'tasks', 'run', 'weather_data', 'drop_table', 'scheduled__2022-09-03T11:00:00+00:00', '--job-id', '236', '--raw', '--subdir', 'DAGS_FOLDER/first_dag.py', '--cfg-path', '/tmp/tmptugppeox', '--error-file', '/tmp/tmpsb6pabqk']
[2022-09-03T12:10:07.680+0000] {standard_task_runner.py:80} INFO - Job 236: Subtask drop_table
[2022-09-03T12:10:07.736+0000] {task_command.py:371} INFO - Running <TaskInstance: weather_data.drop_table scheduled__2022-09-03T11:00:00+00:00 [running]> on host 3d56073112d8
[2022-09-03T12:10:07.779+0000] {taskinstance.py:1583} INFO - Exporting the following env vars:
AIRFLOW_CTX_DAG_OWNER=***
AIRFLOW_CTX_DAG_ID=weather_data
AIRFLOW_CTX_TASK_ID=drop_table
AIRFLOW_CTX_EXECUTION_DATE=2022-09-03T11:00:00+00:00
AIRFLOW_CTX_TRY_NUMBER=1
AIRFLOW_CTX_DAG_RUN_ID=scheduled__2022-09-03T11:00:00+00:00
[2022-09-03T12:10:07.788+0000] {base.py:68} INFO - Using connection ID 'postgres_default' for task execution.
[2022-09-03T12:10:07.791+0000] {sql.py:315} INFO - Running statement: drop table if exists weather, parameters: None
[2022-09-03T12:10:07.802+0000] {taskinstance.py:1412} INFO - Marking task as SUCCESS. dag_id=weather_data, task_id=drop_table, execution_date=20220903T110000, start_date=20220903T121007, end_date=20220903T121007
[2022-09-03T12:10:07.851+0000] {local_task_job.py:156} INFO - Task exited with return code 0
[2022-09-03T12:10:07.880+0000] {local_task_job.py:279} INFO - 1 downstream tasks scheduled from follow-on schedule check
