[2022-09-03T09:00:05.175+0000] {taskinstance.py:1171} INFO - Dependencies all met for <TaskInstance: weather_data.check_weather scheduled__2022-09-03T08:00:00+00:00 [queued]>
[2022-09-03T09:00:05.181+0000] {taskinstance.py:1171} INFO - Dependencies all met for <TaskInstance: weather_data.check_weather scheduled__2022-09-03T08:00:00+00:00 [queued]>
[2022-09-03T09:00:05.182+0000] {taskinstance.py:1368} INFO - 
--------------------------------------------------------------------------------
[2022-09-03T09:00:05.183+0000] {taskinstance.py:1369} INFO - Starting attempt 1 of 1
[2022-09-03T09:00:05.184+0000] {taskinstance.py:1370} INFO - 
--------------------------------------------------------------------------------
[2022-09-03T09:00:05.192+0000] {taskinstance.py:1389} INFO - Executing <Task(PythonOperator): check_weather> on 2022-09-03 08:00:00+00:00
[2022-09-03T09:00:05.195+0000] {standard_task_runner.py:52} INFO - Started process 2388 to run task
[2022-09-03T09:00:05.198+0000] {standard_task_runner.py:79} INFO - Running: ['***', 'tasks', 'run', 'weather_data', 'check_weather', 'scheduled__2022-09-03T08:00:00+00:00', '--job-id', '35', '--raw', '--subdir', 'DAGS_FOLDER/first_dag.py', '--cfg-path', '/tmp/tmpeof201n_', '--error-file', '/tmp/tmpvdnse81c']
[2022-09-03T09:00:05.199+0000] {standard_task_runner.py:80} INFO - Job 35: Subtask check_weather
[2022-09-03T09:00:05.238+0000] {task_command.py:371} INFO - Running <TaskInstance: weather_data.check_weather scheduled__2022-09-03T08:00:00+00:00 [running]> on host 3d56073112d8
[2022-09-03T09:00:05.280+0000] {taskinstance.py:1583} INFO - Exporting the following env vars:
AIRFLOW_CTX_DAG_OWNER=***
AIRFLOW_CTX_DAG_ID=weather_data
AIRFLOW_CTX_TASK_ID=check_weather
AIRFLOW_CTX_EXECUTION_DATE=2022-09-03T08:00:00+00:00
AIRFLOW_CTX_TRY_NUMBER=1
AIRFLOW_CTX_DAG_RUN_ID=scheduled__2022-09-03T08:00:00+00:00
[2022-09-03T09:00:05.288+0000] {python.py:173} INFO - Done. Returned value was: {'coord': {'lon': 30, 'lat': 60}, 'weather': [{'id': 804, 'main': 'Clouds', 'description': 'пасмурно', 'icon': '04d'}], 'base': 'stations', 'main': {'temp': 11.1, 'feels_like': 9.94, 'temp_min': 10.72, 'temp_max': 11.81, 'pressure': 1019, 'humidity': 64, 'sea_level': 1019, 'grnd_level': 1019}, 'visibility': 10000, 'wind': {'speed': 5.34, 'deg': 288, 'gust': 6.73}, 'clouds': {'all': 100}, 'dt': 1662195230, 'sys': {'type': 2, 'id': 197864, 'country': 'RU', 'sunrise': 1662173958, 'sunset': 1662224402}, 'timezone': 10800, 'id': 534841, 'name': 'Лисий Нос', 'cod': 200}
[2022-09-03T09:00:05.305+0000] {taskinstance.py:1412} INFO - Marking task as SUCCESS. dag_id=weather_data, task_id=check_weather, execution_date=20220903T080000, start_date=20220903T090005, end_date=20220903T090005
[2022-09-03T09:00:05.331+0000] {local_task_job.py:156} INFO - Task exited with return code 0
[2022-09-03T09:00:05.351+0000] {local_task_job.py:279} INFO - 0 downstream tasks scheduled from follow-on schedule check
