[2022-09-03T11:36:37.593+0000] {taskinstance.py:1171} INFO - Dependencies all met for <TaskInstance: weather_data.drop_table manual__2022-09-03T11:36:36.271113+00:00 [queued]>
[2022-09-03T11:36:37.602+0000] {taskinstance.py:1171} INFO - Dependencies all met for <TaskInstance: weather_data.drop_table manual__2022-09-03T11:36:36.271113+00:00 [queued]>
[2022-09-03T11:36:37.603+0000] {taskinstance.py:1368} INFO - 
--------------------------------------------------------------------------------
[2022-09-03T11:36:37.604+0000] {taskinstance.py:1369} INFO - Starting attempt 1 of 1
[2022-09-03T11:36:37.605+0000] {taskinstance.py:1370} INFO - 
--------------------------------------------------------------------------------
[2022-09-03T11:36:37.615+0000] {taskinstance.py:1389} INFO - Executing <Task(PostgresOperator): drop_table> on 2022-09-03 11:36:36.271113+00:00
[2022-09-03T11:36:37.620+0000] {standard_task_runner.py:52} INFO - Started process 10608 to run task
[2022-09-03T11:36:37.623+0000] {standard_task_runner.py:79} INFO - Running: ['***', 'tasks', 'run', 'weather_data', 'drop_table', 'manual__2022-09-03T11:36:36.271113+00:00', '--job-id', '211', '--raw', '--subdir', 'DAGS_FOLDER/first_dag.py', '--cfg-path', '/tmp/tmpgujjeszc', '--error-file', '/tmp/tmpj4zp82m9']
[2022-09-03T11:36:37.626+0000] {standard_task_runner.py:80} INFO - Job 211: Subtask drop_table
[2022-09-03T11:36:37.687+0000] {task_command.py:371} INFO - Running <TaskInstance: weather_data.drop_table manual__2022-09-03T11:36:36.271113+00:00 [running]> on host 3d56073112d8
[2022-09-03T11:36:37.749+0000] {taskinstance.py:1583} INFO - Exporting the following env vars:
AIRFLOW_CTX_DAG_OWNER=***
AIRFLOW_CTX_DAG_ID=weather_data
AIRFLOW_CTX_TASK_ID=drop_table
AIRFLOW_CTX_EXECUTION_DATE=2022-09-03T11:36:36.271113+00:00
AIRFLOW_CTX_TRY_NUMBER=1
AIRFLOW_CTX_DAG_RUN_ID=manual__2022-09-03T11:36:36.271113+00:00
[2022-09-03T11:36:37.758+0000] {base.py:68} INFO - Using connection ID 'postgres_default' for task execution.
[2022-09-03T11:36:37.762+0000] {sql.py:315} INFO - Running statement: drop table if exists weather, parameters: None
[2022-09-03T11:36:37.785+0000] {taskinstance.py:1412} INFO - Marking task as SUCCESS. dag_id=weather_data, task_id=drop_table, execution_date=20220903T113636, start_date=20220903T113637, end_date=20220903T113637
[2022-09-03T11:36:37.841+0000] {local_task_job.py:156} INFO - Task exited with return code 0
[2022-09-03T11:36:37.874+0000] {local_task_job.py:279} INFO - 1 downstream tasks scheduled from follow-on schedule check
