[2022-09-03T12:10:25.190+0000] {taskinstance.py:1171} INFO - Dependencies all met for <TaskInstance: weather_data.check_weather_mkp manual__2022-09-03T12:10:13.121929+00:00 [queued]>
[2022-09-03T12:10:25.197+0000] {taskinstance.py:1171} INFO - Dependencies all met for <TaskInstance: weather_data.check_weather_mkp manual__2022-09-03T12:10:13.121929+00:00 [queued]>
[2022-09-03T12:10:25.198+0000] {taskinstance.py:1368} INFO - 
--------------------------------------------------------------------------------
[2022-09-03T12:10:25.199+0000] {taskinstance.py:1369} INFO - Starting attempt 1 of 1
[2022-09-03T12:10:25.200+0000] {taskinstance.py:1370} INFO - 
--------------------------------------------------------------------------------
[2022-09-03T12:10:25.208+0000] {taskinstance.py:1389} INFO - Executing <Task(PythonOperator): check_weather_mkp> on 2022-09-03 12:10:13.121929+00:00
[2022-09-03T12:10:25.212+0000] {standard_task_runner.py:52} INFO - Started process 12411 to run task
[2022-09-03T12:10:25.214+0000] {standard_task_runner.py:79} INFO - Running: ['***', 'tasks', 'run', 'weather_data', 'check_weather_mkp', 'manual__2022-09-03T12:10:13.121929+00:00', '--job-id', '250', '--raw', '--subdir', 'DAGS_FOLDER/first_dag.py', '--cfg-path', '/tmp/tmpp23i183k', '--error-file', '/tmp/tmpjkz8g9rv']
[2022-09-03T12:10:25.215+0000] {standard_task_runner.py:80} INFO - Job 250: Subtask check_weather_mkp
[2022-09-03T12:10:25.257+0000] {task_command.py:371} INFO - Running <TaskInstance: weather_data.check_weather_mkp manual__2022-09-03T12:10:13.121929+00:00 [running]> on host 3d56073112d8
[2022-09-03T12:10:25.300+0000] {taskinstance.py:1583} INFO - Exporting the following env vars:
AIRFLOW_CTX_DAG_OWNER=***
AIRFLOW_CTX_DAG_ID=weather_data
AIRFLOW_CTX_TASK_ID=check_weather_mkp
AIRFLOW_CTX_EXECUTION_DATE=2022-09-03T12:10:13.121929+00:00
AIRFLOW_CTX_TRY_NUMBER=1
AIRFLOW_CTX_DAG_RUN_ID=manual__2022-09-03T12:10:13.121929+00:00
[2022-09-03T12:10:25.368+0000] {python.py:173} INFO - Done. Returned value was: None
[2022-09-03T12:10:25.376+0000] {taskinstance.py:1412} INFO - Marking task as SUCCESS. dag_id=weather_data, task_id=check_weather_mkp, execution_date=20220903T121013, start_date=20220903T121025, end_date=20220903T121025
[2022-09-03T12:10:25.428+0000] {local_task_job.py:156} INFO - Task exited with return code 0
[2022-09-03T12:10:25.450+0000] {local_task_job.py:279} INFO - 1 downstream tasks scheduled from follow-on schedule check
