[2022-09-03T11:28:11.517+0000] {taskinstance.py:1171} INFO - Dependencies all met for <TaskInstance: weather_data.getting_weather_krd manual__2022-09-03T11:28:08.706295+00:00 [queued]>
[2022-09-03T11:28:11.525+0000] {taskinstance.py:1171} INFO - Dependencies all met for <TaskInstance: weather_data.getting_weather_krd manual__2022-09-03T11:28:08.706295+00:00 [queued]>
[2022-09-03T11:28:11.526+0000] {taskinstance.py:1368} INFO - 
--------------------------------------------------------------------------------
[2022-09-03T11:28:11.527+0000] {taskinstance.py:1369} INFO - Starting attempt 1 of 1
[2022-09-03T11:28:11.528+0000] {taskinstance.py:1370} INFO - 
--------------------------------------------------------------------------------
[2022-09-03T11:28:11.535+0000] {taskinstance.py:1389} INFO - Executing <Task(SimpleHttpOperator): getting_weather_krd> on 2022-09-03 11:28:08.706295+00:00
[2022-09-03T11:28:11.540+0000] {standard_task_runner.py:52} INFO - Started process 10111 to run task
[2022-09-03T11:28:11.543+0000] {standard_task_runner.py:79} INFO - Running: ['***', 'tasks', 'run', 'weather_data', 'getting_weather_krd', 'manual__2022-09-03T11:28:08.706295+00:00', '--job-id', '175', '--raw', '--subdir', 'DAGS_FOLDER/first_dag.py', '--cfg-path', '/tmp/tmplasfxcey', '--error-file', '/tmp/tmpu7o4_uok']
[2022-09-03T11:28:11.544+0000] {standard_task_runner.py:80} INFO - Job 175: Subtask getting_weather_krd
[2022-09-03T11:28:11.600+0000] {task_command.py:371} INFO - Running <TaskInstance: weather_data.getting_weather_krd manual__2022-09-03T11:28:08.706295+00:00 [running]> on host 3d56073112d8
[2022-09-03T11:28:11.659+0000] {taskinstance.py:1583} INFO - Exporting the following env vars:
AIRFLOW_CTX_DAG_OWNER=***
AIRFLOW_CTX_DAG_ID=weather_data
AIRFLOW_CTX_TASK_ID=getting_weather_krd
AIRFLOW_CTX_EXECUTION_DATE=2022-09-03T11:28:08.706295+00:00
AIRFLOW_CTX_TRY_NUMBER=1
AIRFLOW_CTX_DAG_RUN_ID=manual__2022-09-03T11:28:08.706295+00:00
[2022-09-03T11:28:11.660+0000] {http.py:121} INFO - Calling HTTP method
[2022-09-03T11:28:11.667+0000] {base.py:68} INFO - Using connection ID 'http_default' for task execution.
[2022-09-03T11:28:11.669+0000] {http.py:148} INFO - Sending 'GET' to url: http://api.openweathermap.org/data/2.5/weather
[2022-09-03T11:28:11.892+0000] {taskinstance.py:1412} INFO - Marking task as SUCCESS. dag_id=weather_data, task_id=getting_weather_krd, execution_date=20220903T112808, start_date=20220903T112811, end_date=20220903T112811
[2022-09-03T11:28:11.927+0000] {local_task_job.py:156} INFO - Task exited with return code 0
[2022-09-03T11:28:11.963+0000] {local_task_job.py:279} INFO - 1 downstream tasks scheduled from follow-on schedule check
