[2022-09-03T10:20:05.496+0000] {taskinstance.py:1171} INFO - Dependencies all met for <TaskInstance: weather_data.check_weather manual__2022-09-03T10:20:02.558754+00:00 [queued]>
[2022-09-03T10:20:05.503+0000] {taskinstance.py:1171} INFO - Dependencies all met for <TaskInstance: weather_data.check_weather manual__2022-09-03T10:20:02.558754+00:00 [queued]>
[2022-09-03T10:20:05.504+0000] {taskinstance.py:1368} INFO - 
--------------------------------------------------------------------------------
[2022-09-03T10:20:05.505+0000] {taskinstance.py:1369} INFO - Starting attempt 1 of 1
[2022-09-03T10:20:05.506+0000] {taskinstance.py:1370} INFO - 
--------------------------------------------------------------------------------
[2022-09-03T10:20:05.514+0000] {taskinstance.py:1389} INFO - Executing <Task(PythonOperator): check_weather> on 2022-09-03 10:20:02.558754+00:00
[2022-09-03T10:20:05.518+0000] {standard_task_runner.py:52} INFO - Started process 6559 to run task
[2022-09-03T10:20:05.521+0000] {standard_task_runner.py:79} INFO - Running: ['***', 'tasks', 'run', 'weather_data', 'check_weather', 'manual__2022-09-03T10:20:02.558754+00:00', '--job-id', '107', '--raw', '--subdir', 'DAGS_FOLDER/first_dag.py', '--cfg-path', '/tmp/tmphx991az4', '--error-file', '/tmp/tmpczha57z_']
[2022-09-03T10:20:05.522+0000] {standard_task_runner.py:80} INFO - Job 107: Subtask check_weather
[2022-09-03T10:20:05.565+0000] {task_command.py:371} INFO - Running <TaskInstance: weather_data.check_weather manual__2022-09-03T10:20:02.558754+00:00 [running]> on host 3d56073112d8
[2022-09-03T10:20:05.612+0000] {taskinstance.py:1583} INFO - Exporting the following env vars:
AIRFLOW_CTX_DAG_OWNER=***
AIRFLOW_CTX_DAG_ID=weather_data
AIRFLOW_CTX_TASK_ID=check_weather
AIRFLOW_CTX_EXECUTION_DATE=2022-09-03T10:20:02.558754+00:00
AIRFLOW_CTX_TRY_NUMBER=1
AIRFLOW_CTX_DAG_RUN_ID=manual__2022-09-03T10:20:02.558754+00:00
[2022-09-03T10:20:05.686+0000] {python.py:173} INFO - Done. Returned value was: None
[2022-09-03T10:20:05.696+0000] {taskinstance.py:1412} INFO - Marking task as SUCCESS. dag_id=weather_data, task_id=check_weather, execution_date=20220903T102002, start_date=20220903T102005, end_date=20220903T102005
[2022-09-03T10:20:05.734+0000] {local_task_job.py:156} INFO - Task exited with return code 0
[2022-09-03T10:20:05.754+0000] {local_task_job.py:279} INFO - 0 downstream tasks scheduled from follow-on schedule check
