[2022-09-03T11:26:21.641+0000] {taskinstance.py:1171} INFO - Dependencies all met for <TaskInstance: weather_data.create_table manual__2022-09-03T11:26:19.792518+00:00 [queued]>
[2022-09-03T11:26:21.647+0000] {taskinstance.py:1171} INFO - Dependencies all met for <TaskInstance: weather_data.create_table manual__2022-09-03T11:26:19.792518+00:00 [queued]>
[2022-09-03T11:26:21.648+0000] {taskinstance.py:1368} INFO - 
--------------------------------------------------------------------------------
[2022-09-03T11:26:21.649+0000] {taskinstance.py:1369} INFO - Starting attempt 1 of 1
[2022-09-03T11:26:21.650+0000] {taskinstance.py:1370} INFO - 
--------------------------------------------------------------------------------
[2022-09-03T11:26:21.657+0000] {taskinstance.py:1389} INFO - Executing <Task(PostgresOperator): create_table> on 2022-09-03 11:26:19.792518+00:00
[2022-09-03T11:26:21.661+0000] {standard_task_runner.py:52} INFO - Started process 9976 to run task
[2022-09-03T11:26:21.663+0000] {standard_task_runner.py:79} INFO - Running: ['***', 'tasks', 'run', 'weather_data', 'create_table', 'manual__2022-09-03T11:26:19.792518+00:00', '--job-id', '153', '--raw', '--subdir', 'DAGS_FOLDER/first_dag.py', '--cfg-path', '/tmp/tmpk2k11u1j', '--error-file', '/tmp/tmpzi9k77bc']
[2022-09-03T11:26:21.664+0000] {standard_task_runner.py:80} INFO - Job 153: Subtask create_table
[2022-09-03T11:26:21.705+0000] {task_command.py:371} INFO - Running <TaskInstance: weather_data.create_table manual__2022-09-03T11:26:19.792518+00:00 [running]> on host 3d56073112d8
[2022-09-03T11:26:21.747+0000] {taskinstance.py:1583} INFO - Exporting the following env vars:
AIRFLOW_CTX_DAG_OWNER=***
AIRFLOW_CTX_DAG_ID=weather_data
AIRFLOW_CTX_TASK_ID=create_table
AIRFLOW_CTX_EXECUTION_DATE=2022-09-03T11:26:19.792518+00:00
AIRFLOW_CTX_TRY_NUMBER=1
AIRFLOW_CTX_DAG_RUN_ID=manual__2022-09-03T11:26:19.792518+00:00
[2022-09-03T11:26:21.754+0000] {base.py:68} INFO - Using connection ID 'postgres_default' for task execution.
[2022-09-03T11:26:21.757+0000] {sql.py:315} INFO - Running statement: create table if not exists weather(
                id          serial primary key,
                name        varchar(50)
                -- temp        float,
                -- temp_min    float,
                -- temp_max    float,
                -- description varchar(50),
                -- wind_speed  tinyint,
                -- sunset      smallint,
                -- sunrise     smallint,
            ), parameters: None
[2022-09-03T11:26:21.769+0000] {taskinstance.py:1412} INFO - Marking task as SUCCESS. dag_id=weather_data, task_id=create_table, execution_date=20220903T112619, start_date=20220903T112621, end_date=20220903T112621
[2022-09-03T11:26:21.796+0000] {local_task_job.py:156} INFO - Task exited with return code 0
[2022-09-03T11:26:21.823+0000] {local_task_job.py:279} INFO - 1 downstream tasks scheduled from follow-on schedule check
