[2022-09-03T08:52:10.219+0000] {taskinstance.py:1171} INFO - Dependencies all met for <TaskInstance: weather_data.greeting manual__2022-09-03T08:52:09.664433+00:00 [queued]>
[2022-09-03T08:52:10.226+0000] {taskinstance.py:1171} INFO - Dependencies all met for <TaskInstance: weather_data.greeting manual__2022-09-03T08:52:09.664433+00:00 [queued]>
[2022-09-03T08:52:10.226+0000] {taskinstance.py:1368} INFO - 
--------------------------------------------------------------------------------
[2022-09-03T08:52:10.227+0000] {taskinstance.py:1369} INFO - Starting attempt 1 of 1
[2022-09-03T08:52:10.228+0000] {taskinstance.py:1370} INFO - 
--------------------------------------------------------------------------------
[2022-09-03T08:52:10.235+0000] {taskinstance.py:1389} INFO - Executing <Task(BashOperator): greeting> on 2022-09-03 08:52:09.664433+00:00
[2022-09-03T08:52:10.239+0000] {standard_task_runner.py:52} INFO - Started process 1954 to run task
[2022-09-03T08:52:10.242+0000] {standard_task_runner.py:79} INFO - Running: ['***', 'tasks', 'run', 'weather_data', 'greeting', 'manual__2022-09-03T08:52:09.664433+00:00', '--job-id', '19', '--raw', '--subdir', 'DAGS_FOLDER/first_dag.py', '--cfg-path', '/tmp/tmpzextdlmj', '--error-file', '/tmp/tmpyb4s8vhd']
[2022-09-03T08:52:10.243+0000] {standard_task_runner.py:80} INFO - Job 19: Subtask greeting
[2022-09-03T08:52:10.284+0000] {task_command.py:371} INFO - Running <TaskInstance: weather_data.greeting manual__2022-09-03T08:52:09.664433+00:00 [running]> on host 3d56073112d8
[2022-09-03T08:52:10.329+0000] {taskinstance.py:1583} INFO - Exporting the following env vars:
AIRFLOW_CTX_DAG_OWNER=***
AIRFLOW_CTX_DAG_ID=weather_data
AIRFLOW_CTX_TASK_ID=greeting
AIRFLOW_CTX_EXECUTION_DATE=2022-09-03T08:52:09.664433+00:00
AIRFLOW_CTX_TRY_NUMBER=1
AIRFLOW_CTX_DAG_RUN_ID=manual__2022-09-03T08:52:09.664433+00:00
[2022-09-03T08:52:10.331+0000] {subprocess.py:62} INFO - Tmp dir root location: 
 /tmp
[2022-09-03T08:52:10.332+0000] {subprocess.py:74} INFO - Running command: ['/bin/bash', '-c', 'echo Hello']
[2022-09-03T08:52:10.344+0000] {subprocess.py:85} INFO - Output:
[2022-09-03T08:52:10.346+0000] {subprocess.py:92} INFO - Hello
[2022-09-03T08:52:10.348+0000] {subprocess.py:96} INFO - Command exited with return code 0
[2022-09-03T08:52:10.370+0000] {taskinstance.py:1412} INFO - Marking task as SUCCESS. dag_id=weather_data, task_id=greeting, execution_date=20220903T085209, start_date=20220903T085210, end_date=20220903T085210
[2022-09-03T08:52:10.415+0000] {local_task_job.py:156} INFO - Task exited with return code 0
[2022-09-03T08:52:10.440+0000] {local_task_job.py:279} INFO - 1 downstream tasks scheduled from follow-on schedule check
