[2022-09-03T10:38:46.794+0000] {taskinstance.py:1171} INFO - Dependencies all met for <TaskInstance: weather_data.getting_weather_krd manual__2022-09-03T10:38:45.117497+00:00 [queued]>
[2022-09-03T10:38:46.800+0000] {taskinstance.py:1171} INFO - Dependencies all met for <TaskInstance: weather_data.getting_weather_krd manual__2022-09-03T10:38:45.117497+00:00 [queued]>
[2022-09-03T10:38:46.801+0000] {taskinstance.py:1368} INFO - 
--------------------------------------------------------------------------------
[2022-09-03T10:38:46.802+0000] {taskinstance.py:1369} INFO - Starting attempt 1 of 1
[2022-09-03T10:38:46.802+0000] {taskinstance.py:1370} INFO - 
--------------------------------------------------------------------------------
[2022-09-03T10:38:46.810+0000] {taskinstance.py:1389} INFO - Executing <Task(SimpleHttpOperator): getting_weather_krd> on 2022-09-03 10:38:45.117497+00:00
[2022-09-03T10:38:46.815+0000] {standard_task_runner.py:52} INFO - Started process 7519 to run task
[2022-09-03T10:38:46.818+0000] {standard_task_runner.py:79} INFO - Running: ['***', 'tasks', 'run', 'weather_data', 'getting_weather_krd', 'manual__2022-09-03T10:38:45.117497+00:00', '--job-id', '127', '--raw', '--subdir', 'DAGS_FOLDER/first_dag.py', '--cfg-path', '/tmp/tmp6zv3nam0', '--error-file', '/tmp/tmpt_uhikgv']
[2022-09-03T10:38:46.819+0000] {standard_task_runner.py:80} INFO - Job 127: Subtask getting_weather_krd
[2022-09-03T10:38:46.862+0000] {task_command.py:371} INFO - Running <TaskInstance: weather_data.getting_weather_krd manual__2022-09-03T10:38:45.117497+00:00 [running]> on host 3d56073112d8
[2022-09-03T10:38:46.908+0000] {taskinstance.py:1583} INFO - Exporting the following env vars:
AIRFLOW_CTX_DAG_OWNER=***
AIRFLOW_CTX_DAG_ID=weather_data
AIRFLOW_CTX_TASK_ID=getting_weather_krd
AIRFLOW_CTX_EXECUTION_DATE=2022-09-03T10:38:45.117497+00:00
AIRFLOW_CTX_TRY_NUMBER=1
AIRFLOW_CTX_DAG_RUN_ID=manual__2022-09-03T10:38:45.117497+00:00
[2022-09-03T10:38:46.910+0000] {http.py:121} INFO - Calling HTTP method
[2022-09-03T10:38:46.917+0000] {base.py:68} INFO - Using connection ID 'http_default' for task execution.
[2022-09-03T10:38:46.919+0000] {http.py:148} INFO - Sending 'GET' to url: http://api.openweathermap.org/data/2.5/weather
[2022-09-03T10:38:47.109+0000] {taskinstance.py:1412} INFO - Marking task as SUCCESS. dag_id=weather_data, task_id=getting_weather_krd, execution_date=20220903T103845, start_date=20220903T103846, end_date=20220903T103847
[2022-09-03T10:38:47.127+0000] {local_task_job.py:156} INFO - Task exited with return code 0
[2022-09-03T10:38:47.169+0000] {local_task_job.py:279} INFO - 1 downstream tasks scheduled from follow-on schedule check
