[2022-09-03T11:48:42.931+0000] {taskinstance.py:1171} INFO - Dependencies all met for <TaskInstance: weather_data.getting_weather_mkp manual__2022-09-03T11:48:37.347257+00:00 [queued]>
[2022-09-03T11:48:42.938+0000] {taskinstance.py:1171} INFO - Dependencies all met for <TaskInstance: weather_data.getting_weather_mkp manual__2022-09-03T11:48:37.347257+00:00 [queued]>
[2022-09-03T11:48:42.939+0000] {taskinstance.py:1368} INFO - 
--------------------------------------------------------------------------------
[2022-09-03T11:48:42.940+0000] {taskinstance.py:1369} INFO - Starting attempt 1 of 1
[2022-09-03T11:48:42.941+0000] {taskinstance.py:1370} INFO - 
--------------------------------------------------------------------------------
[2022-09-03T11:48:42.950+0000] {taskinstance.py:1389} INFO - Executing <Task(SimpleHttpOperator): getting_weather_mkp> on 2022-09-03 11:48:37.347257+00:00
[2022-09-03T11:48:42.955+0000] {standard_task_runner.py:52} INFO - Started process 11250 to run task
[2022-09-03T11:48:42.957+0000] {standard_task_runner.py:79} INFO - Running: ['***', 'tasks', 'run', 'weather_data', 'getting_weather_mkp', 'manual__2022-09-03T11:48:37.347257+00:00', '--job-id', '230', '--raw', '--subdir', 'DAGS_FOLDER/first_dag.py', '--cfg-path', '/tmp/tmplxxtslim', '--error-file', '/tmp/tmpbm0u216y']
[2022-09-03T11:48:42.958+0000] {standard_task_runner.py:80} INFO - Job 230: Subtask getting_weather_mkp
[2022-09-03T11:48:43.000+0000] {task_command.py:371} INFO - Running <TaskInstance: weather_data.getting_weather_mkp manual__2022-09-03T11:48:37.347257+00:00 [running]> on host 3d56073112d8
[2022-09-03T11:48:43.044+0000] {taskinstance.py:1583} INFO - Exporting the following env vars:
AIRFLOW_CTX_DAG_OWNER=***
AIRFLOW_CTX_DAG_ID=weather_data
AIRFLOW_CTX_TASK_ID=getting_weather_mkp
AIRFLOW_CTX_EXECUTION_DATE=2022-09-03T11:48:37.347257+00:00
AIRFLOW_CTX_TRY_NUMBER=1
AIRFLOW_CTX_DAG_RUN_ID=manual__2022-09-03T11:48:37.347257+00:00
[2022-09-03T11:48:43.046+0000] {http.py:121} INFO - Calling HTTP method
[2022-09-03T11:48:43.052+0000] {base.py:68} INFO - Using connection ID 'http_default' for task execution.
[2022-09-03T11:48:43.055+0000] {http.py:148} INFO - Sending 'GET' to url: http://api.openweathermap.org/data/2.5/weather
[2022-09-03T11:48:43.278+0000] {taskinstance.py:1412} INFO - Marking task as SUCCESS. dag_id=weather_data, task_id=getting_weather_mkp, execution_date=20220903T114837, start_date=20220903T114842, end_date=20220903T114843
[2022-09-03T11:48:43.300+0000] {local_task_job.py:156} INFO - Task exited with return code 0
[2022-09-03T11:48:43.342+0000] {local_task_job.py:279} INFO - 1 downstream tasks scheduled from follow-on schedule check
