[2022-09-03T11:35:44.139+0000] {taskinstance.py:1171} INFO - Dependencies all met for <TaskInstance: weather_data.check_weather_krd manual__2022-09-03T11:35:39.624241+00:00 [queued]>
[2022-09-03T11:35:44.145+0000] {taskinstance.py:1171} INFO - Dependencies all met for <TaskInstance: weather_data.check_weather_krd manual__2022-09-03T11:35:39.624241+00:00 [queued]>
[2022-09-03T11:35:44.146+0000] {taskinstance.py:1368} INFO - 
--------------------------------------------------------------------------------
[2022-09-03T11:35:44.148+0000] {taskinstance.py:1369} INFO - Starting attempt 1 of 1
[2022-09-03T11:35:44.151+0000] {taskinstance.py:1370} INFO - 
--------------------------------------------------------------------------------
[2022-09-03T11:35:44.159+0000] {taskinstance.py:1389} INFO - Executing <Task(PythonOperator): check_weather_krd> on 2022-09-03 11:35:39.624241+00:00
[2022-09-03T11:35:44.166+0000] {standard_task_runner.py:52} INFO - Started process 10558 to run task
[2022-09-03T11:35:44.168+0000] {standard_task_runner.py:79} INFO - Running: ['***', 'tasks', 'run', 'weather_data', 'check_weather_krd', 'manual__2022-09-03T11:35:39.624241+00:00', '--job-id', '209', '--raw', '--subdir', 'DAGS_FOLDER/first_dag.py', '--cfg-path', '/tmp/tmpefdbgfru', '--error-file', '/tmp/tmp79mfkmt1']
[2022-09-03T11:35:44.170+0000] {standard_task_runner.py:80} INFO - Job 209: Subtask check_weather_krd
[2022-09-03T11:35:44.213+0000] {task_command.py:371} INFO - Running <TaskInstance: weather_data.check_weather_krd manual__2022-09-03T11:35:39.624241+00:00 [running]> on host 3d56073112d8
[2022-09-03T11:35:44.254+0000] {taskinstance.py:1583} INFO - Exporting the following env vars:
AIRFLOW_CTX_DAG_OWNER=***
AIRFLOW_CTX_DAG_ID=weather_data
AIRFLOW_CTX_TASK_ID=check_weather_krd
AIRFLOW_CTX_EXECUTION_DATE=2022-09-03T11:35:39.624241+00:00
AIRFLOW_CTX_TRY_NUMBER=1
AIRFLOW_CTX_DAG_RUN_ID=manual__2022-09-03T11:35:39.624241+00:00
[2022-09-03T11:35:44.325+0000] {python.py:173} INFO - Done. Returned value was: None
[2022-09-03T11:35:44.334+0000] {taskinstance.py:1412} INFO - Marking task as SUCCESS. dag_id=weather_data, task_id=check_weather_krd, execution_date=20220903T113539, start_date=20220903T113544, end_date=20220903T113544
[2022-09-03T11:35:44.384+0000] {local_task_job.py:156} INFO - Task exited with return code 0
[2022-09-03T11:35:44.407+0000] {local_task_job.py:279} INFO - 1 downstream tasks scheduled from follow-on schedule check
