[2022-09-03T11:33:57.947+0000] {taskinstance.py:1171} INFO - Dependencies all met for <TaskInstance: weather_data.drop_table manual__2022-09-03T11:33:57.359755+00:00 [queued]>
[2022-09-03T11:33:57.957+0000] {taskinstance.py:1171} INFO - Dependencies all met for <TaskInstance: weather_data.drop_table manual__2022-09-03T11:33:57.359755+00:00 [queued]>
[2022-09-03T11:33:57.958+0000] {taskinstance.py:1368} INFO - 
--------------------------------------------------------------------------------
[2022-09-03T11:33:57.959+0000] {taskinstance.py:1369} INFO - Starting attempt 1 of 1
[2022-09-03T11:33:57.961+0000] {taskinstance.py:1370} INFO - 
--------------------------------------------------------------------------------
[2022-09-03T11:33:57.972+0000] {taskinstance.py:1389} INFO - Executing <Task(PostgresOperator): drop_table> on 2022-09-03 11:33:57.359755+00:00
[2022-09-03T11:33:57.978+0000] {standard_task_runner.py:52} INFO - Started process 10448 to run task
[2022-09-03T11:33:57.982+0000] {standard_task_runner.py:79} INFO - Running: ['***', 'tasks', 'run', 'weather_data', 'drop_table', 'manual__2022-09-03T11:33:57.359755+00:00', '--job-id', '198', '--raw', '--subdir', 'DAGS_FOLDER/first_dag.py', '--cfg-path', '/tmp/tmphclet2ab', '--error-file', '/tmp/tmpgz6lbrp5']
[2022-09-03T11:33:57.983+0000] {standard_task_runner.py:80} INFO - Job 198: Subtask drop_table
[2022-09-03T11:33:58.047+0000] {task_command.py:371} INFO - Running <TaskInstance: weather_data.drop_table manual__2022-09-03T11:33:57.359755+00:00 [running]> on host 3d56073112d8
[2022-09-03T11:33:58.108+0000] {taskinstance.py:1583} INFO - Exporting the following env vars:
AIRFLOW_CTX_DAG_OWNER=***
AIRFLOW_CTX_DAG_ID=weather_data
AIRFLOW_CTX_TASK_ID=drop_table
AIRFLOW_CTX_EXECUTION_DATE=2022-09-03T11:33:57.359755+00:00
AIRFLOW_CTX_TRY_NUMBER=1
AIRFLOW_CTX_DAG_RUN_ID=manual__2022-09-03T11:33:57.359755+00:00
[2022-09-03T11:33:58.115+0000] {base.py:68} INFO - Using connection ID 'postgres_default' for task execution.
[2022-09-03T11:33:58.119+0000] {sql.py:315} INFO - Running statement: drop table if exists weather, parameters: None
[2022-09-03T11:33:58.133+0000] {taskinstance.py:1412} INFO - Marking task as SUCCESS. dag_id=weather_data, task_id=drop_table, execution_date=20220903T113357, start_date=20220903T113357, end_date=20220903T113358
[2022-09-03T11:33:58.157+0000] {local_task_job.py:156} INFO - Task exited with return code 0
[2022-09-03T11:33:58.193+0000] {local_task_job.py:279} INFO - 1 downstream tasks scheduled from follow-on schedule check
