[2022-09-03T09:53:23.101+0000] {taskinstance.py:1171} INFO - Dependencies all met for <TaskInstance: weather_data.check_weather manual__2022-09-03T09:53:19.274006+00:00 [queued]>
[2022-09-03T09:53:23.107+0000] {taskinstance.py:1171} INFO - Dependencies all met for <TaskInstance: weather_data.check_weather manual__2022-09-03T09:53:19.274006+00:00 [queued]>
[2022-09-03T09:53:23.108+0000] {taskinstance.py:1368} INFO - 
--------------------------------------------------------------------------------
[2022-09-03T09:53:23.109+0000] {taskinstance.py:1369} INFO - Starting attempt 1 of 1
[2022-09-03T09:53:23.110+0000] {taskinstance.py:1370} INFO - 
--------------------------------------------------------------------------------
[2022-09-03T09:53:23.118+0000] {taskinstance.py:1389} INFO - Executing <Task(PythonOperator): check_weather> on 2022-09-03 09:53:19.274006+00:00
[2022-09-03T09:53:23.122+0000] {standard_task_runner.py:52} INFO - Started process 5181 to run task
[2022-09-03T09:53:23.124+0000] {standard_task_runner.py:79} INFO - Running: ['***', 'tasks', 'run', 'weather_data', 'check_weather', 'manual__2022-09-03T09:53:19.274006+00:00', '--job-id', '89', '--raw', '--subdir', 'DAGS_FOLDER/first_dag.py', '--cfg-path', '/tmp/tmp57qq8ind', '--error-file', '/tmp/tmppok2hy67']
[2022-09-03T09:53:23.125+0000] {standard_task_runner.py:80} INFO - Job 89: Subtask check_weather
[2022-09-03T09:53:23.173+0000] {task_command.py:371} INFO - Running <TaskInstance: weather_data.check_weather manual__2022-09-03T09:53:19.274006+00:00 [running]> on host 3d56073112d8
[2022-09-03T09:53:23.215+0000] {taskinstance.py:1583} INFO - Exporting the following env vars:
AIRFLOW_CTX_DAG_OWNER=***
AIRFLOW_CTX_DAG_ID=weather_data
AIRFLOW_CTX_TASK_ID=check_weather
AIRFLOW_CTX_EXECUTION_DATE=2022-09-03T09:53:19.274006+00:00
AIRFLOW_CTX_TRY_NUMBER=1
AIRFLOW_CTX_DAG_RUN_ID=manual__2022-09-03T09:53:19.274006+00:00
[2022-09-03T09:53:23.264+0000] {python.py:173} INFO - Done. Returned value was: {'speed': 5.52, 'deg': 279, 'gust': 6.84}
[2022-09-03T09:53:23.278+0000] {taskinstance.py:1412} INFO - Marking task as SUCCESS. dag_id=weather_data, task_id=check_weather, execution_date=20220903T095319, start_date=20220903T095323, end_date=20220903T095323
[2022-09-03T09:53:23.297+0000] {local_task_job.py:156} INFO - Task exited with return code 0
[2022-09-03T09:53:23.317+0000] {local_task_job.py:279} INFO - 0 downstream tasks scheduled from follow-on schedule check
