[2022-09-03T09:47:30.035+0000] {taskinstance.py:1171} INFO - Dependencies all met for <TaskInstance: weather_data.check_weather manual__2022-09-03T09:47:27.433795+00:00 [queued]>
[2022-09-03T09:47:30.047+0000] {taskinstance.py:1171} INFO - Dependencies all met for <TaskInstance: weather_data.check_weather manual__2022-09-03T09:47:27.433795+00:00 [queued]>
[2022-09-03T09:47:30.049+0000] {taskinstance.py:1368} INFO - 
--------------------------------------------------------------------------------
[2022-09-03T09:47:30.051+0000] {taskinstance.py:1369} INFO - Starting attempt 1 of 1
[2022-09-03T09:47:30.054+0000] {taskinstance.py:1370} INFO - 
--------------------------------------------------------------------------------
[2022-09-03T09:47:30.067+0000] {taskinstance.py:1389} INFO - Executing <Task(PythonOperator): check_weather> on 2022-09-03 09:47:27.433795+00:00
[2022-09-03T09:47:30.073+0000] {standard_task_runner.py:52} INFO - Started process 4839 to run task
[2022-09-03T09:47:30.076+0000] {standard_task_runner.py:79} INFO - Running: ['***', 'tasks', 'run', 'weather_data', 'check_weather', 'manual__2022-09-03T09:47:27.433795+00:00', '--job-id', '71', '--raw', '--subdir', 'DAGS_FOLDER/first_dag.py', '--cfg-path', '/tmp/tmp4dhrp9yh', '--error-file', '/tmp/tmp5qn_tdnp']
[2022-09-03T09:47:30.077+0000] {standard_task_runner.py:80} INFO - Job 71: Subtask check_weather
[2022-09-03T09:47:30.131+0000] {task_command.py:371} INFO - Running <TaskInstance: weather_data.check_weather manual__2022-09-03T09:47:27.433795+00:00 [running]> on host 3d56073112d8
[2022-09-03T09:47:30.175+0000] {taskinstance.py:1583} INFO - Exporting the following env vars:
AIRFLOW_CTX_DAG_OWNER=***
AIRFLOW_CTX_DAG_ID=weather_data
AIRFLOW_CTX_TASK_ID=check_weather
AIRFLOW_CTX_EXECUTION_DATE=2022-09-03T09:47:27.433795+00:00
AIRFLOW_CTX_TRY_NUMBER=1
AIRFLOW_CTX_DAG_RUN_ID=manual__2022-09-03T09:47:27.433795+00:00
[2022-09-03T09:47:30.184+0000] {python.py:173} INFO - Done. Returned value was: пасмурно
[2022-09-03T09:47:30.200+0000] {taskinstance.py:1412} INFO - Marking task as SUCCESS. dag_id=weather_data, task_id=check_weather, execution_date=20220903T094727, start_date=20220903T094730, end_date=20220903T094730
[2022-09-03T09:47:30.253+0000] {local_task_job.py:156} INFO - Task exited with return code 0
[2022-09-03T09:47:30.273+0000] {local_task_job.py:279} INFO - 0 downstream tasks scheduled from follow-on schedule check
