[2022-09-03T09:49:19.944+0000] {taskinstance.py:1171} INFO - Dependencies all met for <TaskInstance: weather_data.greeting manual__2022-09-03T09:49:19.162611+00:00 [queued]>
[2022-09-03T09:49:19.951+0000] {taskinstance.py:1171} INFO - Dependencies all met for <TaskInstance: weather_data.greeting manual__2022-09-03T09:49:19.162611+00:00 [queued]>
[2022-09-03T09:49:19.952+0000] {taskinstance.py:1368} INFO - 
--------------------------------------------------------------------------------
[2022-09-03T09:49:19.952+0000] {taskinstance.py:1369} INFO - Starting attempt 1 of 1
[2022-09-03T09:49:19.953+0000] {taskinstance.py:1370} INFO - 
--------------------------------------------------------------------------------
[2022-09-03T09:49:19.960+0000] {taskinstance.py:1389} INFO - Executing <Task(BashOperator): greeting> on 2022-09-03 09:49:19.162611+00:00
[2022-09-03T09:49:19.965+0000] {standard_task_runner.py:52} INFO - Started process 4933 to run task
[2022-09-03T09:49:19.967+0000] {standard_task_runner.py:79} INFO - Running: ['***', 'tasks', 'run', 'weather_data', 'greeting', 'manual__2022-09-03T09:49:19.162611+00:00', '--job-id', '72', '--raw', '--subdir', 'DAGS_FOLDER/first_dag.py', '--cfg-path', '/tmp/tmp5__71sr9', '--error-file', '/tmp/tmpqtwajs07']
[2022-09-03T09:49:19.968+0000] {standard_task_runner.py:80} INFO - Job 72: Subtask greeting
[2022-09-03T09:49:20.012+0000] {task_command.py:371} INFO - Running <TaskInstance: weather_data.greeting manual__2022-09-03T09:49:19.162611+00:00 [running]> on host 3d56073112d8
[2022-09-03T09:49:20.055+0000] {taskinstance.py:1583} INFO - Exporting the following env vars:
AIRFLOW_CTX_DAG_OWNER=***
AIRFLOW_CTX_DAG_ID=weather_data
AIRFLOW_CTX_TASK_ID=greeting
AIRFLOW_CTX_EXECUTION_DATE=2022-09-03T09:49:19.162611+00:00
AIRFLOW_CTX_TRY_NUMBER=1
AIRFLOW_CTX_DAG_RUN_ID=manual__2022-09-03T09:49:19.162611+00:00
[2022-09-03T09:49:20.057+0000] {subprocess.py:62} INFO - Tmp dir root location: 
 /tmp
[2022-09-03T09:49:20.058+0000] {subprocess.py:74} INFO - Running command: ['/bin/bash', '-c', 'echo Hello']
[2022-09-03T09:49:20.066+0000] {subprocess.py:85} INFO - Output:
[2022-09-03T09:49:20.068+0000] {subprocess.py:92} INFO - Hello
[2022-09-03T09:49:20.069+0000] {subprocess.py:96} INFO - Command exited with return code 0
[2022-09-03T09:49:20.088+0000] {taskinstance.py:1412} INFO - Marking task as SUCCESS. dag_id=weather_data, task_id=greeting, execution_date=20220903T094919, start_date=20220903T094919, end_date=20220903T094920
[2022-09-03T09:49:20.140+0000] {local_task_job.py:156} INFO - Task exited with return code 0
[2022-09-03T09:49:20.166+0000] {local_task_job.py:279} INFO - 1 downstream tasks scheduled from follow-on schedule check
