[2022-09-03T11:26:32.861+0000] {taskinstance.py:1171} INFO - Dependencies all met for <TaskInstance: weather_data.getting_weather_krd manual__2022-09-03T11:26:29.484693+00:00 [queued]>
[2022-09-03T11:26:32.868+0000] {taskinstance.py:1171} INFO - Dependencies all met for <TaskInstance: weather_data.getting_weather_krd manual__2022-09-03T11:26:29.484693+00:00 [queued]>
[2022-09-03T11:26:32.869+0000] {taskinstance.py:1368} INFO - 
--------------------------------------------------------------------------------
[2022-09-03T11:26:32.870+0000] {taskinstance.py:1369} INFO - Starting attempt 1 of 1
[2022-09-03T11:26:32.870+0000] {taskinstance.py:1370} INFO - 
--------------------------------------------------------------------------------
[2022-09-03T11:26:32.878+0000] {taskinstance.py:1389} INFO - Executing <Task(SimpleHttpOperator): getting_weather_krd> on 2022-09-03 11:26:29.484693+00:00
[2022-09-03T11:26:32.883+0000] {standard_task_runner.py:52} INFO - Started process 10001 to run task
[2022-09-03T11:26:32.885+0000] {standard_task_runner.py:79} INFO - Running: ['***', 'tasks', 'run', 'weather_data', 'getting_weather_krd', 'manual__2022-09-03T11:26:29.484693+00:00', '--job-id', '161', '--raw', '--subdir', 'DAGS_FOLDER/first_dag.py', '--cfg-path', '/tmp/tmpo72pztgd', '--error-file', '/tmp/tmptgv6el3r']
[2022-09-03T11:26:32.886+0000] {standard_task_runner.py:80} INFO - Job 161: Subtask getting_weather_krd
[2022-09-03T11:26:32.928+0000] {task_command.py:371} INFO - Running <TaskInstance: weather_data.getting_weather_krd manual__2022-09-03T11:26:29.484693+00:00 [running]> on host 3d56073112d8
[2022-09-03T11:26:32.972+0000] {taskinstance.py:1583} INFO - Exporting the following env vars:
AIRFLOW_CTX_DAG_OWNER=***
AIRFLOW_CTX_DAG_ID=weather_data
AIRFLOW_CTX_TASK_ID=getting_weather_krd
AIRFLOW_CTX_EXECUTION_DATE=2022-09-03T11:26:29.484693+00:00
AIRFLOW_CTX_TRY_NUMBER=1
AIRFLOW_CTX_DAG_RUN_ID=manual__2022-09-03T11:26:29.484693+00:00
[2022-09-03T11:26:32.974+0000] {http.py:121} INFO - Calling HTTP method
[2022-09-03T11:26:32.980+0000] {base.py:68} INFO - Using connection ID 'http_default' for task execution.
[2022-09-03T11:26:32.983+0000] {http.py:148} INFO - Sending 'GET' to url: http://api.openweathermap.org/data/2.5/weather
[2022-09-03T11:26:33.162+0000] {taskinstance.py:1412} INFO - Marking task as SUCCESS. dag_id=weather_data, task_id=getting_weather_krd, execution_date=20220903T112629, start_date=20220903T112632, end_date=20220903T112633
[2022-09-03T11:26:33.182+0000] {local_task_job.py:156} INFO - Task exited with return code 0
[2022-09-03T11:26:33.210+0000] {local_task_job.py:279} INFO - 1 downstream tasks scheduled from follow-on schedule check
