[2022-09-03T09:46:00.832+0000] {taskinstance.py:1171} INFO - Dependencies all met for <TaskInstance: weather_data.greeting manual__2022-09-03T09:45:59.544727+00:00 [queued]>
[2022-09-03T09:46:00.839+0000] {taskinstance.py:1171} INFO - Dependencies all met for <TaskInstance: weather_data.greeting manual__2022-09-03T09:45:59.544727+00:00 [queued]>
[2022-09-03T09:46:00.840+0000] {taskinstance.py:1368} INFO - 
--------------------------------------------------------------------------------
[2022-09-03T09:46:00.841+0000] {taskinstance.py:1369} INFO - Starting attempt 1 of 1
[2022-09-03T09:46:00.842+0000] {taskinstance.py:1370} INFO - 
--------------------------------------------------------------------------------
[2022-09-03T09:46:00.849+0000] {taskinstance.py:1389} INFO - Executing <Task(BashOperator): greeting> on 2022-09-03 09:45:59.544727+00:00
[2022-09-03T09:46:00.854+0000] {standard_task_runner.py:52} INFO - Started process 4748 to run task
[2022-09-03T09:46:00.856+0000] {standard_task_runner.py:79} INFO - Running: ['***', 'tasks', 'run', 'weather_data', 'greeting', 'manual__2022-09-03T09:45:59.544727+00:00', '--job-id', '63', '--raw', '--subdir', 'DAGS_FOLDER/first_dag.py', '--cfg-path', '/tmp/tmp50znogvd', '--error-file', '/tmp/tmp7sxiir_r']
[2022-09-03T09:46:00.857+0000] {standard_task_runner.py:80} INFO - Job 63: Subtask greeting
[2022-09-03T09:46:00.898+0000] {task_command.py:371} INFO - Running <TaskInstance: weather_data.greeting manual__2022-09-03T09:45:59.544727+00:00 [running]> on host 3d56073112d8
[2022-09-03T09:46:00.940+0000] {taskinstance.py:1583} INFO - Exporting the following env vars:
AIRFLOW_CTX_DAG_OWNER=***
AIRFLOW_CTX_DAG_ID=weather_data
AIRFLOW_CTX_TASK_ID=greeting
AIRFLOW_CTX_EXECUTION_DATE=2022-09-03T09:45:59.544727+00:00
AIRFLOW_CTX_TRY_NUMBER=1
AIRFLOW_CTX_DAG_RUN_ID=manual__2022-09-03T09:45:59.544727+00:00
[2022-09-03T09:46:00.942+0000] {subprocess.py:62} INFO - Tmp dir root location: 
 /tmp
[2022-09-03T09:46:00.943+0000] {subprocess.py:74} INFO - Running command: ['/bin/bash', '-c', 'echo Hello']
[2022-09-03T09:46:00.952+0000] {subprocess.py:85} INFO - Output:
[2022-09-03T09:46:00.953+0000] {subprocess.py:92} INFO - Hello
[2022-09-03T09:46:00.954+0000] {subprocess.py:96} INFO - Command exited with return code 0
[2022-09-03T09:46:00.972+0000] {taskinstance.py:1412} INFO - Marking task as SUCCESS. dag_id=weather_data, task_id=greeting, execution_date=20220903T094559, start_date=20220903T094600, end_date=20220903T094600
[2022-09-03T09:46:00.989+0000] {local_task_job.py:156} INFO - Task exited with return code 0
[2022-09-03T09:46:01.017+0000] {local_task_job.py:279} INFO - 1 downstream tasks scheduled from follow-on schedule check
