[2022-09-03T12:00:01.661+0000] {taskinstance.py:1171} INFO - Dependencies all met for <TaskInstance: weather_data.create_table scheduled__2022-09-03T11:00:00+00:00 [queued]>
[2022-09-03T12:00:01.671+0000] {taskinstance.py:1171} INFO - Dependencies all met for <TaskInstance: weather_data.create_table scheduled__2022-09-03T11:00:00+00:00 [queued]>
[2022-09-03T12:00:01.673+0000] {taskinstance.py:1368} INFO - 
--------------------------------------------------------------------------------
[2022-09-03T12:00:01.674+0000] {taskinstance.py:1369} INFO - Starting attempt 1 of 1
[2022-09-03T12:00:01.675+0000] {taskinstance.py:1370} INFO - 
--------------------------------------------------------------------------------
[2022-09-03T12:00:01.685+0000] {taskinstance.py:1389} INFO - Executing <Task(PostgresOperator): create_table> on 2022-09-03 11:00:00+00:00
[2022-09-03T12:00:01.691+0000] {standard_task_runner.py:52} INFO - Started process 11862 to run task
[2022-09-03T12:00:01.694+0000] {standard_task_runner.py:79} INFO - Running: ['***', 'tasks', 'run', 'weather_data', 'create_table', 'scheduled__2022-09-03T11:00:00+00:00', '--job-id', '234', '--raw', '--subdir', 'DAGS_FOLDER/first_dag.py', '--cfg-path', '/tmp/tmpq9of1t7e', '--error-file', '/tmp/tmpiotgiwm0']
[2022-09-03T12:00:01.696+0000] {standard_task_runner.py:80} INFO - Job 234: Subtask create_table
[2022-09-03T12:00:01.745+0000] {task_command.py:371} INFO - Running <TaskInstance: weather_data.create_table scheduled__2022-09-03T11:00:00+00:00 [running]> on host 3d56073112d8
[2022-09-03T12:00:01.824+0000] {taskinstance.py:1583} INFO - Exporting the following env vars:
AIRFLOW_CTX_DAG_OWNER=***
AIRFLOW_CTX_DAG_ID=weather_data
AIRFLOW_CTX_TASK_ID=create_table
AIRFLOW_CTX_EXECUTION_DATE=2022-09-03T11:00:00+00:00
AIRFLOW_CTX_TRY_NUMBER=1
AIRFLOW_CTX_DAG_RUN_ID=scheduled__2022-09-03T11:00:00+00:00
[2022-09-03T12:00:01.840+0000] {base.py:68} INFO - Using connection ID 'postgres_default' for task execution.
[2022-09-03T12:00:01.846+0000] {sql.py:315} INFO - Running statement: create table if not exists weather(
                id              serial primary key,
                name            varchar(50),
                temp            float,
                temp_feels_like float,
                temp_min        float,
                temp_max        float,
                description     varchar(50),
                wind_speed      float,
                humidity        float,
                pressure        smallint,
                sunset          int,
                sunrise         int
            ), parameters: None
[2022-09-03T12:00:01.869+0000] {taskinstance.py:1412} INFO - Marking task as SUCCESS. dag_id=weather_data, task_id=create_table, execution_date=20220903T110000, start_date=20220903T120001, end_date=20220903T120001
[2022-09-03T12:00:01.911+0000] {local_task_job.py:156} INFO - Task exited with return code 0
[2022-09-03T12:00:01.952+0000] {local_task_job.py:279} INFO - 1 downstream tasks scheduled from follow-on schedule check
[2022-09-03T12:10:08.833+0000] {taskinstance.py:1171} INFO - Dependencies all met for <TaskInstance: weather_data.create_table scheduled__2022-09-03T11:00:00+00:00 [queued]>
[2022-09-03T12:10:08.840+0000] {taskinstance.py:1171} INFO - Dependencies all met for <TaskInstance: weather_data.create_table scheduled__2022-09-03T11:00:00+00:00 [queued]>
[2022-09-03T12:10:08.841+0000] {taskinstance.py:1368} INFO - 
--------------------------------------------------------------------------------
[2022-09-03T12:10:08.842+0000] {taskinstance.py:1369} INFO - Starting attempt 1 of 1
[2022-09-03T12:10:08.843+0000] {taskinstance.py:1370} INFO - 
--------------------------------------------------------------------------------
[2022-09-03T12:10:08.850+0000] {taskinstance.py:1389} INFO - Executing <Task(PostgresOperator): create_table> on 2022-09-03 11:00:00+00:00
[2022-09-03T12:10:08.855+0000] {standard_task_runner.py:52} INFO - Started process 12377 to run task
[2022-09-03T12:10:08.858+0000] {standard_task_runner.py:79} INFO - Running: ['***', 'tasks', 'run', 'weather_data', 'create_table', 'scheduled__2022-09-03T11:00:00+00:00', '--job-id', '237', '--raw', '--subdir', 'DAGS_FOLDER/first_dag.py', '--cfg-path', '/tmp/tmppczso78y', '--error-file', '/tmp/tmpju8ovcyx']
[2022-09-03T12:10:08.860+0000] {standard_task_runner.py:80} INFO - Job 237: Subtask create_table
[2022-09-03T12:10:08.902+0000] {task_command.py:371} INFO - Running <TaskInstance: weather_data.create_table scheduled__2022-09-03T11:00:00+00:00 [running]> on host 3d56073112d8
[2022-09-03T12:10:08.944+0000] {taskinstance.py:1583} INFO - Exporting the following env vars:
AIRFLOW_CTX_DAG_OWNER=***
AIRFLOW_CTX_DAG_ID=weather_data
AIRFLOW_CTX_TASK_ID=create_table
AIRFLOW_CTX_EXECUTION_DATE=2022-09-03T11:00:00+00:00
AIRFLOW_CTX_TRY_NUMBER=1
AIRFLOW_CTX_DAG_RUN_ID=scheduled__2022-09-03T11:00:00+00:00
[2022-09-03T12:10:08.950+0000] {base.py:68} INFO - Using connection ID 'postgres_default' for task execution.
[2022-09-03T12:10:08.954+0000] {sql.py:315} INFO - Running statement: create table if not exists weather(
                id              serial primary key,
                name            varchar(50),
                temp            float,
                temp_feels_like float,
                temp_min        float,
                temp_max        float,
                description     varchar(50),
                wind_speed      float,
                humidity        float,
                pressure        smallint,
                sunset          int,
                sunrise         int
            ), parameters: None
[2022-09-03T12:10:08.968+0000] {taskinstance.py:1412} INFO - Marking task as SUCCESS. dag_id=weather_data, task_id=create_table, execution_date=20220903T110000, start_date=20220903T121008, end_date=20220903T121008
[2022-09-03T12:10:08.993+0000] {local_task_job.py:156} INFO - Task exited with return code 0
[2022-09-03T12:10:09.020+0000] {local_task_job.py:279} INFO - 1 downstream tasks scheduled from follow-on schedule check
