[2022-09-03T11:28:10.232+0000] {taskinstance.py:1171} INFO - Dependencies all met for <TaskInstance: weather_data.create_table manual__2022-09-03T11:28:08.706295+00:00 [queued]>
[2022-09-03T11:28:10.240+0000] {taskinstance.py:1171} INFO - Dependencies all met for <TaskInstance: weather_data.create_table manual__2022-09-03T11:28:08.706295+00:00 [queued]>
[2022-09-03T11:28:10.242+0000] {taskinstance.py:1368} INFO - 
--------------------------------------------------------------------------------
[2022-09-03T11:28:10.243+0000] {taskinstance.py:1369} INFO - Starting attempt 1 of 1
[2022-09-03T11:28:10.244+0000] {taskinstance.py:1370} INFO - 
--------------------------------------------------------------------------------
[2022-09-03T11:28:10.254+0000] {taskinstance.py:1389} INFO - Executing <Task(PostgresOperator): create_table> on 2022-09-03 11:28:08.706295+00:00
[2022-09-03T11:28:10.258+0000] {standard_task_runner.py:52} INFO - Started process 10109 to run task
[2022-09-03T11:28:10.262+0000] {standard_task_runner.py:79} INFO - Running: ['***', 'tasks', 'run', 'weather_data', 'create_table', 'manual__2022-09-03T11:28:08.706295+00:00', '--job-id', '174', '--raw', '--subdir', 'DAGS_FOLDER/first_dag.py', '--cfg-path', '/tmp/tmp5hdjkm49', '--error-file', '/tmp/tmpuw9d9z3y']
[2022-09-03T11:28:10.263+0000] {standard_task_runner.py:80} INFO - Job 174: Subtask create_table
[2022-09-03T11:28:10.308+0000] {task_command.py:371} INFO - Running <TaskInstance: weather_data.create_table manual__2022-09-03T11:28:08.706295+00:00 [running]> on host 3d56073112d8
[2022-09-03T11:28:10.350+0000] {taskinstance.py:1583} INFO - Exporting the following env vars:
AIRFLOW_CTX_DAG_OWNER=***
AIRFLOW_CTX_DAG_ID=weather_data
AIRFLOW_CTX_TASK_ID=create_table
AIRFLOW_CTX_EXECUTION_DATE=2022-09-03T11:28:08.706295+00:00
AIRFLOW_CTX_TRY_NUMBER=1
AIRFLOW_CTX_DAG_RUN_ID=manual__2022-09-03T11:28:08.706295+00:00
[2022-09-03T11:28:10.357+0000] {base.py:68} INFO - Using connection ID 'postgres_default' for task execution.
[2022-09-03T11:28:10.361+0000] {sql.py:315} INFO - Running statement: create table if not exists weather(
                id          serial primary key,
                name        varchar(50)
                -- temp        float,
                -- temp_min    float,
                -- temp_max    float,
                -- description varchar(50),
                -- wind_speed  tinyint,
                -- sunset      smallint,
                -- sunrise     smallint,
            ), parameters: None
[2022-09-03T11:28:10.374+0000] {taskinstance.py:1412} INFO - Marking task as SUCCESS. dag_id=weather_data, task_id=create_table, execution_date=20220903T112808, start_date=20220903T112810, end_date=20220903T112810
[2022-09-03T11:28:10.394+0000] {local_task_job.py:156} INFO - Task exited with return code 0
[2022-09-03T11:28:10.421+0000] {local_task_job.py:279} INFO - 1 downstream tasks scheduled from follow-on schedule check
