[2022-09-03T11:40:19.473+0000] {taskinstance.py:1171} INFO - Dependencies all met for <TaskInstance: weather_data.check_weather_krd manual__2022-09-03T11:40:14.328831+00:00 [queued]>
[2022-09-03T11:40:19.480+0000] {taskinstance.py:1171} INFO - Dependencies all met for <TaskInstance: weather_data.check_weather_krd manual__2022-09-03T11:40:14.328831+00:00 [queued]>
[2022-09-03T11:40:19.481+0000] {taskinstance.py:1368} INFO - 
--------------------------------------------------------------------------------
[2022-09-03T11:40:19.481+0000] {taskinstance.py:1369} INFO - Starting attempt 1 of 1
[2022-09-03T11:40:19.482+0000] {taskinstance.py:1370} INFO - 
--------------------------------------------------------------------------------
[2022-09-03T11:40:19.489+0000] {taskinstance.py:1389} INFO - Executing <Task(PythonOperator): check_weather_krd> on 2022-09-03 11:40:14.328831+00:00
[2022-09-03T11:40:19.493+0000] {standard_task_runner.py:52} INFO - Started process 10810 to run task
[2022-09-03T11:40:19.496+0000] {standard_task_runner.py:79} INFO - Running: ['***', 'tasks', 'run', 'weather_data', 'check_weather_krd', 'manual__2022-09-03T11:40:14.328831+00:00', '--job-id', '223', '--raw', '--subdir', 'DAGS_FOLDER/first_dag.py', '--cfg-path', '/tmp/tmp2rq27k5k', '--error-file', '/tmp/tmpkeekl4dr']
[2022-09-03T11:40:19.497+0000] {standard_task_runner.py:80} INFO - Job 223: Subtask check_weather_krd
[2022-09-03T11:40:19.537+0000] {task_command.py:371} INFO - Running <TaskInstance: weather_data.check_weather_krd manual__2022-09-03T11:40:14.328831+00:00 [running]> on host 3d56073112d8
[2022-09-03T11:40:19.578+0000] {taskinstance.py:1583} INFO - Exporting the following env vars:
AIRFLOW_CTX_DAG_OWNER=***
AIRFLOW_CTX_DAG_ID=weather_data
AIRFLOW_CTX_TASK_ID=check_weather_krd
AIRFLOW_CTX_EXECUTION_DATE=2022-09-03T11:40:14.328831+00:00
AIRFLOW_CTX_TRY_NUMBER=1
AIRFLOW_CTX_DAG_RUN_ID=manual__2022-09-03T11:40:14.328831+00:00
[2022-09-03T11:40:19.648+0000] {python.py:173} INFO - Done. Returned value was: None
[2022-09-03T11:40:19.657+0000] {taskinstance.py:1412} INFO - Marking task as SUCCESS. dag_id=weather_data, task_id=check_weather_krd, execution_date=20220903T114014, start_date=20220903T114019, end_date=20220903T114019
[2022-09-03T11:40:19.669+0000] {local_task_job.py:156} INFO - Task exited with return code 0
[2022-09-03T11:40:19.693+0000] {local_task_job.py:279} INFO - 1 downstream tasks scheduled from follow-on schedule check
