[2022-09-03T08:57:14.781+0000] {taskinstance.py:1171} INFO - Dependencies all met for <TaskInstance: weather_data.check_weather manual__2022-09-03T08:57:12.880903+00:00 [queued]>
[2022-09-03T08:57:14.788+0000] {taskinstance.py:1171} INFO - Dependencies all met for <TaskInstance: weather_data.check_weather manual__2022-09-03T08:57:12.880903+00:00 [queued]>
[2022-09-03T08:57:14.788+0000] {taskinstance.py:1368} INFO - 
--------------------------------------------------------------------------------
[2022-09-03T08:57:14.790+0000] {taskinstance.py:1369} INFO - Starting attempt 1 of 1
[2022-09-03T08:57:14.791+0000] {taskinstance.py:1370} INFO - 
--------------------------------------------------------------------------------
[2022-09-03T08:57:14.799+0000] {taskinstance.py:1389} INFO - Executing <Task(PythonOperator): check_weather> on 2022-09-03 08:57:12.880903+00:00
[2022-09-03T08:57:14.804+0000] {standard_task_runner.py:52} INFO - Started process 2230 to run task
[2022-09-03T08:57:14.806+0000] {standard_task_runner.py:79} INFO - Running: ['***', 'tasks', 'run', 'weather_data', 'check_weather', 'manual__2022-09-03T08:57:12.880903+00:00', '--job-id', '29', '--raw', '--subdir', 'DAGS_FOLDER/first_dag.py', '--cfg-path', '/tmp/tmprlkl2_7u', '--error-file', '/tmp/tmpu8wniyue']
[2022-09-03T08:57:14.808+0000] {standard_task_runner.py:80} INFO - Job 29: Subtask check_weather
[2022-09-03T08:57:14.856+0000] {task_command.py:371} INFO - Running <TaskInstance: weather_data.check_weather manual__2022-09-03T08:57:12.880903+00:00 [running]> on host 3d56073112d8
[2022-09-03T08:57:14.903+0000] {taskinstance.py:1583} INFO - Exporting the following env vars:
AIRFLOW_CTX_DAG_OWNER=***
AIRFLOW_CTX_DAG_ID=weather_data
AIRFLOW_CTX_TASK_ID=check_weather
AIRFLOW_CTX_EXECUTION_DATE=2022-09-03T08:57:12.880903+00:00
AIRFLOW_CTX_TRY_NUMBER=1
AIRFLOW_CTX_DAG_RUN_ID=manual__2022-09-03T08:57:12.880903+00:00
[2022-09-03T08:57:14.911+0000] {python.py:173} INFO - Done. Returned value was: <class 'dict'>
[2022-09-03T08:57:14.917+0000] {xcom.py:586} ERROR - Could not serialize the XCom value into JSON. If you are using pickle instead of JSON for XCom, then you need to enable pickle support for XCom in your *** config.
[2022-09-03T08:57:14.918+0000] {taskinstance.py:1902} ERROR - Task failed with exception
Traceback (most recent call last):
  File "/home/airflow/.local/lib/python3.7/site-packages/airflow/utils/session.py", line 68, in wrapper
    return func(*args, **kwargs)
  File "/home/airflow/.local/lib/python3.7/site-packages/airflow/models/taskinstance.py", line 2405, in xcom_push
    session=session,
  File "/home/airflow/.local/lib/python3.7/site-packages/airflow/utils/session.py", line 68, in wrapper
    return func(*args, **kwargs)
  File "/home/airflow/.local/lib/python3.7/site-packages/airflow/models/xcom.py", line 198, in set
    map_index=map_index,
  File "/home/airflow/.local/lib/python3.7/site-packages/airflow/models/xcom.py", line 583, in serialize_value
    return json.dumps(value).encode('UTF-8')
  File "/usr/local/lib/python3.7/json/__init__.py", line 231, in dumps
    return _default_encoder.encode(obj)
  File "/usr/local/lib/python3.7/json/encoder.py", line 199, in encode
    chunks = self.iterencode(o, _one_shot=True)
  File "/usr/local/lib/python3.7/json/encoder.py", line 257, in iterencode
    return _iterencode(o, 0)
  File "/usr/local/lib/python3.7/json/encoder.py", line 179, in default
    raise TypeError(f'Object of type {o.__class__.__name__} '
TypeError: Object of type type is not JSON serializable
[2022-09-03T08:57:14.925+0000] {taskinstance.py:1412} INFO - Marking task as FAILED. dag_id=weather_data, task_id=check_weather, execution_date=20220903T085712, start_date=20220903T085714, end_date=20220903T085714
[2022-09-03T08:57:14.932+0000] {standard_task_runner.py:97} ERROR - Failed to execute job 29 for task check_weather (Object of type type is not JSON serializable; 2230)
[2022-09-03T08:57:14.979+0000] {local_task_job.py:156} INFO - Task exited with return code 1
[2022-09-03T08:57:15.001+0000] {local_task_job.py:279} INFO - 0 downstream tasks scheduled from follow-on schedule check
