[2022-09-03T11:31:17.621+0000] {taskinstance.py:1171} INFO - Dependencies all met for <TaskInstance: weather_data.drop_table manual__2022-09-03T11:31:16.595958+00:00 [queued]>
[2022-09-03T11:31:17.628+0000] {taskinstance.py:1171} INFO - Dependencies all met for <TaskInstance: weather_data.drop_table manual__2022-09-03T11:31:16.595958+00:00 [queued]>
[2022-09-03T11:31:17.629+0000] {taskinstance.py:1368} INFO - 
--------------------------------------------------------------------------------
[2022-09-03T11:31:17.630+0000] {taskinstance.py:1369} INFO - Starting attempt 1 of 1
[2022-09-03T11:31:17.631+0000] {taskinstance.py:1370} INFO - 
--------------------------------------------------------------------------------
[2022-09-03T11:31:17.646+0000] {taskinstance.py:1389} INFO - Executing <Task(PostgresOperator): drop_table> on 2022-09-03 11:31:16.595958+00:00
[2022-09-03T11:31:17.652+0000] {standard_task_runner.py:52} INFO - Started process 10285 to run task
[2022-09-03T11:31:17.662+0000] {standard_task_runner.py:79} INFO - Running: ['***', 'tasks', 'run', 'weather_data', 'drop_table', 'manual__2022-09-03T11:31:16.595958+00:00', '--job-id', '180', '--raw', '--subdir', 'DAGS_FOLDER/first_dag.py', '--cfg-path', '/tmp/tmpbky409a2', '--error-file', '/tmp/tmpwv7_9cm6']
[2022-09-03T11:31:17.666+0000] {standard_task_runner.py:80} INFO - Job 180: Subtask drop_table
[2022-09-03T11:31:17.744+0000] {task_command.py:371} INFO - Running <TaskInstance: weather_data.drop_table manual__2022-09-03T11:31:16.595958+00:00 [running]> on host 3d56073112d8
[2022-09-03T11:31:17.814+0000] {taskinstance.py:1583} INFO - Exporting the following env vars:
AIRFLOW_CTX_DAG_OWNER=***
AIRFLOW_CTX_DAG_ID=weather_data
AIRFLOW_CTX_TASK_ID=drop_table
AIRFLOW_CTX_EXECUTION_DATE=2022-09-03T11:31:16.595958+00:00
AIRFLOW_CTX_TRY_NUMBER=1
AIRFLOW_CTX_DAG_RUN_ID=manual__2022-09-03T11:31:16.595958+00:00
[2022-09-03T11:31:17.823+0000] {base.py:68} INFO - Using connection ID 'postgres_default' for task execution.
[2022-09-03T11:31:17.827+0000] {sql.py:315} INFO - Running statement: drop table if exists weather, parameters: None
[2022-09-03T11:31:17.846+0000] {taskinstance.py:1412} INFO - Marking task as SUCCESS. dag_id=weather_data, task_id=drop_table, execution_date=20220903T113116, start_date=20220903T113117, end_date=20220903T113117
[2022-09-03T11:31:17.874+0000] {local_task_job.py:156} INFO - Task exited with return code 0
[2022-09-03T11:31:17.907+0000] {local_task_job.py:279} INFO - 1 downstream tasks scheduled from follow-on schedule check
