[2022-09-03T08:55:16.152+0000] {taskinstance.py:1171} INFO - Dependencies all met for <TaskInstance: weather_data.greeting manual__2022-09-03T08:55:15.757828+00:00 [queued]>
[2022-09-03T08:55:16.164+0000] {taskinstance.py:1171} INFO - Dependencies all met for <TaskInstance: weather_data.greeting manual__2022-09-03T08:55:15.757828+00:00 [queued]>
[2022-09-03T08:55:16.166+0000] {taskinstance.py:1368} INFO - 
--------------------------------------------------------------------------------
[2022-09-03T08:55:16.167+0000] {taskinstance.py:1369} INFO - Starting attempt 1 of 1
[2022-09-03T08:55:16.168+0000] {taskinstance.py:1370} INFO - 
--------------------------------------------------------------------------------
[2022-09-03T08:55:16.176+0000] {taskinstance.py:1389} INFO - Executing <Task(BashOperator): greeting> on 2022-09-03 08:55:15.757828+00:00
[2022-09-03T08:55:16.181+0000] {standard_task_runner.py:52} INFO - Started process 2129 to run task
[2022-09-03T08:55:16.183+0000] {standard_task_runner.py:79} INFO - Running: ['***', 'tasks', 'run', 'weather_data', 'greeting', 'manual__2022-09-03T08:55:15.757828+00:00', '--job-id', '24', '--raw', '--subdir', 'DAGS_FOLDER/first_dag.py', '--cfg-path', '/tmp/tmp5yh72_wg', '--error-file', '/tmp/tmpqtsna6m3']
[2022-09-03T08:55:16.184+0000] {standard_task_runner.py:80} INFO - Job 24: Subtask greeting
[2022-09-03T08:55:16.230+0000] {task_command.py:371} INFO - Running <TaskInstance: weather_data.greeting manual__2022-09-03T08:55:15.757828+00:00 [running]> on host 3d56073112d8
[2022-09-03T08:55:16.275+0000] {taskinstance.py:1583} INFO - Exporting the following env vars:
AIRFLOW_CTX_DAG_OWNER=***
AIRFLOW_CTX_DAG_ID=weather_data
AIRFLOW_CTX_TASK_ID=greeting
AIRFLOW_CTX_EXECUTION_DATE=2022-09-03T08:55:15.757828+00:00
AIRFLOW_CTX_TRY_NUMBER=1
AIRFLOW_CTX_DAG_RUN_ID=manual__2022-09-03T08:55:15.757828+00:00
[2022-09-03T08:55:16.278+0000] {subprocess.py:62} INFO - Tmp dir root location: 
 /tmp
[2022-09-03T08:55:16.279+0000] {subprocess.py:74} INFO - Running command: ['/bin/bash', '-c', 'echo Hello']
[2022-09-03T08:55:16.287+0000] {subprocess.py:85} INFO - Output:
[2022-09-03T08:55:16.290+0000] {subprocess.py:92} INFO - Hello
[2022-09-03T08:55:16.291+0000] {subprocess.py:96} INFO - Command exited with return code 0
[2022-09-03T08:55:16.310+0000] {taskinstance.py:1412} INFO - Marking task as SUCCESS. dag_id=weather_data, task_id=greeting, execution_date=20220903T085515, start_date=20220903T085516, end_date=20220903T085516
[2022-09-03T08:55:16.356+0000] {local_task_job.py:156} INFO - Task exited with return code 0
[2022-09-03T08:55:16.382+0000] {local_task_job.py:279} INFO - 1 downstream tasks scheduled from follow-on schedule check
