[2022-09-03T11:32:38.508+0000] {taskinstance.py:1171} INFO - Dependencies all met for <TaskInstance: weather_data.getting_weather_mkp manual__2022-09-03T11:32:37.489079+00:00 [queued]>
[2022-09-03T11:32:38.516+0000] {taskinstance.py:1171} INFO - Dependencies all met for <TaskInstance: weather_data.getting_weather_mkp manual__2022-09-03T11:32:37.489079+00:00 [queued]>
[2022-09-03T11:32:38.517+0000] {taskinstance.py:1368} INFO - 
--------------------------------------------------------------------------------
[2022-09-03T11:32:38.518+0000] {taskinstance.py:1369} INFO - Starting attempt 1 of 1
[2022-09-03T11:32:38.519+0000] {taskinstance.py:1370} INFO - 
--------------------------------------------------------------------------------
[2022-09-03T11:32:38.528+0000] {taskinstance.py:1389} INFO - Executing <Task(SimpleHttpOperator): getting_weather_mkp> on 2022-09-03 11:32:37.489079+00:00
[2022-09-03T11:32:38.533+0000] {standard_task_runner.py:52} INFO - Started process 10364 to run task
[2022-09-03T11:32:38.535+0000] {standard_task_runner.py:79} INFO - Running: ['***', 'tasks', 'run', 'weather_data', 'getting_weather_mkp', 'manual__2022-09-03T11:32:37.489079+00:00', '--job-id', '188', '--raw', '--subdir', 'DAGS_FOLDER/first_dag.py', '--cfg-path', '/tmp/tmplzcum29_', '--error-file', '/tmp/tmpf19tcoq2']
[2022-09-03T11:32:38.536+0000] {standard_task_runner.py:80} INFO - Job 188: Subtask getting_weather_mkp
[2022-09-03T11:32:38.583+0000] {task_command.py:371} INFO - Running <TaskInstance: weather_data.getting_weather_mkp manual__2022-09-03T11:32:37.489079+00:00 [running]> on host 3d56073112d8
[2022-09-03T11:32:38.635+0000] {taskinstance.py:1583} INFO - Exporting the following env vars:
AIRFLOW_CTX_DAG_OWNER=***
AIRFLOW_CTX_DAG_ID=weather_data
AIRFLOW_CTX_TASK_ID=getting_weather_mkp
AIRFLOW_CTX_EXECUTION_DATE=2022-09-03T11:32:37.489079+00:00
AIRFLOW_CTX_TRY_NUMBER=1
AIRFLOW_CTX_DAG_RUN_ID=manual__2022-09-03T11:32:37.489079+00:00
[2022-09-03T11:32:38.637+0000] {http.py:121} INFO - Calling HTTP method
[2022-09-03T11:32:38.642+0000] {base.py:68} INFO - Using connection ID 'http_default' for task execution.
[2022-09-03T11:32:38.645+0000] {http.py:148} INFO - Sending 'GET' to url: http://api.openweathermap.org/data/2.5/weather
[2022-09-03T11:32:38.818+0000] {taskinstance.py:1412} INFO - Marking task as SUCCESS. dag_id=weather_data, task_id=getting_weather_mkp, execution_date=20220903T113237, start_date=20220903T113238, end_date=20220903T113238
[2022-09-03T11:32:38.836+0000] {local_task_job.py:156} INFO - Task exited with return code 0
[2022-09-03T11:32:38.857+0000] {local_task_job.py:279} INFO - 0 downstream tasks scheduled from follow-on schedule check
