[2022-09-03T11:34:00.558+0000] {taskinstance.py:1171} INFO - Dependencies all met for <TaskInstance: weather_data.check_weather_krd manual__2022-09-03T11:33:57.359755+00:00 [queued]>
[2022-09-03T11:34:00.564+0000] {taskinstance.py:1171} INFO - Dependencies all met for <TaskInstance: weather_data.check_weather_krd manual__2022-09-03T11:33:57.359755+00:00 [queued]>
[2022-09-03T11:34:00.565+0000] {taskinstance.py:1368} INFO - 
--------------------------------------------------------------------------------
[2022-09-03T11:34:00.566+0000] {taskinstance.py:1369} INFO - Starting attempt 1 of 1
[2022-09-03T11:34:00.567+0000] {taskinstance.py:1370} INFO - 
--------------------------------------------------------------------------------
[2022-09-03T11:34:00.574+0000] {taskinstance.py:1389} INFO - Executing <Task(PythonOperator): check_weather_krd> on 2022-09-03 11:33:57.359755+00:00
[2022-09-03T11:34:00.578+0000] {standard_task_runner.py:52} INFO - Started process 10455 to run task
[2022-09-03T11:34:00.581+0000] {standard_task_runner.py:79} INFO - Running: ['***', 'tasks', 'run', 'weather_data', 'check_weather_krd', 'manual__2022-09-03T11:33:57.359755+00:00', '--job-id', '202', '--raw', '--subdir', 'DAGS_FOLDER/first_dag.py', '--cfg-path', '/tmp/tmp3yqny5e3', '--error-file', '/tmp/tmpmnp2pznb']
[2022-09-03T11:34:00.582+0000] {standard_task_runner.py:80} INFO - Job 202: Subtask check_weather_krd
[2022-09-03T11:34:00.681+0000] {task_command.py:371} INFO - Running <TaskInstance: weather_data.check_weather_krd manual__2022-09-03T11:33:57.359755+00:00 [running]> on host 3d56073112d8
[2022-09-03T11:34:00.741+0000] {taskinstance.py:1583} INFO - Exporting the following env vars:
AIRFLOW_CTX_DAG_OWNER=***
AIRFLOW_CTX_DAG_ID=weather_data
AIRFLOW_CTX_TASK_ID=check_weather_krd
AIRFLOW_CTX_EXECUTION_DATE=2022-09-03T11:33:57.359755+00:00
AIRFLOW_CTX_TRY_NUMBER=1
AIRFLOW_CTX_DAG_RUN_ID=manual__2022-09-03T11:33:57.359755+00:00
[2022-09-03T11:34:00.817+0000] {python.py:173} INFO - Done. Returned value was: None
[2022-09-03T11:34:00.825+0000] {taskinstance.py:1412} INFO - Marking task as SUCCESS. dag_id=weather_data, task_id=check_weather_krd, execution_date=20220903T113357, start_date=20220903T113400, end_date=20220903T113400
[2022-09-03T11:34:00.845+0000] {local_task_job.py:156} INFO - Task exited with return code 0
[2022-09-03T11:34:00.867+0000] {local_task_job.py:279} INFO - 1 downstream tasks scheduled from follow-on schedule check
