[2022-09-03T10:46:04.370+0000] {taskinstance.py:1171} INFO - Dependencies all met for <TaskInstance: weather_data.weather_for_Maikop manual__2022-09-03T10:46:03.433055+00:00 [queued]>
[2022-09-03T10:46:04.377+0000] {taskinstance.py:1171} INFO - Dependencies all met for <TaskInstance: weather_data.weather_for_Maikop manual__2022-09-03T10:46:03.433055+00:00 [queued]>
[2022-09-03T10:46:04.378+0000] {taskinstance.py:1368} INFO - 
--------------------------------------------------------------------------------
[2022-09-03T10:46:04.379+0000] {taskinstance.py:1369} INFO - Starting attempt 1 of 1
[2022-09-03T10:46:04.379+0000] {taskinstance.py:1370} INFO - 
--------------------------------------------------------------------------------
[2022-09-03T10:46:04.387+0000] {taskinstance.py:1389} INFO - Executing <Task(BashOperator): weather_for_Maikop> on 2022-09-03 10:46:03.433055+00:00
[2022-09-03T10:46:04.391+0000] {standard_task_runner.py:52} INFO - Started process 7897 to run task
[2022-09-03T10:46:04.394+0000] {standard_task_runner.py:79} INFO - Running: ['***', 'tasks', 'run', 'weather_data', 'weather_for_Maikop', 'manual__2022-09-03T10:46:03.433055+00:00', '--job-id', '129', '--raw', '--subdir', 'DAGS_FOLDER/first_dag.py', '--cfg-path', '/tmp/tmp5dr5yw29', '--error-file', '/tmp/tmpxit0lt6n']
[2022-09-03T10:46:04.395+0000] {standard_task_runner.py:80} INFO - Job 129: Subtask weather_for_Maikop
[2022-09-03T10:46:04.436+0000] {task_command.py:371} INFO - Running <TaskInstance: weather_data.weather_for_Maikop manual__2022-09-03T10:46:03.433055+00:00 [running]> on host 3d56073112d8
[2022-09-03T10:46:04.479+0000] {taskinstance.py:1583} INFO - Exporting the following env vars:
AIRFLOW_CTX_DAG_OWNER=***
AIRFLOW_CTX_DAG_ID=weather_data
AIRFLOW_CTX_TASK_ID=weather_for_Maikop
AIRFLOW_CTX_EXECUTION_DATE=2022-09-03T10:46:03.433055+00:00
AIRFLOW_CTX_TRY_NUMBER=1
AIRFLOW_CTX_DAG_RUN_ID=manual__2022-09-03T10:46:03.433055+00:00
[2022-09-03T10:46:04.481+0000] {subprocess.py:62} INFO - Tmp dir root location: 
 /tmp
[2022-09-03T10:46:04.482+0000] {subprocess.py:74} INFO - Running command: ['/bin/bash', '-c', 'echo Getting weather for Maikop']
[2022-09-03T10:46:04.490+0000] {subprocess.py:85} INFO - Output:
[2022-09-03T10:46:04.493+0000] {subprocess.py:92} INFO - Getting weather for Maikop
[2022-09-03T10:46:04.494+0000] {subprocess.py:96} INFO - Command exited with return code 0
[2022-09-03T10:46:04.513+0000] {taskinstance.py:1412} INFO - Marking task as SUCCESS. dag_id=weather_data, task_id=weather_for_Maikop, execution_date=20220903T104603, start_date=20220903T104604, end_date=20220903T104604
[2022-09-03T10:46:04.568+0000] {local_task_job.py:156} INFO - Task exited with return code 0
[2022-09-03T10:46:04.593+0000] {local_task_job.py:279} INFO - 1 downstream tasks scheduled from follow-on schedule check
